Re-optimizing dependencies because lockfile has changed

  VITE v5.4.14  ready in 513 ms

  ➜  Local:   http://localhost:5173/
  ➜  Network: use --host to expose
[replit-cartographer] Error processing /home/runner/workspace/client/src/main.tsx: TypeError: traverse is not a function
    at TransformPluginContext.transform (file:///home/runner/workspace/node_modules/@replit/vite-plugin-cartographer/dist/index.mjs:53:9)
    at async PluginContainer.transform (file:///home/runner/workspace/node_modules/vite/dist/node/chunks/dep-CHZK6zbr.js:49098:18)
    at async loadAndTransform (file:///home/runner/workspace/node_modules/vite/dist/node/chunks/dep-CHZK6zbr.js:51931:27)
[replit-cartographer] Error processing /home/runner/workspace/client/src/App.tsx: TypeError: traverse is not a function
    at TransformPluginContext.transform (file:///home/runner/workspace/node_modules/@replit/vite-plugin-cartographer/dist/index.mjs:53:9)
    at async PluginContainer.transform (file:///home/runner/workspace/node_modules/vite/dist/node/chunks/dep-CHZK6zbr.js:49098:18)
    at async loadAndTransform (file:///home/runner/workspace/node_modules/vite/dist/node/chunks/dep-CHZK6zbr.js:51931:27)
[replit-cartographer] Error processing /home/runner/workspace/client/src/components/error-boundary.tsx: TypeError: traverse is not a function
    at TransformPluginContext.transform (file:///home/runner/workspace/node_modules/@replit/vite-plugin-cartographer/dist/index.mjs:53:9)
    at async PluginContainer.transform (file:///home/runner/workspace/node_modules/vite/dist/node/chunks/dep-CHZK6zbr.js:49098:18)
    at async loadAndTransform (file:///home/runner/workspace/node_modules/vite/dist/node/chunks/dep-CHZK6zbr.js:51931:27)
[replit-cartographer] Error processing /home/runner/workspace/client/src/context/MobileContext.tsx: TypeError: traverse is not a function
    at TransformPluginContext.transform (file:///home/runner/workspace/node_modules/@replit/vite-plugin-cartographer/dist/index.mjs:53:9)
    at async PluginContainer.transform (file:///home/runner/workspace/node_modules/vite/dist/node/chunks/dep-CHZK6zbr.js:49098:18)
    at async loadAndTransform (file:///home/runner/workspace/node_modules/vite/dist/node/chunks/dep-CHZK6zbr.js:51931:27)
[replit-cartographer] Error processing /home/runner/workspace/client/src/components/layout/sidebar.tsx: TypeError: traverse is not a function
    at TransformPluginContext.transform (file:///home/runner/workspace/node_modules/@replit/vite-plugin-cartographer/dist/index.mjs:53:9)
    at async PluginContainer.transform (file:///home/runner/workspace/node_modules/vite/dist/node/chunks/dep-CHZK6zbr.js:49098:18)
    at async loadAndTransform (file:///home/runner/workspace/node_modules/vite/dist/node/chunks/dep-CHZK6zbr.js:51931:27)
[replit-cartographer] Error processing /home/runner/workspace/client/src/components/layout/mobile-nav.tsx: TypeError: traverse is not a function
    at TransformPluginContext.transform (file:///home/runner/workspace/node_modules/@replit/vite-plugin-cartographer/dist/index.mjs:53:9)
    at async PluginContainer.transform (file:///home/runner/workspace/node_modules/vite/dist/node/chunks/dep-CHZK6zbr.js:49098:18)
    at async loadAndTransform (file:///home/runner/workspace/node_modules/vite/dist/node/chunks/dep-CHZK6zbr.js:51931:27)
[replit-cartographer] Error processing /home/runner/workspace/client/src/components/layout/child-view-banner.tsx: TypeError: traverse is not a function
    at TransformPluginContext.transform (file:///home/runner/workspace/node_modules/@replit/vite-plugin-cartographer/dist/index.mjs:53:9)
    at async PluginContainer.transform (file:///home/runner/workspace/node_modules/vite/dist/node/chunks/dep-CHZK6zbr.js:49098:18)
    at async loadAndTransform (file:///home/runner/workspace/node_modules/vite/dist/node/chunks/dep-CHZK6zbr.js:51931:27)
[replit-cartographer] Error processing /home/runner/workspace/client/src/components/ui/toaster.tsx: TypeError: traverse is not a function
    at TransformPluginContext.transform (file:///home/runner/workspace/node_modules/@replit/vite-plugin-cartographer/dist/index.mjs:53:9)
    at async PluginContainer.transform (file:///home/runner/workspace/node_modules/vite/dist/node/chunks/dep-CHZK6zbr.js:49098:18)
    at async loadAndTransform (file:///home/runner/workspace/node_modules/vite/dist/node/chunks/dep-CHZK6zbr.js:51931:27)
[replit-cartographer] Error processing /home/runner/workspace/client/src/components/websocket-debug-monitor.tsx: TypeError: traverse is not a function
    at TransformPluginContext.transform (file:///home/runner/workspace/node_modules/@replit/vite-plugin-cartographer/dist/index.mjs:53:9)
    at async PluginContainer.transform (file:///home/runner/workspace/node_modules/vite/dist/node/chunks/dep-CHZK6zbr.js:49098:18)
    at async loadAndTransform (file:///home/runner/workspace/node_modules/vite/dist/node/chunks/dep-CHZK6zbr.js:51931:27)
[replit-cartographer] Error processing /home/runner/workspace/client/src/components/ui/tooltip.tsx: TypeError: traverse is not a function
    at TransformPluginContext.transform (file:///home/runner/workspace/node_modules/@replit/vite-plugin-cartographer/dist/index.mjs:53:9)
    at async PluginContainer.transform (file:///home/runner/workspace/node_modules/vite/dist/node/chunks/dep-CHZK6zbr.js:49098:18)
    at async loadAndTransform (file:///home/runner/workspace/node_modules/vite/dist/node/chunks/dep-CHZK6zbr.js:51931:27)
[replit-cartographer] Error processing /home/runner/workspace/client/src/components/theme-provider.tsx: TypeError: traverse is not a function
    at TransformPluginContext.transform (file:///home/runner/workspace/node_modules/@replit/vite-plugin-cartographer/dist/index.mjs:53:9)
    at async PluginContainer.transform (file:///home/runner/workspace/node_modules/vite/dist/node/chunks/dep-CHZK6zbr.js:49098:18)
    at async loadAndTransform (file:///home/runner/workspace/node_modules/vite/dist/node/chunks/dep-CHZK6zbr.js:51931:27)
[replit-cartographer] Error processing /home/runner/workspace/client/src/pages/not-found.tsx: TypeError: traverse is not a function
    at TransformPluginContext.transform (file:///home/runner/workspace/node_modules/@replit/vite-plugin-cartographer/dist/index.mjs:53:9)
    at async PluginContainer.transform (file:///home/runner/workspace/node_modules/vite/dist/node/chunks/dep-CHZK6zbr.js:49098:18)
    at async loadAndTransform (file:///home/runner/workspace/node_modules/vite/dist/node/chunks/dep-CHZK6zbr.js:51931:27)
[replit-cartographer] Error processing /home/runner/workspace/client/src/pages/dashboard.tsx: TypeError: traverse is not a function
    at TransformPluginContext.transform (file:///home/runner/workspace/node_modules/@replit/vite-plugin-cartographer/dist/index.mjs:53:9)
    at async PluginContainer.transform (file:///home/runner/workspace/node_modules/vite/dist/node/chunks/dep-CHZK6zbr.js:49098:18)
    at async loadAndTransform (file:///home/runner/workspace/node_modules/vite/dist/node/chunks/dep-CHZK6zbr.js:51931:27)
[replit-cartographer] Error processing /home/runner/workspace/client/src/pages/parent-dashboard.tsx: TypeError: traverse is not a function
    at TransformPluginContext.transform (file:///home/runner/workspace/node_modules/@replit/vite-plugin-cartographer/dist/index.mjs:53:9)
    at async PluginContainer.transform (file:///home/runner/workspace/node_modules/vite/dist/node/chunks/dep-CHZK6zbr.js:49098:18)
    at async loadAndTransform (file:///home/runner/workspace/node_modules/vite/dist/node/chunks/dep-CHZK6zbr.js:51931:27)
[replit-cartographer] Error processing /home/runner/workspace/client/src/pages/login.tsx: TypeError: traverse is not a function
    at TransformPluginContext.transform (file:///home/runner/workspace/node_modules/@replit/vite-plugin-cartographer/dist/index.mjs:53:9)
    at async PluginContainer.transform (file:///home/runner/workspace/node_modules/vite/dist/node/chunks/dep-CHZK6zbr.js:49098:18)
    at async loadAndTransform (file:///home/runner/workspace/node_modules/vite/dist/node/chunks/dep-CHZK6zbr.js:51931:27)
[replit-cartographer] Error processing /home/runner/workspace/client/src/pages/chores.tsx: TypeError: traverse is not a function
    at TransformPluginContext.transform (file:///home/runner/workspace/node_modules/@replit/vite-plugin-cartographer/dist/index.mjs:53:9)
    at async PluginContainer.transform (file:///home/runner/workspace/node_modules/vite/dist/node/chunks/dep-CHZK6zbr.js:49098:18)
    at async loadAndTransform (file:///home/runner/workspace/node_modules/vite/dist/node/chunks/dep-CHZK6zbr.js:51931:27)
[replit-cartographer] Error processing /home/runner/workspace/client/src/pages/family-catalog.tsx: TypeError: traverse is not a function
    at TransformPluginContext.transform (file:///home/runner/workspace/node_modules/@replit/vite-plugin-cartographer/dist/index.mjs:53:9)
    at async PluginContainer.transform (file:///home/runner/workspace/node_modules/vite/dist/node/chunks/dep-CHZK6zbr.js:49098:18)
    at async loadAndTransform (file:///home/runner/workspace/node_modules/vite/dist/node/chunks/dep-CHZK6zbr.js:51931:27)
[replit-cartographer] Error processing /home/runner/workspace/client/src/pages/transactions.tsx: TypeError: traverse is not a function
    at TransformPluginContext.transform (file:///home/runner/workspace/node_modules/@replit/vite-plugin-cartographer/dist/index.mjs:53:9)
    at async PluginContainer.transform (file:///home/runner/workspace/node_modules/vite/dist/node/chunks/dep-CHZK6zbr.js:49098:18)
    at async loadAndTransform (file:///home/runner/workspace/node_modules/vite/dist/node/chunks/dep-CHZK6zbr.js:51931:27)
[replit-cartographer] Error processing /home/runner/workspace/client/src/pages/bonus-management.tsx: TypeError: traverse is not a function
    at TransformPluginContext.transform (file:///home/runner/workspace/node_modules/@replit/vite-plugin-cartographer/dist/index.mjs:53:9)
    at async PluginContainer.transform (file:///home/runner/workspace/node_modules/vite/dist/node/chunks/dep-CHZK6zbr.js:49098:18)
    at async loadAndTransform (file:///home/runner/workspace/node_modules/vite/dist/node/chunks/dep-CHZK6zbr.js:51931:27)
[replit-cartographer] Error processing /home/runner/workspace/client/src/pages/debug.tsx: TypeError: traverse is not a function
    at TransformPluginContext.transform (file:///home/runner/workspace/node_modules/@replit/vite-plugin-cartographer/dist/index.mjs:53:9)
    at async PluginContainer.transform (file:///home/runner/workspace/node_modules/vite/dist/node/chunks/dep-CHZK6zbr.js:49098:18)
    at async loadAndTransform (file:///home/runner/workspace/node_modules/vite/dist/node/chunks/dep-CHZK6zbr.js:51931:27)
[replit-cartographer] Error processing /home/runner/workspace/client/src/pages/debug-chore.tsx: TypeError: traverse is not a function
    at TransformPluginContext.transform (file:///home/runner/workspace/node_modules/@replit/vite-plugin-cartographer/dist/index.mjs:53:9)
    at async PluginContainer.transform (file:///home/runner/workspace/node_modules/vite/dist/node/chunks/dep-CHZK6zbr.js:49098:18)
    at async loadAndTransform (file:///home/runner/workspace/node_modules/vite/dist/node/chunks/dep-CHZK6zbr.js:51931:27)
[replit-cartographer] Error processing /home/runner/workspace/client/src/pages/manage-children.tsx: TypeError: traverse is not a function
    at TransformPluginContext.transform (file:///home/runner/workspace/node_modules/@replit/vite-plugin-cartographer/dist/index.mjs:53:9)
    at async PluginContainer.transform (file:///home/runner/workspace/node_modules/vite/dist/node/chunks/dep-CHZK6zbr.js:49098:18)
    at async loadAndTransform (file:///home/runner/workspace/node_modules/vite/dist/node/chunks/dep-CHZK6zbr.js:51931:27)
Browserslist: browsers data (caniuse-lite) is 7 months old. Please run:
  npx update-browserslist-db@latest
  Why you should do it regularly: https://github.com/browserslist/update-db#readme
[replit-cartographer] Error processing /home/runner/workspace/client/src/components/ui/button.tsx: TypeError: traverse is not a function
    at TransformPluginContext.transform (file:///home/runner/workspace/node_modules/@replit/vite-plugin-cartographer/dist/index.mjs:53:9)
    at async PluginContainer.transform (file:///home/runner/workspace/node_modules/vite/dist/node/chunks/dep-CHZK6zbr.js:49098:18)
    at async loadAndTransform (file:///home/runner/workspace/node_modules/vite/dist/node/chunks/dep-CHZK6zbr.js:51931:27)
[replit-cartographer] Error processing /home/runner/workspace/client/src/components/account-switcher.tsx: TypeError: traverse is not a function
    at TransformPluginContext.transform (file:///home/runner/workspace/node_modules/@replit/vite-plugin-cartographer/dist/index.mjs:53:9)
    at async PluginContainer.transform (file:///home/runner/workspace/node_modules/vite/dist/node/chunks/dep-CHZK6zbr.js:49098:18)
    at async loadAndTransform (file:///home/runner/workspace/node_modules/vite/dist/node/chunks/dep-CHZK6zbr.js:51931:27)
[replit-cartographer] Error processing /home/runner/workspace/client/src/components/ui/avatar.tsx: TypeError: traverse is not a function
    at TransformPluginContext.transform (file:///home/runner/workspace/node_modules/@replit/vite-plugin-cartographer/dist/index.mjs:53:9)
    at async PluginContainer.transform (file:///home/runner/workspace/node_modules/vite/dist/node/chunks/dep-CHZK6zbr.js:49098:18)
    at async loadAndTransform (file:///home/runner/workspace/node_modules/vite/dist/node/chunks/dep-CHZK6zbr.js:51931:27)
[replit-cartographer] Error processing /home/runner/workspace/client/src/components/ui/toast.tsx: TypeError: traverse is not a function
    at TransformPluginContext.transform (file:///home/runner/workspace/node_modules/@replit/vite-plugin-cartographer/dist/index.mjs:53:9)
    at async PluginContainer.transform (file:///home/runner/workspace/node_modules/vite/dist/node/chunks/dep-CHZK6zbr.js:49098:18)
    at async loadAndTransform (file:///home/runner/workspace/node_modules/vite/dist/node/chunks/dep-CHZK6zbr.js:51931:27)
[replit-cartographer] Error processing /home/runner/workspace/client/src/components/ui/badge.tsx: TypeError: traverse is not a function
    at TransformPluginContext.transform (file:///home/runner/workspace/node_modules/@replit/vite-plugin-cartographer/dist/index.mjs:53:9)
    at async PluginContainer.transform (file:///home/runner/workspace/node_modules/vite/dist/node/chunks/dep-CHZK6zbr.js:49098:18)
    at async loadAndTransform (file:///home/runner/workspace/node_modules/vite/dist/node/chunks/dep-CHZK6zbr.js:51931:27)
[replit-cartographer] Error processing /home/runner/workspace/client/src/components/ui/sheet.tsx: TypeError: traverse is not a function
    at TransformPluginContext.transform (file:///home/runner/workspace/node_modules/@replit/vite-plugin-cartographer/dist/index.mjs:53:9)
    at async PluginContainer.transform (file:///home/runner/workspace/node_modules/vite/dist/node/chunks/dep-CHZK6zbr.js:49098:18)
    at async loadAndTransform (file:///home/runner/workspace/node_modules/vite/dist/node/chunks/dep-CHZK6zbr.js:51931:27)
[replit-cartographer] Error processing /home/runner/workspace/client/src/components/ui/card.tsx: TypeError: traverse is not a function
    at TransformPluginContext.transform (file:///home/runner/workspace/node_modules/@replit/vite-plugin-cartographer/dist/index.mjs:53:9)
    at async PluginContainer.transform (file:///home/runner/workspace/node_modules/vite/dist/node/chunks/dep-CHZK6zbr.js:49098:18)
    at async loadAndTransform (file:///home/runner/workspace/node_modules/vite/dist/node/chunks/dep-CHZK6zbr.js:51931:27)
[replit-cartographer] Error processing /home/runner/workspace/client/src/components/ui/table.tsx: TypeError: traverse is not a function
    at TransformPluginContext.transform (file:///home/runner/workspace/node_modules/@replit/vite-plugin-cartographer/dist/index.mjs:53:9)
    at async PluginContainer.transform (file:///home/runner/workspace/node_modules/vite/dist/node/chunks/dep-CHZK6zbr.js:49098:18)
    at async loadAndTransform (file:///home/runner/workspace/node_modules/vite/dist/node/chunks/dep-CHZK6zbr.js:51931:27)
[replit-cartographer] Error processing /home/runner/workspace/client/src/components/ui/select.tsx: TypeError: traverse is not a function
    at TransformPluginContext.transform (file:///home/runner/workspace/node_modules/@replit/vite-plugin-cartographer/dist/index.mjs:53:9)
    at async PluginContainer.transform (file:///home/runner/workspace/node_modules/vite/dist/node/chunks/dep-CHZK6zbr.js:49098:18)
    at async loadAndTransform (file:///home/runner/workspace/node_modules/vite/dist/node/chunks/dep-CHZK6zbr.js:51931:27)
[replit-cartographer] Error processing /home/runner/workspace/client/src/components/bonus-badge.tsx: TypeError: traverse is not a function
    at TransformPluginContext.transform (file:///home/runner/workspace/node_modules/@replit/vite-plugin-cartographer/dist/index.mjs:53:9)
    at async PluginContainer.transform (file:///home/runner/workspace/node_modules/vite/dist/node/chunks/dep-CHZK6zbr.js:49098:18)
    at async loadAndTransform (file:///home/runner/workspace/node_modules/vite/dist/node/chunks/dep-CHZK6zbr.js:51931:27)
[replit-cartographer] Error processing /home/runner/workspace/client/src/debug-bonus-wheel.tsx: TypeError: traverse is not a function
    at TransformPluginContext.transform (file:///home/runner/workspace/node_modules/@replit/vite-plugin-cartographer/dist/index.mjs:53:9)
    at async PluginContainer.transform (file:///home/runner/workspace/node_modules/vite/dist/node/chunks/dep-CHZK6zbr.js:49098:18)
    at async loadAndTransform (file:///home/runner/workspace/node_modules/vite/dist/node/chunks/dep-CHZK6zbr.js:51931:27)
[replit-cartographer] Error processing /home/runner/workspace/client/src/components/dialogs/add-child-dialog.tsx: TypeError: traverse is not a function
    at TransformPluginContext.transform (file:///home/runner/workspace/node_modules/@replit/vite-plugin-cartographer/dist/index.mjs:53:9)
    at async PluginContainer.transform (file:///home/runner/workspace/node_modules/vite/dist/node/chunks/dep-CHZK6zbr.js:49098:18)
    at async loadAndTransform (file:///home/runner/workspace/node_modules/vite/dist/node/chunks/dep-CHZK6zbr.js:51931:27)
[replit-cartographer] Error processing /home/runner/workspace/client/src/components/dialogs/edit-child-dialog.tsx: TypeError: traverse is not a function
    at TransformPluginContext.transform (file:///home/runner/workspace/node_modules/@replit/vite-plugin-cartographer/dist/index.mjs:53:9)
    at async PluginContainer.transform (file:///home/runner/workspace/node_modules/vite/dist/node/chunks/dep-CHZK6zbr.js:49098:18)
    at async loadAndTransform (file:///home/runner/workspace/node_modules/vite/dist/node/chunks/dep-CHZK6zbr.js:51931:27)
[replit-cartographer] Error processing /home/runner/workspace/client/src/components/ui/dropdown-menu.tsx: TypeError: traverse is not a function
    at TransformPluginContext.transform (file:///home/runner/workspace/node_modules/@replit/vite-plugin-cartographer/dist/index.mjs:53:9)
    at async PluginContainer.transform (file:///home/runner/workspace/node_modules/vite/dist/node/chunks/dep-CHZK6zbr.js:49098:18)
    at async loadAndTransform (file:///home/runner/workspace/node_modules/vite/dist/node/chunks/dep-CHZK6zbr.js:51931:27)
[replit-cartographer] Error processing /home/runner/workspace/client/src/components/ui/alert-dialog.tsx: TypeError: traverse is not a function
    at TransformPluginContext.transform (file:///home/runner/workspace/node_modules/@replit/vite-plugin-cartographer/dist/index.mjs:53:9)
    at async PluginContainer.transform (file:///home/runner/workspace/node_modules/vite/dist/node/chunks/dep-CHZK6zbr.js:49098:18)
    at async loadAndTransform (file:///home/runner/workspace/node_modules/vite/dist/node/chunks/dep-CHZK6zbr.js:51931:27)
[replit-cartographer] Error processing /home/runner/workspace/client/src/components/shared-catalog.tsx: TypeError: traverse is not a function
    at TransformPluginContext.transform (file:///home/runner/workspace/node_modules/@replit/vite-plugin-cartographer/dist/index.mjs:53:9)
    at async PluginContainer.transform (file:///home/runner/workspace/node_modules/vite/dist/node/chunks/dep-CHZK6zbr.js:49098:18)
    at async loadAndTransform (file:///home/runner/workspace/node_modules/vite/dist/node/chunks/dep-CHZK6zbr.js:51931:27)
[replit-cartographer] Error processing /home/runner/workspace/client/src/components/ui/form.tsx: TypeError: traverse is not a function
    at TransformPluginContext.transform (file:///home/runner/workspace/node_modules/@replit/vite-plugin-cartographer/dist/index.mjs:53:9)
    at async PluginContainer.transform (file:///home/runner/workspace/node_modules/vite/dist/node/chunks/dep-CHZK6zbr.js:49098:18)
    at async loadAndTransform (file:///home/runner/workspace/node_modules/vite/dist/node/chunks/dep-CHZK6zbr.js:51931:27)
[replit-cartographer] Error processing /home/runner/workspace/client/src/components/ui/input.tsx: TypeError: traverse is not a function
    at TransformPluginContext.transform (file:///home/runner/workspace/node_modules/@replit/vite-plugin-cartographer/dist/index.mjs:53:9)
    at async PluginContainer.transform (file:///home/runner/workspace/node_modules/vite/dist/node/chunks/dep-CHZK6zbr.js:49098:18)
    at async loadAndTransform (file:///home/runner/workspace/node_modules/vite/dist/node/chunks/dep-CHZK6zbr.js:51931:27)
[replit-cartographer] Error processing /home/runner/workspace/client/src/components/ui/tabs.tsx: TypeError: traverse is not a function
    at TransformPluginContext.transform (file:///home/runner/workspace/node_modules/@replit/vite-plugin-cartographer/dist/index.mjs:53:9)
    at async PluginContainer.transform (file:///home/runner/workspace/node_modules/vite/dist/node/chunks/dep-CHZK6zbr.js:49098:18)
    at async loadAndTransform (file:///home/runner/workspace/node_modules/vite/dist/node/chunks/dep-CHZK6zbr.js:51931:27)
[replit-cartographer] Error processing /home/runner/workspace/client/src/components/transactions-mobile.tsx: TypeError: traverse is not a function
    at TransformPluginContext.transform (file:///home/runner/workspace/node_modules/@replit/vite-plugin-cartographer/dist/index.mjs:53:9)
    at async PluginContainer.transform (file:///home/runner/workspace/node_modules/vite/dist/node/chunks/dep-CHZK6zbr.js:49098:18)
    at async loadAndTransform (file:///home/runner/workspace/node_modules/vite/dist/node/chunks/dep-CHZK6zbr.js:51931:27)
[replit-cartographer] Error processing /home/runner/workspace/client/src/components/transactions-table-desktop.tsx: TypeError: traverse is not a function
    at TransformPluginContext.transform (file:///home/runner/workspace/node_modules/@replit/vite-plugin-cartographer/dist/index.mjs:53:9)
    at async PluginContainer.transform (file:///home/runner/workspace/node_modules/vite/dist/node/chunks/dep-CHZK6zbr.js:49098:18)
    at async loadAndTransform (file:///home/runner/workspace/node_modules/vite/dist/node/chunks/dep-CHZK6zbr.js:51931:27)
[replit-cartographer] Error processing /home/runner/workspace/client/src/components/progress-card.tsx: TypeError: traverse is not a function
    at TransformPluginContext.transform (file:///home/runner/workspace/node_modules/@replit/vite-plugin-cartographer/dist/index.mjs:53:9)
    at async PluginContainer.transform (file:///home/runner/workspace/node_modules/vite/dist/node/chunks/dep-CHZK6zbr.js:49098:18)
    at async loadAndTransform (file:///home/runner/workspace/node_modules/vite/dist/node/chunks/dep-CHZK6zbr.js:51931:27)
[replit-cartographer] Error processing /home/runner/workspace/client/src/components/swipeable-chore-card.tsx: TypeError: traverse is not a function
    at TransformPluginContext.transform (file:///home/runner/workspace/node_modules/@replit/vite-plugin-cartographer/dist/index.mjs:53:9)
    at async PluginContainer.transform (file:///home/runner/workspace/node_modules/vite/dist/node/chunks/dep-CHZK6zbr.js:49098:18)
    at async loadAndTransform (file:///home/runner/workspace/node_modules/vite/dist/node/chunks/dep-CHZK6zbr.js:51931:27)
[replit-cartographer] Error processing /home/runner/workspace/client/src/components/child-dashboard-header.tsx: TypeError: traverse is not a function
    at TransformPluginContext.transform (file:///home/runner/workspace/node_modules/@replit/vite-plugin-cartographer/dist/index.mjs:53:9)
    at async PluginContainer.transform (file:///home/runner/workspace/node_modules/vite/dist/node/chunks/dep-CHZK6zbr.js:49098:18)
    at async loadAndTransform (file:///home/runner/workspace/node_modules/vite/dist/node/chunks/dep-CHZK6zbr.js:51931:27)
[replit-cartographer] Error processing /home/runner/workspace/client/src/components/mobile-section-tabs.tsx: TypeError: traverse is not a function
    at TransformPluginContext.transform (file:///home/runner/workspace/node_modules/@replit/vite-plugin-cartographer/dist/index.mjs:53:9)
    at async PluginContainer.transform (file:///home/runner/workspace/node_modules/vite/dist/node/chunks/dep-CHZK6zbr.js:49098:18)
    at async loadAndTransform (file:///home/runner/workspace/node_modules/vite/dist/node/chunks/dep-CHZK6zbr.js:51931:27)
[replit-cartographer] Error processing /home/runner/workspace/client/src/components/new-chore-dialog.tsx: TypeError: traverse is not a function
    at TransformPluginContext.transform (file:///home/runner/workspace/node_modules/@replit/vite-plugin-cartographer/dist/index.mjs:53:9)
    at async PluginContainer.transform (file:///home/runner/workspace/node_modules/vite/dist/node/chunks/dep-CHZK6zbr.js:49098:18)
    at async loadAndTransform (file:///home/runner/workspace/node_modules/vite/dist/node/chunks/dep-CHZK6zbr.js:51931:27)
[replit-cartographer] Error processing /home/runner/workspace/client/src/components/bad-behavior-dialog.tsx: TypeError: traverse is not a function
    at TransformPluginContext.transform (file:///home/runner/workspace/node_modules/@replit/vite-plugin-cartographer/dist/index.mjs:53:9)
    at async PluginContainer.transform (file:///home/runner/workspace/node_modules/vite/dist/node/chunks/dep-CHZK6zbr.js:49098:18)
    at async loadAndTransform (file:///home/runner/workspace/node_modules/vite/dist/node/chunks/dep-CHZK6zbr.js:51931:27)
[replit-cartographer] Error processing /home/runner/workspace/client/src/components/good-behavior-dialog.tsx: TypeError: traverse is not a function
    at TransformPluginContext.transform (file:///home/runner/workspace/node_modules/@replit/vite-plugin-cartographer/dist/index.mjs:53:9)
    at async PluginContainer.transform (file:///home/runner/workspace/node_modules/vite/dist/node/chunks/dep-CHZK6zbr.js:49098:18)
    at async loadAndTransform (file:///home/runner/workspace/node_modules/vite/dist/node/chunks/dep-CHZK6zbr.js:51931:27)
[replit-cartographer] Error processing /home/runner/workspace/client/src/components/daily-bonus-wheel.tsx: TypeError: traverse is not a function
    at TransformPluginContext.transform (file:///home/runner/workspace/node_modules/@replit/vite-plugin-cartographer/dist/index.mjs:53:9)
    at async PluginContainer.transform (file:///home/runner/workspace/node_modules/vite/dist/node/chunks/dep-CHZK6zbr.js:49098:18)
    at async loadAndTransform (file:///home/runner/workspace/node_modules/vite/dist/node/chunks/dep-CHZK6zbr.js:51931:27)
[replit-cartographer] Error processing /home/runner/workspace/client/src/components/spin-prompt-modal.tsx: TypeError: traverse is not a function
    at TransformPluginContext.transform (file:///home/runner/workspace/node_modules/@replit/vite-plugin-cartographer/dist/index.mjs:53:9)
    at async PluginContainer.transform (file:///home/runner/workspace/node_modules/vite/dist/node/chunks/dep-CHZK6zbr.js:49098:18)
    at async loadAndTransform (file:///home/runner/workspace/node_modules/vite/dist/node/chunks/dep-CHZK6zbr.js:51931:27)
[replit-cartographer] Error processing /home/runner/workspace/client/src/components/child-bonus-wheel.tsx: TypeError: traverse is not a function
    at TransformPluginContext.transform (file:///home/runner/workspace/node_modules/@replit/vite-plugin-cartographer/dist/index.mjs:53:9)
    at async PluginContainer.transform (file:///home/runner/workspace/node_modules/vite/dist/node/chunks/dep-CHZK6zbr.js:49098:18)
    at async loadAndTransform (file:///home/runner/workspace/node_modules/vite/dist/node/chunks/dep-CHZK6zbr.js:51931:27)
[replit-cartographer] Error processing /home/runner/workspace/client/src/components/dashboard-banner.tsx: TypeError: traverse is not a function
    at TransformPluginContext.transform (file:///home/runner/workspace/node_modules/@replit/vite-plugin-cartographer/dist/index.mjs:53:9)
    at async PluginContainer.transform (file:///home/runner/workspace/node_modules/vite/dist/node/chunks/dep-CHZK6zbr.js:49098:18)
    at async loadAndTransform (file:///home/runner/workspace/node_modules/vite/dist/node/chunks/dep-CHZK6zbr.js:51931:27)
[replit-cartographer] Error processing /home/runner/workspace/client/src/components/achievement-showcase-new.tsx: TypeError: traverse is not a function
    at TransformPluginContext.transform (file:///home/runner/workspace/node_modules/@replit/vite-plugin-cartographer/dist/index.mjs:53:9)
    at async PluginContainer.transform (file:///home/runner/workspace/node_modules/vite/dist/node/chunks/dep-CHZK6zbr.js:49098:18)
    at async loadAndTransform (file:///home/runner/workspace/node_modules/vite/dist/node/chunks/dep-CHZK6zbr.js:51931:27)
[replit-cartographer] Error processing /home/runner/workspace/client/src/components/ui/switch.tsx: TypeError: traverse is not a function
    at TransformPluginContext.transform (file:///home/runner/workspace/node_modules/@replit/vite-plugin-cartographer/dist/index.mjs:53:9)
    at async PluginContainer.transform (file:///home/runner/workspace/node_modules/vite/dist/node/chunks/dep-CHZK6zbr.js:49098:18)
    at async loadAndTransform (file:///home/runner/workspace/node_modules/vite/dist/node/chunks/dep-CHZK6zbr.js:51931:27)
[replit-cartographer] Error processing /home/runner/workspace/client/src/components/transactions-table.tsx: TypeError: traverse is not a function
    at TransformPluginContext.transform (file:///home/runner/workspace/node_modules/@replit/vite-plugin-cartographer/dist/index.mjs:53:9)
    at async PluginContainer.transform (file:///home/runner/workspace/node_modules/vite/dist/node/chunks/dep-CHZK6zbr.js:49098:18)
    at async loadAndTransform (file:///home/runner/workspace/node_modules/vite/dist/node/chunks/dep-CHZK6zbr.js:51931:27)
[replit-cartographer] Error processing /home/runner/workspace/client/src/components/add-product-dialog.tsx: TypeError: traverse is not a function
    at TransformPluginContext.transform (file:///home/runner/workspace/node_modules/@replit/vite-plugin-cartographer/dist/index.mjs:53:9)
    at async PluginContainer.transform (file:///home/runner/workspace/node_modules/vite/dist/node/chunks/dep-CHZK6zbr.js:49098:18)
    at async loadAndTransform (file:///home/runner/workspace/node_modules/vite/dist/node/chunks/dep-CHZK6zbr.js:51931:27)
[replit-cartographer] Error processing /home/runner/workspace/client/src/components/profile-image-modal.tsx: TypeError: traverse is not a function
    at TransformPluginContext.transform (file:///home/runner/workspace/node_modules/@replit/vite-plugin-cartographer/dist/index.mjs:53:9)
    at async PluginContainer.transform (file:///home/runner/workspace/node_modules/vite/dist/node/chunks/dep-CHZK6zbr.js:49098:18)
    at async loadAndTransform (file:///home/runner/workspace/node_modules/vite/dist/node/chunks/dep-CHZK6zbr.js:51931:27)
[replit-cartographer] Error processing /home/runner/workspace/client/src/components/ui/collapsible.tsx: TypeError: traverse is not a function
    at TransformPluginContext.transform (file:///home/runner/workspace/node_modules/@replit/vite-plugin-cartographer/dist/index.mjs:53:9)
    at async PluginContainer.transform (file:///home/runner/workspace/node_modules/vite/dist/node/chunks/dep-CHZK6zbr.js:49098:18)
    at async loadAndTransform (file:///home/runner/workspace/node_modules/vite/dist/node/chunks/dep-CHZK6zbr.js:51931:27)
[replit-cartographer] Error processing /home/runner/workspace/client/src/components/assign-to-child-dialog.tsx: TypeError: traverse is not a function
    at TransformPluginContext.transform (file:///home/runner/workspace/node_modules/@replit/vite-plugin-cartographer/dist/index.mjs:53:9)
    at async PluginContainer.transform (file:///home/runner/workspace/node_modules/vite/dist/node/chunks/dep-CHZK6zbr.js:49098:18)
    at async loadAndTransform (file:///home/runner/workspace/node_modules/vite/dist/node/chunks/dep-CHZK6zbr.js:51931:27)
[replit-cartographer] Error processing /home/runner/workspace/client/src/components/award-trophy-dialog.tsx: TypeError: traverse is not a function
    at TransformPluginContext.transform (file:///home/runner/workspace/node_modules/@replit/vite-plugin-cartographer/dist/index.mjs:53:9)
    at async PluginContainer.transform (file:///home/runner/workspace/node_modules/vite/dist/node/chunks/dep-CHZK6zbr.js:49098:18)
    at async loadAndTransform (file:///home/runner/workspace/node_modules/vite/dist/node/chunks/dep-CHZK6zbr.js:51931:27)
[replit-cartographer] Error processing /home/runner/workspace/client/src/components/purchase-dialog.tsx: TypeError: traverse is not a function
    at TransformPluginContext.transform (file:///home/runner/workspace/node_modules/@replit/vite-plugin-cartographer/dist/index.mjs:53:9)
    at async PluginContainer.transform (file:///home/runner/workspace/node_modules/vite/dist/node/chunks/dep-CHZK6zbr.js:49098:18)
    at async loadAndTransform (file:///home/runner/workspace/node_modules/vite/dist/node/chunks/dep-CHZK6zbr.js:51931:27)
[replit-cartographer] Error processing /home/runner/workspace/client/src/components/ui/scroll-area.tsx: TypeError: traverse is not a function
    at TransformPluginContext.transform (file:///home/runner/workspace/node_modules/@replit/vite-plugin-cartographer/dist/index.mjs:53:9)
    at async PluginContainer.transform (file:///home/runner/workspace/node_modules/vite/dist/node/chunks/dep-CHZK6zbr.js:49098:18)
    at async loadAndTransform (file:///home/runner/workspace/node_modules/vite/dist/node/chunks/dep-CHZK6zbr.js:51931:27)
[replit-cartographer] Error processing /home/runner/workspace/client/src/components/ui/card-actions.tsx: TypeError: traverse is not a function
    at TransformPluginContext.transform (file:///home/runner/workspace/node_modules/@replit/vite-plugin-cartographer/dist/index.mjs:53:9)
    at async PluginContainer.transform (file:///home/runner/workspace/node_modules/vite/dist/node/chunks/dep-CHZK6zbr.js:49098:18)
    at async loadAndTransform (file:///home/runner/workspace/node_modules/vite/dist/node/chunks/dep-CHZK6zbr.js:51931:27)
[replit-cartographer] Error processing /home/runner/workspace/client/src/components/ui/label.tsx: TypeError: traverse is not a function
    at TransformPluginContext.transform (file:///home/runner/workspace/node_modules/@replit/vite-plugin-cartographer/dist/index.mjs:53:9)
    at async PluginContainer.transform (file:///home/runner/workspace/node_modules/vite/dist/node/chunks/dep-CHZK6zbr.js:49098:18)
    at async loadAndTransform (file:///home/runner/workspace/node_modules/vite/dist/node/chunks/dep-CHZK6zbr.js:51931:27)
[replit-cartographer] Error processing /home/runner/workspace/client/src/components/ui/dialog.tsx: TypeError: traverse is not a function
    at TransformPluginContext.transform (file:///home/runner/workspace/node_modules/@replit/vite-plugin-cartographer/dist/index.mjs:53:9)
    at async PluginContainer.transform (file:///home/runner/workspace/node_modules/vite/dist/node/chunks/dep-CHZK6zbr.js:49098:18)
    at async loadAndTransform (file:///home/runner/workspace/node_modules/vite/dist/node/chunks/dep-CHZK6zbr.js:51931:27)
[replit-cartographer] Error processing /home/runner/workspace/client/src/components/swipeable.tsx: TypeError: traverse is not a function
    at TransformPluginContext.transform (file:///home/runner/workspace/node_modules/@replit/vite-plugin-cartographer/dist/index.mjs:53:9)
    at async PluginContainer.transform (file:///home/runner/workspace/node_modules/vite/dist/node/chunks/dep-CHZK6zbr.js:49098:18)
    at async loadAndTransform (file:///home/runner/workspace/node_modules/vite/dist/node/chunks/dep-CHZK6zbr.js:51931:27)
[replit-cartographer] Error processing /home/runner/workspace/client/src/components/chore-card.tsx: TypeError: traverse is not a function
    at TransformPluginContext.transform (file:///home/runner/workspace/node_modules/@replit/vite-plugin-cartographer/dist/index.mjs:53:9)
    at async PluginContainer.transform (file:///home/runner/workspace/node_modules/vite/dist/node/chunks/dep-CHZK6zbr.js:49098:18)
    at async loadAndTransform (file:///home/runner/workspace/node_modules/vite/dist/node/chunks/dep-CHZK6zbr.js:51931:27)
[replit-cartographer] Error processing /home/runner/workspace/client/src/components/ui/progress-ring.tsx: TypeError: traverse is not a function
    at TransformPluginContext.transform (file:///home/runner/workspace/node_modules/@replit/vite-plugin-cartographer/dist/index.mjs:53:9)
    at async PluginContainer.transform (file:///home/runner/workspace/node_modules/vite/dist/node/chunks/dep-CHZK6zbr.js:49098:18)
    at async loadAndTransform (file:///home/runner/workspace/node_modules/vite/dist/node/chunks/dep-CHZK6zbr.js:51931:27)
[replit-cartographer] Error processing /home/runner/workspace/client/src/components/ticket-display.tsx: TypeError: traverse is not a function
    at TransformPluginContext.transform (file:///home/runner/workspace/node_modules/@replit/vite-plugin-cartographer/dist/index.mjs:53:9)
    at async PluginContainer.transform (file:///home/runner/workspace/node_modules/vite/dist/node/chunks/dep-CHZK6zbr.js:49098:18)
    at async loadAndTransform (file:///home/runner/workspace/node_modules/vite/dist/node/chunks/dep-CHZK6zbr.js:51931:27)
[replit-cartographer] Error processing /home/runner/workspace/client/src/components/ui/textarea.tsx: TypeError: traverse is not a function
    at TransformPluginContext.transform (file:///home/runner/workspace/node_modules/@replit/vite-plugin-cartographer/dist/index.mjs:53:9)
    at async PluginContainer.transform (file:///home/runner/workspace/node_modules/vite/dist/node/chunks/dep-CHZK6zbr.js:49098:18)
    at async loadAndTransform (file:///home/runner/workspace/node_modules/vite/dist/node/chunks/dep-CHZK6zbr.js:51931:27)
[replit-cartographer] Error processing /home/runner/workspace/client/src/components/ui/radio-group.tsx: TypeError: traverse is not a function
    at TransformPluginContext.transform (file:///home/runner/workspace/node_modules/@replit/vite-plugin-cartographer/dist/index.mjs:53:9)
    at async PluginContainer.transform (file:///home/runner/workspace/node_modules/vite/dist/node/chunks/dep-CHZK6zbr.js:49098:18)
    at async loadAndTransform (file:///home/runner/workspace/node_modules/vite/dist/node/chunks/dep-CHZK6zbr.js:51931:27)
[replit-cartographer] Error processing /home/runner/workspace/client/src/components/trophy-detail-modal.tsx: TypeError: traverse is not a function
    at TransformPluginContext.transform (file:///home/runner/workspace/node_modules/@replit/vite-plugin-cartographer/dist/index.mjs:53:9)
    at async PluginContainer.transform (file:///home/runner/workspace/node_modules/vite/dist/node/chunks/dep-CHZK6zbr.js:49098:18)
    at async loadAndTransform (file:///home/runner/workspace/node_modules/vite/dist/node/chunks/dep-CHZK6zbr.js:51931:27)
[replit-cartographer] Error processing /home/runner/workspace/client/src/components/ui/skeleton.tsx: TypeError: traverse is not a function
    at TransformPluginContext.transform (file:///home/runner/workspace/node_modules/@replit/vite-plugin-cartographer/dist/index.mjs:53:9)
    at async PluginContainer.transform (file:///home/runner/workspace/node_modules/vite/dist/node/chunks/dep-CHZK6zbr.js:49098:18)
    at async loadAndTransform (file:///home/runner/workspace/node_modules/vite/dist/node/chunks/dep-CHZK6zbr.js:51931:27)
[replit-cartographer] Error processing /home/runner/workspace/client/src/components/ui/checkbox.tsx: TypeError: traverse is not a function
    at TransformPluginContext.transform (file:///home/runner/workspace/node_modules/@replit/vite-plugin-cartographer/dist/index.mjs:53:9)
    at async PluginContainer.transform (file:///home/runner/workspace/node_modules/vite/dist/node/chunks/dep-CHZK6zbr.js:49098:18)
    at async loadAndTransform (file:///home/runner/workspace/node_modules/vite/dist/node/chunks/dep-CHZK6zbr.js:51931:27)
[replit-cartographer] Error processing /home/runner/workspace/client/src/components/ui/drawer.tsx: TypeError: traverse is not a function
    at TransformPluginContext.transform (file:///home/runner/workspace/node_modules/@replit/vite-plugin-cartographer/dist/index.mjs:53:9)
    at async PluginContainer.transform (file:///home/runner/workspace/node_modules/vite/dist/node/chunks/dep-CHZK6zbr.js:49098:18)
    at async loadAndTransform (file:///home/runner/workspace/node_modules/vite/dist/node/chunks/dep-CHZK6zbr.js:51931:27)
