2025-05-24 22:39:07.460 [info] [main] Log level: Info
2025-05-24 22:39:07.460 [info] [main] Validating found git in: "git"
2025-05-24 22:39:07.460 [info] [main] Using git "2.47.2" from "git"
2025-05-24 22:39:07.460 [info] [Model][doInitialScan] Initial repository scan started
2025-05-24 22:39:07.460 [info] > git rev-parse --show-toplevel [19ms]
2025-05-24 22:39:07.460 [info] > git rev-parse --git-dir --git-common-dir [12ms]
2025-05-24 22:39:07.460 [info] [Model][openRepository] Opened repository (path): /home/runner/workspace
2025-05-24 22:39:07.460 [info] [Model][openRepository] Opened repository (real path): /home/runner/workspace
2025-05-24 22:39:07.460 [info] > git config --get commit.template [27ms]
2025-05-24 22:39:07.460 [info] > git rev-parse --show-toplevel [3ms]
2025-05-24 22:39:07.460 [info] > git for-each-ref --format=%(refname)%00%(upstream:short)%00%(objectname)%00%(upstream:track)%00%(upstream:remotename)%00%(upstream:remoteref) refs/heads/feat/auth-lockdown refs/remotes/feat/auth-lockdown [8ms]
2025-05-24 22:39:07.460 [info] > git rev-parse --show-toplevel [5ms]
2025-05-24 22:39:07.460 [info] > git status -z -uall [52ms]
2025-05-24 22:39:07.460 [info] > git rev-parse --show-toplevel [28ms]
2025-05-24 22:39:07.460 [info] > git for-each-ref --sort -committerdate --format %(refname)%00%(objectname)%00%(*objectname) [34ms]
2025-05-24 22:39:07.460 [info] > git config --get commit.template [231ms]
2025-05-24 22:39:07.460 [info] > git rev-parse --show-toplevel [292ms]
2025-05-24 22:39:07.460 [info] > git for-each-ref --format=%(refname)%00%(upstream:short)%00%(objectname)%00%(upstream:track)%00%(upstream:remotename)%00%(upstream:remoteref) refs/heads/feat/auth-lockdown refs/remotes/feat/auth-lockdown [330ms]
2025-05-24 22:39:07.460 [info] > git config --get --local branch.feat/auth-lockdown.vscode-merge-base [52ms]
2025-05-24 22:39:07.460 [info] > git for-each-ref --format=%(refname)%00%(upstream:short)%00%(objectname)%00%(upstream:track)%00%(upstream:remotename)%00%(upstream:remoteref) refs/heads/origin/chore/sync-lockfile refs/remotes/origin/chore/sync-lockfile [10ms]
2025-05-24 22:39:07.460 [info] > git rev-parse --show-toplevel [125ms]
2025-05-24 22:39:07.460 [info] > git for-each-ref --format=%(refname)%00%(upstream:short)%00%(objectname)%00%(upstream:track)%00%(upstream:remotename)%00%(upstream:remoteref) refs/heads/feat/auth-lockdown refs/remotes/feat/auth-lockdown [188ms]
2025-05-24 22:39:07.460 [info] > git merge-base refs/heads/feat/auth-lockdown refs/remotes/origin/feat/auth-lockdown [89ms]
2025-05-24 22:39:07.460 [info] > git diff --name-status -z --diff-filter=ADMR 09247752de852996074610f828be52d5d4411a23...refs/remotes/origin/feat/auth-lockdown [9ms]
2025-05-24 22:39:07.460 [info] > git rev-parse --show-toplevel [76ms]
2025-05-24 22:39:07.460 [info] > git rev-parse --show-toplevel [1ms]
2025-05-24 22:39:07.460 [info] > git status -z -uall [34ms]
2025-05-24 22:39:07.460 [info] > git for-each-ref --sort -committerdate --format %(refname)%00%(objectname)%00%(*objectname) [18ms]
2025-05-24 22:39:07.460 [info] > git rev-parse --show-toplevel [15ms]
2025-05-24 22:39:07.460 [info] > git rev-parse --show-toplevel [3ms]
2025-05-24 22:39:07.460 [info] > git rev-parse --show-toplevel [5ms]
2025-05-24 22:39:07.460 [info] > git rev-parse --show-toplevel [14ms]
2025-05-24 22:39:07.460 [info] > git rev-parse --show-toplevel [4ms]
2025-05-24 22:39:07.460 [info] > git rev-parse --show-toplevel [118ms]
2025-05-24 22:39:07.460 [info] > git rev-parse --show-toplevel [1ms]
2025-05-24 22:39:07.460 [info] > git rev-parse --show-toplevel [1ms]
2025-05-24 22:39:07.460 [info] > git rev-parse --show-toplevel [14ms]
2025-05-24 22:39:07.460 [info] > git rev-parse --show-toplevel [7ms]
2025-05-24 22:39:07.460 [info] > git rev-parse --show-toplevel [3ms]
2025-05-24 22:39:07.460 [info] > git rev-parse --show-toplevel [27ms]
2025-05-24 22:39:07.460 [info] > git rev-parse --show-toplevel [3ms]
2025-05-24 22:39:07.460 [info] [Model][doInitialScan] Initial repository scan completed - repositories (1), closed repositories (0), parent repositories (0), unsafe repositories (0)
2025-05-24 22:39:08.128 [info] > git show --textconv :client/src/lib/websocketClient.ts [405ms]
2025-05-24 22:39:08.130 [info] > git check-ignore -v -z --stdin [25ms]
2025-05-24 22:39:08.132 [info] > git ls-files --stage -- client/src/lib/websocketClient.ts [404ms]
2025-05-24 22:39:08.360 [info] > git cat-file -s e30528a6adc022dd8adcc694c97ba6d73162b2f5 [215ms]
2025-05-24 22:39:09.246 [info] > git config --get commit.template [15ms]
2025-05-24 22:39:09.708 [info] > git for-each-ref --format=%(refname)%00%(upstream:short)%00%(objectname)%00%(upstream:track)%00%(upstream:remotename)%00%(upstream:remoteref) refs/heads/feat/auth-lockdown refs/remotes/feat/auth-lockdown [62ms]
2025-05-24 22:39:09.857 [info] > git status -z -uall [126ms]
2025-05-24 22:39:09.858 [info] > git for-each-ref --sort -committerdate --format %(refname)%00%(objectname)%00%(*objectname) [120ms]
2025-05-24 22:39:10.301 [info] > git fetch [432ms]
2025-05-24 22:39:10.339 [info] > git config --get commit.template [18ms]
2025-05-24 22:39:10.358 [info] > git for-each-ref --format=%(refname)%00%(upstream:short)%00%(objectname)%00%(upstream:track)%00%(upstream:remotename)%00%(upstream:remoteref) refs/heads/feat/auth-lockdown refs/remotes/feat/auth-lockdown [9ms]
2025-05-24 22:39:10.427 [info] > git status -z -uall [53ms]
2025-05-24 22:39:10.531 [info] > git for-each-ref --sort -committerdate --format %(refname)%00%(objectname)%00%(*objectname) [140ms]
2025-05-24 22:39:11.279 [info] > git config --get --local branch.feat/auth-lockdown.github-pr-owner-number [203ms]
2025-05-24 22:39:11.279 [warning] [Git][config] git config failed: Failed to execute git
2025-05-24 22:40:28.331 [info] > git check-ignore -v -z --stdin [6ms]
2025-05-24 22:47:47.579 [info] > git config --get commit.template [1ms]
2025-05-24 22:47:47.591 [info] > git for-each-ref --format=%(refname)%00%(upstream:short)%00%(objectname)%00%(upstream:track)%00%(upstream:remotename)%00%(upstream:remoteref) refs/heads/feat/auth-lockdown refs/remotes/feat/auth-lockdown [2ms]
2025-05-24 22:47:47.605 [info] > git status -z -uall [7ms]
2025-05-24 22:47:47.607 [info] > git for-each-ref --sort -committerdate --format %(refname)%00%(objectname)%00%(*objectname) [3ms]
2025-05-24 22:47:52.634 [info] > git config --get commit.template [8ms]
2025-05-24 22:47:52.635 [info] > git for-each-ref --format=%(refname)%00%(upstream:short)%00%(objectname)%00%(upstream:track)%00%(upstream:remotename)%00%(upstream:remoteref) refs/heads/feat/auth-lockdown refs/remotes/feat/auth-lockdown [2ms]
2025-05-24 22:47:52.648 [info] > git status -z -uall [7ms]
2025-05-24 22:47:52.650 [info] > git for-each-ref --sort -committerdate --format %(refname)%00%(objectname)%00%(*objectname) [3ms]
2025-05-24 22:47:57.756 [info] > git config --get commit.template [6ms]
2025-05-24 22:47:57.757 [info] > git for-each-ref --format=%(refname)%00%(upstream:short)%00%(objectname)%00%(upstream:track)%00%(upstream:remotename)%00%(upstream:remoteref) refs/heads/feat/auth-lockdown refs/remotes/feat/auth-lockdown [1ms]
2025-05-24 22:47:57.768 [info] > git status -z -uall [5ms]
2025-05-24 22:47:57.771 [info] > git for-each-ref --sort -committerdate --format %(refname)%00%(objectname)%00%(*objectname) [3ms]
2025-05-24 22:48:55.453 [info] > git config --get commit.template [1ms]
2025-05-24 22:48:55.460 [info] > git for-each-ref --format=%(refname)%00%(upstream:short)%00%(objectname)%00%(upstream:track)%00%(upstream:remotename)%00%(upstream:remoteref) refs/heads/feat/auth-lockdown refs/remotes/feat/auth-lockdown [2ms]
2025-05-24 22:48:55.471 [info] > git status -z -uall [5ms]
2025-05-24 22:48:55.473 [info] > git for-each-ref --sort -committerdate --format %(refname)%00%(objectname)%00%(*objectname) [3ms]
2025-05-24 22:49:00.493 [info] > git config --get commit.template [6ms]
2025-05-24 22:49:00.494 [info] > git for-each-ref --format=%(refname)%00%(upstream:short)%00%(objectname)%00%(upstream:track)%00%(upstream:remotename)%00%(upstream:remoteref) refs/heads/feat/auth-lockdown refs/remotes/feat/auth-lockdown [2ms]
2025-05-24 22:49:00.512 [info] > git status -z -uall [9ms]
2025-05-24 22:49:00.515 [info] > git for-each-ref --sort -committerdate --format %(refname)%00%(objectname)%00%(*objectname) [5ms]
2025-05-24 22:49:05.539 [info] > git config --get commit.template [7ms]
2025-05-24 22:49:05.540 [info] > git for-each-ref --format=%(refname)%00%(upstream:short)%00%(objectname)%00%(upstream:track)%00%(upstream:remotename)%00%(upstream:remoteref) refs/heads/feat/auth-lockdown refs/remotes/feat/auth-lockdown [1ms]
2025-05-24 22:49:05.554 [info] > git status -z -uall [6ms]
2025-05-24 22:49:05.556 [info] > git for-each-ref --sort -committerdate --format %(refname)%00%(objectname)%00%(*objectname) [3ms]
2025-05-24 22:49:10.574 [info] > git config --get commit.template [2ms]
2025-05-24 22:49:10.581 [info] > git for-each-ref --format=%(refname)%00%(upstream:short)%00%(objectname)%00%(upstream:track)%00%(upstream:remotename)%00%(upstream:remoteref) refs/heads/feat/auth-lockdown refs/remotes/feat/auth-lockdown [1ms]
2025-05-24 22:49:10.603 [info] > git for-each-ref --sort -committerdate --format %(refname)%00%(objectname)%00%(*objectname) [3ms]
2025-05-24 22:49:10.605 [info] > git status -z -uall [18ms]
2025-05-24 22:49:15.625 [info] > git config --get commit.template [5ms]
2025-05-24 22:49:15.627 [info] > git for-each-ref --format=%(refname)%00%(upstream:short)%00%(objectname)%00%(upstream:track)%00%(upstream:remotename)%00%(upstream:remoteref) refs/heads/feat/auth-lockdown refs/remotes/feat/auth-lockdown [2ms]
2025-05-24 22:49:15.653 [info] > git status -z -uall [17ms]
2025-05-24 22:49:15.653 [info] > git for-each-ref --sort -committerdate --format %(refname)%00%(objectname)%00%(*objectname) [11ms]
2025-05-24 22:49:20.672 [info] > git config --get commit.template [1ms]
2025-05-24 22:49:20.681 [info] > git for-each-ref --format=%(refname)%00%(upstream:short)%00%(objectname)%00%(upstream:track)%00%(upstream:remotename)%00%(upstream:remoteref) refs/heads/feat/auth-lockdown refs/remotes/feat/auth-lockdown [2ms]
2025-05-24 22:49:20.691 [info] > git status -z -uall [5ms]
2025-05-24 22:49:20.694 [info] > git for-each-ref --sort -committerdate --format %(refname)%00%(objectname)%00%(*objectname) [4ms]
2025-05-24 22:49:25.716 [info] > git config --get commit.template [8ms]
2025-05-24 22:49:25.717 [info] > git for-each-ref --format=%(refname)%00%(upstream:short)%00%(objectname)%00%(upstream:track)%00%(upstream:remotename)%00%(upstream:remoteref) refs/heads/feat/auth-lockdown refs/remotes/feat/auth-lockdown [1ms]
2025-05-24 22:49:25.731 [info] > git status -z -uall [7ms]
2025-05-24 22:49:25.733 [info] > git for-each-ref --sort -committerdate --format %(refname)%00%(objectname)%00%(*objectname) [2ms]
2025-05-24 22:50:53.455 [info] > git config --get commit.template [7ms]
2025-05-24 22:50:53.457 [info] > git for-each-ref --format=%(refname)%00%(upstream:short)%00%(objectname)%00%(upstream:track)%00%(upstream:remotename)%00%(upstream:remoteref) refs/heads/feat/auth-lockdown refs/remotes/feat/auth-lockdown [2ms]
2025-05-24 22:50:53.481 [info] > git status -z -uall [14ms]
2025-05-24 22:50:53.488 [info] > git for-each-ref --sort -committerdate --format %(refname)%00%(objectname)%00%(*objectname) [8ms]
2025-05-24 22:50:58.520 [info] > git config --get commit.template [14ms]
2025-05-24 22:50:58.522 [info] > git for-each-ref --format=%(refname)%00%(upstream:short)%00%(objectname)%00%(upstream:track)%00%(upstream:remotename)%00%(upstream:remoteref) refs/heads/feat/auth-lockdown refs/remotes/feat/auth-lockdown [2ms]
2025-05-24 22:50:58.544 [info] > git status -z -uall [10ms]
2025-05-24 22:50:58.549 [info] > git for-each-ref --sort -committerdate --format %(refname)%00%(objectname)%00%(*objectname) [6ms]
2025-05-24 22:51:03.568 [info] > git config --get commit.template [5ms]
2025-05-24 22:51:03.568 [info] > git for-each-ref --format=%(refname)%00%(upstream:short)%00%(objectname)%00%(upstream:track)%00%(upstream:remotename)%00%(upstream:remoteref) refs/heads/feat/auth-lockdown refs/remotes/feat/auth-lockdown [1ms]
2025-05-24 22:51:03.579 [info] > git status -z -uall [5ms]
2025-05-24 22:51:03.582 [info] > git for-each-ref --sort -committerdate --format %(refname)%00%(objectname)%00%(*objectname) [3ms]
2025-05-24 22:51:08.625 [info] > git config --get commit.template [24ms]
2025-05-24 22:51:08.628 [info] > git for-each-ref --format=%(refname)%00%(upstream:short)%00%(objectname)%00%(upstream:track)%00%(upstream:remotename)%00%(upstream:remoteref) refs/heads/feat/auth-lockdown refs/remotes/feat/auth-lockdown [4ms]
2025-05-24 22:51:08.659 [info] > git status -z -uall [12ms]
2025-05-24 22:51:08.662 [info] > git for-each-ref --sort -committerdate --format %(refname)%00%(objectname)%00%(*objectname) [4ms]
2025-05-24 22:51:13.680 [info] > git config --get commit.template [5ms]
2025-05-24 22:51:13.681 [info] > git for-each-ref --format=%(refname)%00%(upstream:short)%00%(objectname)%00%(upstream:track)%00%(upstream:remotename)%00%(upstream:remoteref) refs/heads/feat/auth-lockdown refs/remotes/feat/auth-lockdown [1ms]
2025-05-24 22:51:13.692 [info] > git status -z -uall [6ms]
2025-05-24 22:51:13.694 [info] > git for-each-ref --sort -committerdate --format %(refname)%00%(objectname)%00%(*objectname) [3ms]
2025-05-24 22:51:18.714 [info] > git config --get commit.template [1ms]
2025-05-24 22:51:18.741 [info] > git for-each-ref --format=%(refname)%00%(upstream:short)%00%(objectname)%00%(upstream:track)%00%(upstream:remotename)%00%(upstream:remoteref) refs/heads/feat/auth-lockdown refs/remotes/feat/auth-lockdown [2ms]
2025-05-24 22:51:18.758 [info] > git status -z -uall [8ms]
2025-05-24 22:51:18.760 [info] > git for-each-ref --sort -committerdate --format %(refname)%00%(objectname)%00%(*objectname) [3ms]
2025-05-24 22:51:23.786 [info] > git config --get commit.template [9ms]
2025-05-24 22:51:23.788 [info] > git for-each-ref --format=%(refname)%00%(upstream:short)%00%(objectname)%00%(upstream:track)%00%(upstream:remotename)%00%(upstream:remoteref) refs/heads/feat/auth-lockdown refs/remotes/feat/auth-lockdown [3ms]
2025-05-24 22:51:23.808 [info] > git status -z -uall [9ms]
2025-05-24 22:51:23.810 [info] > git for-each-ref --sort -committerdate --format %(refname)%00%(objectname)%00%(*objectname) [3ms]
2025-05-24 22:52:41.533 [info] > git config --get commit.template [5ms]
2025-05-24 22:52:41.534 [info] > git for-each-ref --format=%(refname)%00%(upstream:short)%00%(objectname)%00%(upstream:track)%00%(upstream:remotename)%00%(upstream:remoteref) refs/heads/feat/auth-lockdown refs/remotes/feat/auth-lockdown [2ms]
2025-05-24 22:52:41.546 [info] > git status -z -uall [6ms]
2025-05-24 22:52:41.549 [info] > git for-each-ref --sort -committerdate --format %(refname)%00%(objectname)%00%(*objectname) [4ms]
2025-05-24 22:52:46.574 [info] > git config --get commit.template [9ms]
2025-05-24 22:52:46.575 [info] > git for-each-ref --format=%(refname)%00%(upstream:short)%00%(objectname)%00%(upstream:track)%00%(upstream:remotename)%00%(upstream:remoteref) refs/heads/feat/auth-lockdown refs/remotes/feat/auth-lockdown [1ms]
2025-05-24 22:52:46.592 [info] > git status -z -uall [7ms]
2025-05-24 22:52:46.595 [info] > git for-each-ref --sort -committerdate --format %(refname)%00%(objectname)%00%(*objectname) [4ms]
2025-05-24 22:52:51.610 [info] > git config --get commit.template [2ms]
2025-05-24 22:52:51.620 [info] > git for-each-ref --format=%(refname)%00%(upstream:short)%00%(objectname)%00%(upstream:track)%00%(upstream:remotename)%00%(upstream:remoteref) refs/heads/feat/auth-lockdown refs/remotes/feat/auth-lockdown [2ms]
2025-05-24 22:52:51.639 [info] > git status -z -uall [12ms]
2025-05-24 22:52:51.641 [info] > git for-each-ref --sort -committerdate --format %(refname)%00%(objectname)%00%(*objectname) [3ms]
2025-05-24 22:52:56.661 [info] > git config --get commit.template [5ms]
2025-05-24 22:52:56.662 [info] > git for-each-ref --format=%(refname)%00%(upstream:short)%00%(objectname)%00%(upstream:track)%00%(upstream:remotename)%00%(upstream:remoteref) refs/heads/feat/auth-lockdown refs/remotes/feat/auth-lockdown [1ms]
2025-05-24 22:52:56.673 [info] > git status -z -uall [6ms]
2025-05-24 22:52:56.674 [info] > git for-each-ref --sort -committerdate --format %(refname)%00%(objectname)%00%(*objectname) [3ms]
2025-05-24 22:53:01.697 [info] > git config --get commit.template [6ms]
2025-05-24 22:53:01.698 [info] > git for-each-ref --format=%(refname)%00%(upstream:short)%00%(objectname)%00%(upstream:track)%00%(upstream:remotename)%00%(upstream:remoteref) refs/heads/feat/auth-lockdown refs/remotes/feat/auth-lockdown [1ms]
2025-05-24 22:53:01.717 [info] > git status -z -uall [9ms]
2025-05-24 22:53:01.719 [info] > git for-each-ref --sort -committerdate --format %(refname)%00%(objectname)%00%(*objectname) [3ms]
2025-05-24 22:53:06.736 [info] > git config --get commit.template [6ms]
2025-05-24 22:53:06.737 [info] > git for-each-ref --format=%(refname)%00%(upstream:short)%00%(objectname)%00%(upstream:track)%00%(upstream:remotename)%00%(upstream:remoteref) refs/heads/feat/auth-lockdown refs/remotes/feat/auth-lockdown [1ms]
2025-05-24 22:53:06.746 [info] > git status -z -uall [5ms]
2025-05-24 22:53:06.748 [info] > git for-each-ref --sort -committerdate --format %(refname)%00%(objectname)%00%(*objectname) [2ms]
2025-05-24 22:53:11.778 [info] > git config --get commit.template [8ms]
2025-05-24 22:53:11.779 [info] > git for-each-ref --format=%(refname)%00%(upstream:short)%00%(objectname)%00%(upstream:track)%00%(upstream:remotename)%00%(upstream:remoteref) refs/heads/feat/auth-lockdown refs/remotes/feat/auth-lockdown [1ms]
2025-05-24 22:53:11.794 [info] > git status -z -uall [7ms]
2025-05-24 22:53:11.797 [info] > git for-each-ref --sort -committerdate --format %(refname)%00%(objectname)%00%(*objectname) [3ms]
2025-05-24 22:53:16.835 [info] > git config --get commit.template [18ms]
2025-05-24 22:53:16.835 [info] > git for-each-ref --format=%(refname)%00%(upstream:short)%00%(objectname)%00%(upstream:track)%00%(upstream:remotename)%00%(upstream:remoteref) refs/heads/feat/auth-lockdown refs/remotes/feat/auth-lockdown [1ms]
2025-05-24 22:53:16.849 [info] > git status -z -uall [5ms]
2025-05-24 22:53:16.852 [info] > git for-each-ref --sort -committerdate --format %(refname)%00%(objectname)%00%(*objectname) [3ms]
2025-05-24 22:53:21.872 [info] > git config --get commit.template [8ms]
2025-05-24 22:53:21.873 [info] > git for-each-ref --format=%(refname)%00%(upstream:short)%00%(objectname)%00%(upstream:track)%00%(upstream:remotename)%00%(upstream:remoteref) refs/heads/feat/auth-lockdown refs/remotes/feat/auth-lockdown [2ms]
2025-05-24 22:53:21.885 [info] > git status -z -uall [6ms]
2025-05-24 22:53:21.887 [info] > git for-each-ref --sort -committerdate --format %(refname)%00%(objectname)%00%(*objectname) [3ms]
2025-05-24 22:53:26.908 [info] > git config --get commit.template [7ms]
2025-05-24 22:53:26.909 [info] > git for-each-ref --format=%(refname)%00%(upstream:short)%00%(objectname)%00%(upstream:track)%00%(upstream:remotename)%00%(upstream:remoteref) refs/heads/feat/auth-lockdown refs/remotes/feat/auth-lockdown [2ms]
2025-05-24 22:53:26.921 [info] > git status -z -uall [5ms]
2025-05-24 22:53:26.922 [info] > git for-each-ref --sort -committerdate --format %(refname)%00%(objectname)%00%(*objectname) [3ms]
2025-05-24 22:53:31.939 [info] > git config --get commit.template [5ms]
2025-05-24 22:53:31.940 [info] > git for-each-ref --format=%(refname)%00%(upstream:short)%00%(objectname)%00%(upstream:track)%00%(upstream:remotename)%00%(upstream:remoteref) refs/heads/feat/auth-lockdown refs/remotes/feat/auth-lockdown [1ms]
2025-05-24 22:53:31.963 [info] > git status -z -uall [16ms]
2025-05-24 22:53:31.965 [info] > git for-each-ref --sort -committerdate --format %(refname)%00%(objectname)%00%(*objectname) [4ms]
2025-05-24 22:53:36.983 [info] > git config --get commit.template [5ms]
2025-05-24 22:53:36.984 [info] > git for-each-ref --format=%(refname)%00%(upstream:short)%00%(objectname)%00%(upstream:track)%00%(upstream:remotename)%00%(upstream:remoteref) refs/heads/feat/auth-lockdown refs/remotes/feat/auth-lockdown [2ms]
2025-05-24 22:53:36.995 [info] > git status -z -uall [5ms]
2025-05-24 22:53:36.997 [info] > git for-each-ref --sort -committerdate --format %(refname)%00%(objectname)%00%(*objectname) [3ms]
2025-05-24 22:53:42.019 [info] > git config --get commit.template [8ms]
2025-05-24 22:53:42.021 [info] > git for-each-ref --format=%(refname)%00%(upstream:short)%00%(objectname)%00%(upstream:track)%00%(upstream:remotename)%00%(upstream:remoteref) refs/heads/feat/auth-lockdown refs/remotes/feat/auth-lockdown [2ms]
2025-05-24 22:53:42.034 [info] > git status -z -uall [7ms]
2025-05-24 22:53:42.037 [info] > git for-each-ref --sort -committerdate --format %(refname)%00%(objectname)%00%(*objectname) [2ms]
2025-05-24 22:54:55.679 [info] > git for-each-ref --format=%(refname)%00%(upstream:short)%00%(objectname)%00%(upstream:track)%00%(upstream:remotename)%00%(upstream:remoteref) refs/heads/feat/auth-lockdown refs/remotes/feat/auth-lockdown [2ms]
2025-05-24 22:54:55.680 [info] > git config --get commit.template [18ms]
2025-05-24 22:54:55.698 [info] > git status -z -uall [10ms]
2025-05-24 22:54:55.700 [info] > git for-each-ref --sort -committerdate --format %(refname)%00%(objectname)%00%(*objectname) [3ms]
2025-05-24 22:55:00.716 [info] > git config --get commit.template [1ms]
2025-05-24 22:55:00.723 [info] > git for-each-ref --format=%(refname)%00%(upstream:short)%00%(objectname)%00%(upstream:track)%00%(upstream:remotename)%00%(upstream:remoteref) refs/heads/feat/auth-lockdown refs/remotes/feat/auth-lockdown [1ms]
2025-05-24 22:55:00.733 [info] > git status -z -uall [5ms]
2025-05-24 22:55:00.735 [info] > git for-each-ref --sort -committerdate --format %(refname)%00%(objectname)%00%(*objectname) [3ms]
2025-05-24 22:55:05.756 [info] > git config --get commit.template [9ms]
2025-05-24 22:55:05.757 [info] > git for-each-ref --format=%(refname)%00%(upstream:short)%00%(objectname)%00%(upstream:track)%00%(upstream:remotename)%00%(upstream:remoteref) refs/heads/feat/auth-lockdown refs/remotes/feat/auth-lockdown [2ms]
2025-05-24 22:55:05.772 [info] > git status -z -uall [6ms]
2025-05-24 22:55:05.773 [info] > git for-each-ref --sort -committerdate --format %(refname)%00%(objectname)%00%(*objectname) [3ms]
2025-05-24 22:55:10.787 [info] > git config --get commit.template [2ms]
2025-05-24 22:55:10.796 [info] > git for-each-ref --format=%(refname)%00%(upstream:short)%00%(objectname)%00%(upstream:track)%00%(upstream:remotename)%00%(upstream:remoteref) refs/heads/feat/auth-lockdown refs/remotes/feat/auth-lockdown [2ms]
2025-05-24 22:55:10.807 [info] > git status -z -uall [5ms]
2025-05-24 22:55:10.809 [info] > git for-each-ref --sort -committerdate --format %(refname)%00%(objectname)%00%(*objectname) [3ms]
2025-05-24 22:55:15.828 [info] > git config --get commit.template [5ms]
2025-05-24 22:55:15.830 [info] > git for-each-ref --format=%(refname)%00%(upstream:short)%00%(objectname)%00%(upstream:track)%00%(upstream:remotename)%00%(upstream:remoteref) refs/heads/feat/auth-lockdown refs/remotes/feat/auth-lockdown [2ms]
2025-05-24 22:55:15.845 [info] > git status -z -uall [8ms]
2025-05-24 22:55:15.845 [info] > git for-each-ref --sort -committerdate --format %(refname)%00%(objectname)%00%(*objectname) [4ms]
2025-05-24 22:55:20.860 [info] > git config --get commit.template [0ms]
2025-05-24 22:55:20.871 [info] > git for-each-ref --format=%(refname)%00%(upstream:short)%00%(objectname)%00%(upstream:track)%00%(upstream:remotename)%00%(upstream:remoteref) refs/heads/feat/auth-lockdown refs/remotes/feat/auth-lockdown [2ms]
2025-05-24 22:55:20.884 [info] > git status -z -uall [7ms]
2025-05-24 22:55:20.887 [info] > git for-each-ref --sort -committerdate --format %(refname)%00%(objectname)%00%(*objectname) [4ms]
2025-05-24 22:55:25.913 [info] > git config --get commit.template [7ms]
2025-05-24 22:55:25.914 [info] > git for-each-ref --format=%(refname)%00%(upstream:short)%00%(objectname)%00%(upstream:track)%00%(upstream:remotename)%00%(upstream:remoteref) refs/heads/feat/auth-lockdown refs/remotes/feat/auth-lockdown [2ms]
2025-05-24 22:55:25.926 [info] > git status -z -uall [6ms]
2025-05-24 22:55:25.929 [info] > git for-each-ref --sort -committerdate --format %(refname)%00%(objectname)%00%(*objectname) [3ms]
2025-05-24 22:55:30.943 [info] > git config --get commit.template [5ms]
2025-05-24 22:55:30.944 [info] > git for-each-ref --format=%(refname)%00%(upstream:short)%00%(objectname)%00%(upstream:track)%00%(upstream:remotename)%00%(upstream:remoteref) refs/heads/feat/auth-lockdown refs/remotes/feat/auth-lockdown [2ms]
2025-05-24 22:55:30.956 [info] > git status -z -uall [7ms]
2025-05-24 22:55:30.959 [info] > git for-each-ref --sort -committerdate --format %(refname)%00%(objectname)%00%(*objectname) [4ms]
2025-05-24 22:55:35.972 [info] > git config --get commit.template [2ms]
2025-05-24 22:55:35.979 [info] > git for-each-ref --format=%(refname)%00%(upstream:short)%00%(objectname)%00%(upstream:track)%00%(upstream:remotename)%00%(upstream:remoteref) refs/heads/feat/auth-lockdown refs/remotes/feat/auth-lockdown [1ms]
2025-05-24 22:55:35.987 [info] > git status -z -uall [4ms]
2025-05-24 22:55:35.989 [info] > git for-each-ref --sort -committerdate --format %(refname)%00%(objectname)%00%(*objectname) [2ms]
2025-05-24 22:55:41.013 [info] > git config --get commit.template [10ms]
2025-05-24 22:55:41.014 [info] > git for-each-ref --format=%(refname)%00%(upstream:short)%00%(objectname)%00%(upstream:track)%00%(upstream:remotename)%00%(upstream:remoteref) refs/heads/feat/auth-lockdown refs/remotes/feat/auth-lockdown [2ms]
2025-05-24 22:55:41.029 [info] > git status -z -uall [7ms]
2025-05-24 22:55:41.031 [info] > git for-each-ref --sort -committerdate --format %(refname)%00%(objectname)%00%(*objectname) [2ms]
2025-05-24 22:55:46.050 [info] > git config --get commit.template [6ms]
2025-05-24 22:55:46.051 [info] > git for-each-ref --format=%(refname)%00%(upstream:short)%00%(objectname)%00%(upstream:track)%00%(upstream:remotename)%00%(upstream:remoteref) refs/heads/feat/auth-lockdown refs/remotes/feat/auth-lockdown [1ms]
2025-05-24 22:55:46.066 [info] > git status -z -uall [8ms]
2025-05-24 22:55:46.068 [info] > git for-each-ref --sort -committerdate --format %(refname)%00%(objectname)%00%(*objectname) [3ms]
2025-05-24 22:55:51.086 [info] > git config --get commit.template [1ms]
2025-05-24 22:55:51.100 [info] > git for-each-ref --format=%(refname)%00%(upstream:short)%00%(objectname)%00%(upstream:track)%00%(upstream:remotename)%00%(upstream:remoteref) refs/heads/feat/auth-lockdown refs/remotes/feat/auth-lockdown [2ms]
2025-05-24 22:55:51.133 [info] > git status -z -uall [14ms]
2025-05-24 22:55:51.138 [info] > git for-each-ref --sort -committerdate --format %(refname)%00%(objectname)%00%(*objectname) [8ms]
2025-05-24 22:55:56.155 [info] > git config --get commit.template [5ms]
2025-05-24 22:55:56.156 [info] > git for-each-ref --format=%(refname)%00%(upstream:short)%00%(objectname)%00%(upstream:track)%00%(upstream:remotename)%00%(upstream:remoteref) refs/heads/feat/auth-lockdown refs/remotes/feat/auth-lockdown [1ms]
2025-05-24 22:55:56.169 [info] > git status -z -uall [5ms]
2025-05-24 22:55:56.171 [info] > git for-each-ref --sort -committerdate --format %(refname)%00%(objectname)%00%(*objectname) [2ms]
2025-05-24 22:56:01.194 [info] > git config --get commit.template [9ms]
2025-05-24 22:56:01.197 [info] > git for-each-ref --format=%(refname)%00%(upstream:short)%00%(objectname)%00%(upstream:track)%00%(upstream:remotename)%00%(upstream:remoteref) refs/heads/feat/auth-lockdown refs/remotes/feat/auth-lockdown [4ms]
2025-05-24 22:56:01.218 [info] > git status -z -uall [15ms]
2025-05-24 22:56:01.220 [info] > git for-each-ref --sort -committerdate --format %(refname)%00%(objectname)%00%(*objectname) [4ms]
2025-05-24 22:56:06.240 [info] > git config --get commit.template [5ms]
2025-05-24 22:56:06.241 [info] > git for-each-ref --format=%(refname)%00%(upstream:short)%00%(objectname)%00%(upstream:track)%00%(upstream:remotename)%00%(upstream:remoteref) refs/heads/feat/auth-lockdown refs/remotes/feat/auth-lockdown [2ms]
2025-05-24 22:56:06.257 [info] > git status -z -uall [6ms]
2025-05-24 22:56:06.260 [info] > git for-each-ref --sort -committerdate --format %(refname)%00%(objectname)%00%(*objectname) [3ms]
2025-05-24 22:56:11.280 [info] > git config --get commit.template [6ms]
2025-05-24 22:56:11.281 [info] > git for-each-ref --format=%(refname)%00%(upstream:short)%00%(objectname)%00%(upstream:track)%00%(upstream:remotename)%00%(upstream:remoteref) refs/heads/feat/auth-lockdown refs/remotes/feat/auth-lockdown [1ms]
2025-05-24 22:56:11.304 [info] > git status -z -uall [10ms]
2025-05-24 22:56:11.308 [info] > git for-each-ref --sort -committerdate --format %(refname)%00%(objectname)%00%(*objectname) [4ms]
2025-05-24 22:56:16.335 [info] > git config --get commit.template [8ms]
2025-05-24 22:56:16.336 [info] > git for-each-ref --format=%(refname)%00%(upstream:short)%00%(objectname)%00%(upstream:track)%00%(upstream:remotename)%00%(upstream:remoteref) refs/heads/feat/auth-lockdown refs/remotes/feat/auth-lockdown [2ms]
2025-05-24 22:56:16.351 [info] > git status -z -uall [5ms]
2025-05-24 22:56:16.354 [info] > git for-each-ref --sort -committerdate --format %(refname)%00%(objectname)%00%(*objectname) [3ms]
2025-05-24 22:56:21.373 [info] > git config --get commit.template [5ms]
2025-05-24 22:56:21.374 [info] > git for-each-ref --format=%(refname)%00%(upstream:short)%00%(objectname)%00%(upstream:track)%00%(upstream:remotename)%00%(upstream:remoteref) refs/heads/feat/auth-lockdown refs/remotes/feat/auth-lockdown [2ms]
2025-05-24 22:56:21.384 [info] > git status -z -uall [5ms]
2025-05-24 22:56:21.386 [info] > git for-each-ref --sort -committerdate --format %(refname)%00%(objectname)%00%(*objectname) [2ms]
2025-05-24 22:56:26.402 [info] > git config --get commit.template [5ms]
2025-05-24 22:56:26.403 [info] > git for-each-ref --format=%(refname)%00%(upstream:short)%00%(objectname)%00%(upstream:track)%00%(upstream:remotename)%00%(upstream:remoteref) refs/heads/feat/auth-lockdown refs/remotes/feat/auth-lockdown [1ms]
2025-05-24 22:56:26.415 [info] > git status -z -uall [6ms]
2025-05-24 22:56:26.417 [info] > git for-each-ref --sort -committerdate --format %(refname)%00%(objectname)%00%(*objectname) [3ms]
2025-05-24 22:56:31.445 [info] > git config --get commit.template [10ms]
2025-05-24 22:56:31.446 [info] > git for-each-ref --format=%(refname)%00%(upstream:short)%00%(objectname)%00%(upstream:track)%00%(upstream:remotename)%00%(upstream:remoteref) refs/heads/feat/auth-lockdown refs/remotes/feat/auth-lockdown [1ms]
2025-05-24 22:56:31.460 [info] > git status -z -uall [7ms]
2025-05-24 22:56:31.462 [info] > git for-each-ref --sort -committerdate --format %(refname)%00%(objectname)%00%(*objectname) [3ms]
2025-05-24 22:56:36.480 [info] > git config --get commit.template [7ms]
2025-05-24 22:56:36.481 [info] > git for-each-ref --format=%(refname)%00%(upstream:short)%00%(objectname)%00%(upstream:track)%00%(upstream:remotename)%00%(upstream:remoteref) refs/heads/feat/auth-lockdown refs/remotes/feat/auth-lockdown [2ms]
2025-05-24 22:56:36.503 [info] > git status -z -uall [13ms]
2025-05-24 22:56:36.508 [info] > git for-each-ref --sort -committerdate --format %(refname)%00%(objectname)%00%(*objectname) [6ms]
2025-05-24 22:56:41.529 [info] > git config --get commit.template [5ms]
2025-05-24 22:56:41.530 [info] > git for-each-ref --format=%(refname)%00%(upstream:short)%00%(objectname)%00%(upstream:track)%00%(upstream:remotename)%00%(upstream:remoteref) refs/heads/feat/auth-lockdown refs/remotes/feat/auth-lockdown [1ms]
2025-05-24 22:56:41.539 [info] > git status -z -uall [4ms]
2025-05-24 22:56:41.541 [info] > git for-each-ref --sort -committerdate --format %(refname)%00%(objectname)%00%(*objectname) [2ms]
2025-05-24 22:56:46.561 [info] > git config --get commit.template [7ms]
2025-05-24 22:56:46.562 [info] > git for-each-ref --format=%(refname)%00%(upstream:short)%00%(objectname)%00%(upstream:track)%00%(upstream:remotename)%00%(upstream:remoteref) refs/heads/feat/auth-lockdown refs/remotes/feat/auth-lockdown [1ms]
2025-05-24 22:56:46.574 [info] > git status -z -uall [7ms]
2025-05-24 22:56:46.577 [info] > git for-each-ref --sort -committerdate --format %(refname)%00%(objectname)%00%(*objectname) [4ms]
2025-05-24 22:56:51.596 [info] > git config --get commit.template [1ms]
2025-05-24 22:56:51.606 [info] > git for-each-ref --format=%(refname)%00%(upstream:short)%00%(objectname)%00%(upstream:track)%00%(upstream:remotename)%00%(upstream:remoteref) refs/heads/feat/auth-lockdown refs/remotes/feat/auth-lockdown [2ms]
2025-05-24 22:56:51.644 [info] > git status -z -uall [27ms]
2025-05-24 22:56:51.650 [info] > git for-each-ref --sort -committerdate --format %(refname)%00%(objectname)%00%(*objectname) [7ms]
2025-05-24 22:56:56.670 [info] > git config --get commit.template [6ms]
2025-05-24 22:56:56.671 [info] > git for-each-ref --format=%(refname)%00%(upstream:short)%00%(objectname)%00%(upstream:track)%00%(upstream:remotename)%00%(upstream:remoteref) refs/heads/feat/auth-lockdown refs/remotes/feat/auth-lockdown [2ms]
2025-05-24 22:56:56.682 [info] > git status -z -uall [5ms]
2025-05-24 22:56:56.684 [info] > git for-each-ref --sort -committerdate --format %(refname)%00%(objectname)%00%(*objectname) [2ms]
2025-05-24 22:57:01.707 [info] > git for-each-ref --format=%(refname)%00%(upstream:short)%00%(objectname)%00%(upstream:track)%00%(upstream:remotename)%00%(upstream:remoteref) refs/heads/feat/auth-lockdown refs/remotes/feat/auth-lockdown [1ms]
2025-05-24 22:57:01.707 [info] > git config --get commit.template [8ms]
2025-05-24 22:57:01.727 [info] > git status -z -uall [8ms]
2025-05-24 22:57:01.732 [info] > git for-each-ref --sort -committerdate --format %(refname)%00%(objectname)%00%(*objectname) [6ms]
2025-05-24 22:57:06.751 [info] > git config --get commit.template [6ms]
2025-05-24 22:57:06.752 [info] > git for-each-ref --format=%(refname)%00%(upstream:short)%00%(objectname)%00%(upstream:track)%00%(upstream:remotename)%00%(upstream:remoteref) refs/heads/feat/auth-lockdown refs/remotes/feat/auth-lockdown [2ms]
2025-05-24 22:57:06.764 [info] > git status -z -uall [4ms]
2025-05-24 22:57:06.767 [info] > git for-each-ref --sort -committerdate --format %(refname)%00%(objectname)%00%(*objectname) [3ms]
2025-05-24 22:57:11.783 [info] > git config --get commit.template [2ms]
2025-05-24 22:57:11.791 [info] > git for-each-ref --format=%(refname)%00%(upstream:short)%00%(objectname)%00%(upstream:track)%00%(upstream:remotename)%00%(upstream:remoteref) refs/heads/feat/auth-lockdown refs/remotes/feat/auth-lockdown [2ms]
2025-05-24 22:57:11.806 [info] > git status -z -uall [8ms]
2025-05-24 22:57:11.807 [info] > git for-each-ref --sort -committerdate --format %(refname)%00%(objectname)%00%(*objectname) [3ms]
2025-05-24 22:57:16.827 [info] > git config --get commit.template [7ms]
2025-05-24 22:57:16.828 [info] > git for-each-ref --format=%(refname)%00%(upstream:short)%00%(objectname)%00%(upstream:track)%00%(upstream:remotename)%00%(upstream:remoteref) refs/heads/feat/auth-lockdown refs/remotes/feat/auth-lockdown [2ms]
2025-05-24 22:57:16.843 [info] > git status -z -uall [7ms]
2025-05-24 22:57:16.846 [info] > git for-each-ref --sort -committerdate --format %(refname)%00%(objectname)%00%(*objectname) [3ms]
2025-05-24 22:57:21.879 [info] > git config --get commit.template [19ms]
2025-05-24 22:57:21.883 [info] > git for-each-ref --format=%(refname)%00%(upstream:short)%00%(objectname)%00%(upstream:track)%00%(upstream:remotename)%00%(upstream:remoteref) refs/heads/feat/auth-lockdown refs/remotes/feat/auth-lockdown [5ms]
2025-05-24 22:57:21.916 [info] > git status -z -uall [12ms]
2025-05-24 22:57:21.919 [info] > git for-each-ref --sort -committerdate --format %(refname)%00%(objectname)%00%(*objectname) [4ms]
2025-05-24 22:57:26.941 [info] > git config --get commit.template [5ms]
2025-05-24 22:57:26.942 [info] > git for-each-ref --format=%(refname)%00%(upstream:short)%00%(objectname)%00%(upstream:track)%00%(upstream:remotename)%00%(upstream:remoteref) refs/heads/feat/auth-lockdown refs/remotes/feat/auth-lockdown [1ms]
2025-05-24 22:57:26.953 [info] > git status -z -uall [5ms]
2025-05-24 22:57:26.956 [info] > git for-each-ref --sort -committerdate --format %(refname)%00%(objectname)%00%(*objectname) [3ms]
2025-05-24 22:57:31.995 [info] > git config --get commit.template [20ms]
2025-05-24 22:57:31.996 [info] > git for-each-ref --format=%(refname)%00%(upstream:short)%00%(objectname)%00%(upstream:track)%00%(upstream:remotename)%00%(upstream:remoteref) refs/heads/feat/auth-lockdown refs/remotes/feat/auth-lockdown [2ms]
2025-05-24 22:57:32.071 [info] > git status -z -uall [48ms]
2025-05-24 22:57:32.073 [info] > git for-each-ref --sort -committerdate --format %(refname)%00%(objectname)%00%(*objectname) [9ms]
2025-05-24 22:57:37.096 [info] > git config --get commit.template [1ms]
2025-05-24 22:57:37.112 [info] > git for-each-ref --format=%(refname)%00%(upstream:short)%00%(objectname)%00%(upstream:track)%00%(upstream:remotename)%00%(upstream:remoteref) refs/heads/feat/auth-lockdown refs/remotes/feat/auth-lockdown [2ms]
2025-05-24 22:57:37.143 [info] > git status -z -uall [17ms]
2025-05-24 22:57:37.146 [info] > git for-each-ref --sort -committerdate --format %(refname)%00%(objectname)%00%(*objectname) [4ms]
2025-05-24 22:57:42.169 [info] > git for-each-ref --format=%(refname)%00%(upstream:short)%00%(objectname)%00%(upstream:track)%00%(upstream:remotename)%00%(upstream:remoteref) refs/heads/feat/auth-lockdown refs/remotes/feat/auth-lockdown [1ms]
2025-05-24 22:57:42.170 [info] > git config --get commit.template [8ms]
2025-05-24 22:57:42.197 [info] > git status -z -uall [17ms]
2025-05-24 22:57:42.204 [info] > git for-each-ref --sort -committerdate --format %(refname)%00%(objectname)%00%(*objectname) [7ms]
2025-05-24 22:57:47.237 [info] > git config --get commit.template [11ms]
2025-05-24 22:57:47.238 [info] > git for-each-ref --format=%(refname)%00%(upstream:short)%00%(objectname)%00%(upstream:track)%00%(upstream:remotename)%00%(upstream:remoteref) refs/heads/feat/auth-lockdown refs/remotes/feat/auth-lockdown [2ms]
2025-05-24 22:57:47.267 [info] > git status -z -uall [14ms]
2025-05-24 22:57:47.269 [info] > git for-each-ref --sort -committerdate --format %(refname)%00%(objectname)%00%(*objectname) [3ms]
2025-05-24 22:57:52.285 [info] > git config --get commit.template [5ms]
2025-05-24 22:57:52.286 [info] > git for-each-ref --format=%(refname)%00%(upstream:short)%00%(objectname)%00%(upstream:track)%00%(upstream:remotename)%00%(upstream:remoteref) refs/heads/feat/auth-lockdown refs/remotes/feat/auth-lockdown [1ms]
2025-05-24 22:57:52.298 [info] > git status -z -uall [6ms]
2025-05-24 22:57:52.300 [info] > git for-each-ref --sort -committerdate --format %(refname)%00%(objectname)%00%(*objectname) [3ms]
2025-05-24 22:57:57.312 [info] > git config --get commit.template [0ms]
2025-05-24 22:57:57.321 [info] > git for-each-ref --format=%(refname)%00%(upstream:short)%00%(objectname)%00%(upstream:track)%00%(upstream:remotename)%00%(upstream:remoteref) refs/heads/feat/auth-lockdown refs/remotes/feat/auth-lockdown [1ms]
2025-05-24 22:57:57.334 [info] > git status -z -uall [7ms]
2025-05-24 22:57:57.337 [info] > git for-each-ref --sort -committerdate --format %(refname)%00%(objectname)%00%(*objectname) [4ms]
2025-05-24 22:58:02.354 [info] > git config --get commit.template [5ms]
2025-05-24 22:58:02.355 [info] > git for-each-ref --format=%(refname)%00%(upstream:short)%00%(objectname)%00%(upstream:track)%00%(upstream:remotename)%00%(upstream:remoteref) refs/heads/feat/auth-lockdown refs/remotes/feat/auth-lockdown [2ms]
2025-05-24 22:58:02.367 [info] > git status -z -uall [6ms]
2025-05-24 22:58:02.372 [info] > git for-each-ref --sort -committerdate --format %(refname)%00%(objectname)%00%(*objectname) [5ms]
2025-05-24 22:58:07.399 [info] > git config --get commit.template [9ms]
2025-05-24 22:58:07.402 [info] > git for-each-ref --format=%(refname)%00%(upstream:short)%00%(objectname)%00%(upstream:track)%00%(upstream:remotename)%00%(upstream:remoteref) refs/heads/feat/auth-lockdown refs/remotes/feat/auth-lockdown [2ms]
2025-05-24 22:58:07.417 [info] > git status -z -uall [6ms]
2025-05-24 22:58:07.419 [info] > git for-each-ref --sort -committerdate --format %(refname)%00%(objectname)%00%(*objectname) [2ms]
2025-05-24 22:58:12.437 [info] > git config --get commit.template [6ms]
2025-05-24 22:58:12.439 [info] > git for-each-ref --format=%(refname)%00%(upstream:short)%00%(objectname)%00%(upstream:track)%00%(upstream:remotename)%00%(upstream:remoteref) refs/heads/feat/auth-lockdown refs/remotes/feat/auth-lockdown [2ms]
2025-05-24 22:58:12.449 [info] > git status -z -uall [5ms]
2025-05-24 22:58:12.451 [info] > git for-each-ref --sort -committerdate --format %(refname)%00%(objectname)%00%(*objectname) [2ms]
2025-05-24 22:58:17.475 [info] > git config --get commit.template [11ms]
2025-05-24 22:58:17.477 [info] > git for-each-ref --format=%(refname)%00%(upstream:short)%00%(objectname)%00%(upstream:track)%00%(upstream:remotename)%00%(upstream:remoteref) refs/heads/feat/auth-lockdown refs/remotes/feat/auth-lockdown [2ms]
2025-05-24 22:58:17.495 [info] > git status -z -uall [9ms]
2025-05-24 22:58:17.498 [info] > git for-each-ref --sort -committerdate --format %(refname)%00%(objectname)%00%(*objectname) [2ms]
2025-05-24 22:58:22.521 [info] > git config --get commit.template [7ms]
2025-05-24 22:58:22.522 [info] > git for-each-ref --format=%(refname)%00%(upstream:short)%00%(objectname)%00%(upstream:track)%00%(upstream:remotename)%00%(upstream:remoteref) refs/heads/feat/auth-lockdown refs/remotes/feat/auth-lockdown [2ms]
2025-05-24 22:58:22.534 [info] > git status -z -uall [6ms]
2025-05-24 22:58:22.536 [info] > git for-each-ref --sort -committerdate --format %(refname)%00%(objectname)%00%(*objectname) [3ms]
2025-05-24 22:58:27.555 [info] > git config --get commit.template [5ms]
2025-05-24 22:58:27.556 [info] > git for-each-ref --format=%(refname)%00%(upstream:short)%00%(objectname)%00%(upstream:track)%00%(upstream:remotename)%00%(upstream:remoteref) refs/heads/feat/auth-lockdown refs/remotes/feat/auth-lockdown [1ms]
2025-05-24 22:58:27.567 [info] > git status -z -uall [6ms]
2025-05-24 22:58:27.568 [info] > git for-each-ref --sort -committerdate --format %(refname)%00%(objectname)%00%(*objectname) [3ms]
2025-05-24 22:58:32.591 [info] > git config --get commit.template [11ms]
2025-05-24 22:58:32.592 [info] > git for-each-ref --format=%(refname)%00%(upstream:short)%00%(objectname)%00%(upstream:track)%00%(upstream:remotename)%00%(upstream:remoteref) refs/heads/feat/auth-lockdown refs/remotes/feat/auth-lockdown [2ms]
2025-05-24 22:58:32.606 [info] > git status -z -uall [7ms]
2025-05-24 22:58:32.608 [info] > git for-each-ref --sort -committerdate --format %(refname)%00%(objectname)%00%(*objectname) [3ms]
2025-05-24 22:58:37.627 [info] > git config --get commit.template [6ms]
2025-05-24 22:58:37.628 [info] > git for-each-ref --format=%(refname)%00%(upstream:short)%00%(objectname)%00%(upstream:track)%00%(upstream:remotename)%00%(upstream:remoteref) refs/heads/feat/auth-lockdown refs/remotes/feat/auth-lockdown [2ms]
2025-05-24 22:58:37.637 [info] > git status -z -uall [5ms]
2025-05-24 22:58:37.640 [info] > git for-each-ref --sort -committerdate --format %(refname)%00%(objectname)%00%(*objectname) [3ms]
2025-05-24 22:58:42.658 [info] > git config --get commit.template [7ms]
2025-05-24 22:58:42.659 [info] > git for-each-ref --format=%(refname)%00%(upstream:short)%00%(objectname)%00%(upstream:track)%00%(upstream:remotename)%00%(upstream:remoteref) refs/heads/feat/auth-lockdown refs/remotes/feat/auth-lockdown [2ms]
2025-05-24 22:58:42.678 [info] > git status -z -uall [5ms]
2025-05-24 22:58:42.680 [info] > git for-each-ref --sort -committerdate --format %(refname)%00%(objectname)%00%(*objectname) [2ms]
2025-05-24 22:58:47.701 [info] > git config --get commit.template [6ms]
2025-05-24 22:58:47.702 [info] > git for-each-ref --format=%(refname)%00%(upstream:short)%00%(objectname)%00%(upstream:track)%00%(upstream:remotename)%00%(upstream:remoteref) refs/heads/feat/auth-lockdown refs/remotes/feat/auth-lockdown [2ms]
2025-05-24 22:58:47.714 [info] > git status -z -uall [6ms]
2025-05-24 22:58:47.716 [info] > git for-each-ref --sort -committerdate --format %(refname)%00%(objectname)%00%(*objectname) [3ms]
2025-05-24 22:58:52.737 [info] > git config --get commit.template [7ms]
2025-05-24 22:58:52.738 [info] > git for-each-ref --format=%(refname)%00%(upstream:short)%00%(objectname)%00%(upstream:track)%00%(upstream:remotename)%00%(upstream:remoteref) refs/heads/feat/auth-lockdown refs/remotes/feat/auth-lockdown [2ms]
2025-05-24 22:58:52.748 [info] > git status -z -uall [5ms]
2025-05-24 22:58:52.750 [info] > git for-each-ref --sort -committerdate --format %(refname)%00%(objectname)%00%(*objectname) [2ms]
2025-05-24 22:58:57.767 [info] > git config --get commit.template [5ms]
2025-05-24 22:58:57.768 [info] > git for-each-ref --format=%(refname)%00%(upstream:short)%00%(objectname)%00%(upstream:track)%00%(upstream:remotename)%00%(upstream:remoteref) refs/heads/feat/auth-lockdown refs/remotes/feat/auth-lockdown [2ms]
2025-05-24 22:58:57.779 [info] > git status -z -uall [5ms]
2025-05-24 22:58:57.781 [info] > git for-each-ref --sort -committerdate --format %(refname)%00%(objectname)%00%(*objectname) [3ms]
2025-05-24 22:59:02.805 [info] > git config --get commit.template [7ms]
2025-05-24 22:59:02.806 [info] > git for-each-ref --format=%(refname)%00%(upstream:short)%00%(objectname)%00%(upstream:track)%00%(upstream:remotename)%00%(upstream:remoteref) refs/heads/feat/auth-lockdown refs/remotes/feat/auth-lockdown [2ms]
2025-05-24 22:59:02.820 [info] > git status -z -uall [7ms]
2025-05-24 22:59:02.823 [info] > git for-each-ref --sort -committerdate --format %(refname)%00%(objectname)%00%(*objectname) [3ms]
2025-05-24 22:59:07.843 [info] > git config --get commit.template [6ms]
2025-05-24 22:59:07.844 [info] > git for-each-ref --format=%(refname)%00%(upstream:short)%00%(objectname)%00%(upstream:track)%00%(upstream:remotename)%00%(upstream:remoteref) refs/heads/feat/auth-lockdown refs/remotes/feat/auth-lockdown [2ms]
2025-05-24 22:59:07.854 [info] > git status -z -uall [6ms]
2025-05-24 22:59:07.856 [info] > git for-each-ref --sort -committerdate --format %(refname)%00%(objectname)%00%(*objectname) [3ms]
2025-05-24 22:59:12.874 [info] > git config --get commit.template [7ms]
2025-05-24 22:59:12.875 [info] > git for-each-ref --format=%(refname)%00%(upstream:short)%00%(objectname)%00%(upstream:track)%00%(upstream:remotename)%00%(upstream:remoteref) refs/heads/feat/auth-lockdown refs/remotes/feat/auth-lockdown [1ms]
2025-05-24 22:59:12.893 [info] > git status -z -uall [7ms]
2025-05-24 22:59:12.895 [info] > git for-each-ref --sort -committerdate --format %(refname)%00%(objectname)%00%(*objectname) [3ms]
2025-05-24 22:59:17.922 [info] > git config --get commit.template [9ms]
2025-05-24 22:59:17.923 [info] > git for-each-ref --format=%(refname)%00%(upstream:short)%00%(objectname)%00%(upstream:track)%00%(upstream:remotename)%00%(upstream:remoteref) refs/heads/feat/auth-lockdown refs/remotes/feat/auth-lockdown [2ms]
2025-05-24 22:59:17.959 [info] > git status -z -uall [28ms]
2025-05-24 22:59:17.961 [info] > git for-each-ref --sort -committerdate --format %(refname)%00%(objectname)%00%(*objectname) [3ms]
2025-05-24 23:00:44.827 [info] > git config --get commit.template [6ms]
2025-05-24 23:00:44.829 [info] > git for-each-ref --format=%(refname)%00%(upstream:short)%00%(objectname)%00%(upstream:track)%00%(upstream:remotename)%00%(upstream:remoteref) refs/heads/feat/auth-lockdown refs/remotes/feat/auth-lockdown [1ms]
2025-05-24 23:00:44.842 [info] > git status -z -uall [6ms]
2025-05-24 23:00:44.845 [info] > git for-each-ref --sort -committerdate --format %(refname)%00%(objectname)%00%(*objectname) [3ms]
2025-05-24 23:00:49.862 [info] > git config --get commit.template [5ms]
2025-05-24 23:00:49.864 [info] > git for-each-ref --format=%(refname)%00%(upstream:short)%00%(objectname)%00%(upstream:track)%00%(upstream:remotename)%00%(upstream:remoteref) refs/heads/feat/auth-lockdown refs/remotes/feat/auth-lockdown [2ms]
2025-05-24 23:00:49.873 [info] > git status -z -uall [4ms]
2025-05-24 23:00:49.876 [info] > git for-each-ref --sort -committerdate --format %(refname)%00%(objectname)%00%(*objectname) [2ms]
2025-05-24 23:01:49.399 [info] > git config --get commit.template [6ms]
2025-05-24 23:01:49.400 [info] > git for-each-ref --format=%(refname)%00%(upstream:short)%00%(objectname)%00%(upstream:track)%00%(upstream:remotename)%00%(upstream:remoteref) refs/heads/feat/auth-lockdown refs/remotes/feat/auth-lockdown [2ms]
2025-05-24 23:01:49.410 [info] > git status -z -uall [5ms]
2025-05-24 23:01:49.413 [info] > git for-each-ref --sort -committerdate --format %(refname)%00%(objectname)%00%(*objectname) [3ms]
2025-05-24 23:01:54.430 [info] > git config --get commit.template [6ms]
2025-05-24 23:01:54.432 [info] > git for-each-ref --format=%(refname)%00%(upstream:short)%00%(objectname)%00%(upstream:track)%00%(upstream:remotename)%00%(upstream:remoteref) refs/heads/feat/auth-lockdown refs/remotes/feat/auth-lockdown [3ms]
2025-05-24 23:01:54.454 [info] > git status -z -uall [13ms]
2025-05-24 23:01:54.457 [info] > git for-each-ref --sort -committerdate --format %(refname)%00%(objectname)%00%(*objectname) [4ms]
2025-05-24 23:01:59.473 [info] > git config --get commit.template [6ms]
2025-05-24 23:01:59.474 [info] > git for-each-ref --format=%(refname)%00%(upstream:short)%00%(objectname)%00%(upstream:track)%00%(upstream:remotename)%00%(upstream:remoteref) refs/heads/feat/auth-lockdown refs/remotes/feat/auth-lockdown [1ms]
2025-05-24 23:01:59.492 [info] > git status -z -uall [10ms]
2025-05-24 23:01:59.493 [info] > git for-each-ref --sort -committerdate --format %(refname)%00%(objectname)%00%(*objectname) [4ms]
2025-05-24 23:20:44.650 [info] > git config --get commit.template [6ms]
2025-05-24 23:20:44.651 [info] > git for-each-ref --format=%(refname)%00%(upstream:short)%00%(objectname)%00%(upstream:track)%00%(upstream:remotename)%00%(upstream:remoteref) refs/heads/feat/auth-lockdown refs/remotes/feat/auth-lockdown [2ms]
2025-05-24 23:20:44.660 [info] > git status -z -uall [4ms]
2025-05-24 23:20:44.662 [info] > git for-each-ref --sort -committerdate --format %(refname)%00%(objectname)%00%(*objectname) [2ms]
2025-05-24 23:20:49.679 [info] > git config --get commit.template [5ms]
2025-05-24 23:20:49.680 [info] > git for-each-ref --format=%(refname)%00%(upstream:short)%00%(objectname)%00%(upstream:track)%00%(upstream:remotename)%00%(upstream:remoteref) refs/heads/feat/auth-lockdown refs/remotes/feat/auth-lockdown [2ms]
2025-05-24 23:20:49.689 [info] > git status -z -uall [4ms]
2025-05-24 23:20:49.691 [info] > git for-each-ref --sort -committerdate --format %(refname)%00%(objectname)%00%(*objectname) [2ms]
2025-05-24 23:22:13.828 [info] > git config --get commit.template [5ms]
2025-05-24 23:22:13.829 [info] > git for-each-ref --format=%(refname)%00%(upstream:short)%00%(objectname)%00%(upstream:track)%00%(upstream:remotename)%00%(upstream:remoteref) refs/heads/feat/auth-lockdown refs/remotes/feat/auth-lockdown [1ms]
2025-05-24 23:22:13.838 [info] > git status -z -uall [5ms]
2025-05-24 23:22:13.841 [info] > git for-each-ref --sort -committerdate --format %(refname)%00%(objectname)%00%(*objectname) [3ms]
2025-05-24 23:22:18.857 [info] > git config --get commit.template [5ms]
2025-05-24 23:22:18.858 [info] > git for-each-ref --format=%(refname)%00%(upstream:short)%00%(objectname)%00%(upstream:track)%00%(upstream:remotename)%00%(upstream:remoteref) refs/heads/feat/auth-lockdown refs/remotes/feat/auth-lockdown [1ms]
2025-05-24 23:22:18.867 [info] > git status -z -uall [5ms]
2025-05-24 23:22:18.869 [info] > git for-each-ref --sort -committerdate --format %(refname)%00%(objectname)%00%(*objectname) [3ms]
2025-05-24 23:22:23.889 [info] > git config --get commit.template [5ms]
2025-05-24 23:22:23.889 [info] > git for-each-ref --format=%(refname)%00%(upstream:short)%00%(objectname)%00%(upstream:track)%00%(upstream:remotename)%00%(upstream:remoteref) refs/heads/feat/auth-lockdown refs/remotes/feat/auth-lockdown [1ms]
2025-05-24 23:22:23.898 [info] > git status -z -uall [4ms]
2025-05-24 23:22:23.900 [info] > git for-each-ref --sort -committerdate --format %(refname)%00%(objectname)%00%(*objectname) [2ms]
2025-05-24 23:22:58.142 [info] > git config --get commit.template [7ms]
2025-05-24 23:22:58.144 [info] > git for-each-ref --format=%(refname)%00%(upstream:short)%00%(objectname)%00%(upstream:track)%00%(upstream:remotename)%00%(upstream:remoteref) refs/heads/feat/auth-lockdown refs/remotes/feat/auth-lockdown [3ms]
2025-05-24 23:22:58.162 [info] > git status -z -uall [13ms]
2025-05-24 23:22:58.165 [info] > git for-each-ref --sort -committerdate --format %(refname)%00%(objectname)%00%(*objectname) [4ms]
2025-05-24 23:23:03.194 [info] > git for-each-ref --format=%(refname)%00%(upstream:short)%00%(objectname)%00%(upstream:track)%00%(upstream:remotename)%00%(upstream:remoteref) refs/heads/feat/auth-lockdown refs/remotes/feat/auth-lockdown [2ms]
2025-05-24 23:23:03.194 [info] > git config --get commit.template [12ms]
2025-05-24 23:23:03.216 [info] > git status -z -uall [11ms]
2025-05-24 23:23:03.218 [info] > git for-each-ref --sort -committerdate --format %(refname)%00%(objectname)%00%(*objectname) [3ms]
2025-05-24 23:23:08.234 [info] > git config --get commit.template [1ms]
2025-05-24 23:23:08.240 [info] > git for-each-ref --format=%(refname)%00%(upstream:short)%00%(objectname)%00%(upstream:track)%00%(upstream:remotename)%00%(upstream:remoteref) refs/heads/feat/auth-lockdown refs/remotes/feat/auth-lockdown [1ms]
2025-05-24 23:23:08.251 [info] > git status -z -uall [7ms]
2025-05-24 23:23:08.254 [info] > git for-each-ref --sort -committerdate --format %(refname)%00%(objectname)%00%(*objectname) [3ms]
2025-05-24 23:23:13.290 [info] > git config --get commit.template [18ms]
2025-05-24 23:23:13.291 [info] > git for-each-ref --format=%(refname)%00%(upstream:short)%00%(objectname)%00%(upstream:track)%00%(upstream:remotename)%00%(upstream:remoteref) refs/heads/feat/auth-lockdown refs/remotes/feat/auth-lockdown [2ms]
2025-05-24 23:23:13.304 [info] > git status -z -uall [5ms]
2025-05-24 23:23:13.307 [info] > git for-each-ref --sort -committerdate --format %(refname)%00%(objectname)%00%(*objectname) [3ms]
2025-05-24 23:24:39.638 [info] > git config --get commit.template [6ms]
2025-05-24 23:24:39.639 [info] > git for-each-ref --format=%(refname)%00%(upstream:short)%00%(objectname)%00%(upstream:track)%00%(upstream:remotename)%00%(upstream:remoteref) refs/heads/feat/auth-lockdown refs/remotes/feat/auth-lockdown [1ms]
2025-05-24 23:24:39.649 [info] > git status -z -uall [5ms]
2025-05-24 23:24:39.651 [info] > git for-each-ref --sort -committerdate --format %(refname)%00%(objectname)%00%(*objectname) [3ms]
2025-05-24 23:24:44.675 [info] > git config --get commit.template [8ms]
2025-05-24 23:24:44.676 [info] > git for-each-ref --format=%(refname)%00%(upstream:short)%00%(objectname)%00%(upstream:track)%00%(upstream:remotename)%00%(upstream:remoteref) refs/heads/feat/auth-lockdown refs/remotes/feat/auth-lockdown [1ms]
2025-05-24 23:24:44.688 [info] > git status -z -uall [5ms]
2025-05-24 23:24:44.690 [info] > git for-each-ref --sort -committerdate --format %(refname)%00%(objectname)%00%(*objectname) [3ms]
2025-05-24 23:30:28.883 [info] > git config --get commit.template [5ms]
2025-05-24 23:30:28.884 [info] > git for-each-ref --format=%(refname)%00%(upstream:short)%00%(objectname)%00%(upstream:track)%00%(upstream:remotename)%00%(upstream:remoteref) refs/heads/feat/auth-lockdown refs/remotes/feat/auth-lockdown [2ms]
2025-05-24 23:30:28.897 [info] > git status -z -uall [5ms]
2025-05-24 23:30:28.900 [info] > git for-each-ref --sort -committerdate --format %(refname)%00%(objectname)%00%(*objectname) [3ms]
2025-05-24 23:31:42.238 [info] > git config --get commit.template [1ms]
2025-05-24 23:31:42.247 [info] > git for-each-ref --format=%(refname)%00%(upstream:short)%00%(objectname)%00%(upstream:track)%00%(upstream:remotename)%00%(upstream:remoteref) refs/heads/feat/auth-lockdown refs/remotes/feat/auth-lockdown [2ms]
2025-05-24 23:31:42.257 [info] > git status -z -uall [5ms]
2025-05-24 23:31:42.274 [info] > git for-each-ref --sort -committerdate --format %(refname)%00%(objectname)%00%(*objectname) [17ms]
2025-05-24 23:31:47.296 [info] > git config --get commit.template [6ms]
2025-05-24 23:31:47.297 [info] > git for-each-ref --format=%(refname)%00%(upstream:short)%00%(objectname)%00%(upstream:track)%00%(upstream:remotename)%00%(upstream:remoteref) refs/heads/feat/auth-lockdown refs/remotes/feat/auth-lockdown [2ms]
2025-05-24 23:31:47.308 [info] > git status -z -uall [4ms]
2025-05-24 23:31:47.311 [info] > git for-each-ref --sort -committerdate --format %(refname)%00%(objectname)%00%(*objectname) [3ms]
2025-05-24 23:32:19.754 [info] > git for-each-ref --format=%(refname)%00%(upstream:short)%00%(objectname)%00%(upstream:track)%00%(upstream:remotename)%00%(upstream:remoteref) refs/heads/feat/auth-lockdown refs/remotes/feat/auth-lockdown [2ms]
2025-05-24 23:32:19.755 [info] > git config --get commit.template [6ms]
2025-05-24 23:32:19.765 [info] > git status -z -uall [5ms]
2025-05-24 23:32:19.767 [info] > git for-each-ref --sort -committerdate --format %(refname)%00%(objectname)%00%(*objectname) [3ms]
2025-05-24 23:32:24.828 [info] > git config --get commit.template [34ms]
2025-05-24 23:32:24.833 [info] > git for-each-ref --format=%(refname)%00%(upstream:short)%00%(objectname)%00%(upstream:track)%00%(upstream:remotename)%00%(upstream:remoteref) refs/heads/feat/auth-lockdown refs/remotes/feat/auth-lockdown [5ms]
2025-05-24 23:32:24.851 [info] > git status -z -uall [10ms]
2025-05-24 23:32:24.857 [info] > git for-each-ref --sort -committerdate --format %(refname)%00%(objectname)%00%(*objectname) [7ms]
2025-05-24 23:32:58.798 [info] > git config --get commit.template [18ms]
2025-05-24 23:32:58.800 [info] > git for-each-ref --format=%(refname)%00%(upstream:short)%00%(objectname)%00%(upstream:track)%00%(upstream:remotename)%00%(upstream:remoteref) refs/heads/feat/auth-lockdown refs/remotes/feat/auth-lockdown [3ms]
2025-05-24 23:32:58.838 [info] > git status -z -uall [22ms]
2025-05-24 23:32:58.844 [info] > git for-each-ref --sort -committerdate --format %(refname)%00%(objectname)%00%(*objectname) [7ms]
2025-05-24 23:33:03.863 [info] > git config --get commit.template [4ms]
2025-05-24 23:33:03.878 [info] > git for-each-ref --format=%(refname)%00%(upstream:short)%00%(objectname)%00%(upstream:track)%00%(upstream:remotename)%00%(upstream:remoteref) refs/heads/feat/auth-lockdown refs/remotes/feat/auth-lockdown [3ms]
2025-05-24 23:33:03.912 [info] > git status -z -uall [12ms]
2025-05-24 23:33:03.914 [info] > git for-each-ref --sort -committerdate --format %(refname)%00%(objectname)%00%(*objectname) [3ms]
2025-05-24 23:33:08.930 [info] > git config --get commit.template [5ms]
2025-05-24 23:33:08.931 [info] > git for-each-ref --format=%(refname)%00%(upstream:short)%00%(objectname)%00%(upstream:track)%00%(upstream:remotename)%00%(upstream:remoteref) refs/heads/feat/auth-lockdown refs/remotes/feat/auth-lockdown [2ms]
2025-05-24 23:33:08.943 [info] > git status -z -uall [5ms]
2025-05-24 23:33:08.945 [info] > git for-each-ref --sort -committerdate --format %(refname)%00%(objectname)%00%(*objectname) [2ms]
2025-05-24 23:33:13.980 [info] > git config --get commit.template [16ms]
2025-05-24 23:33:13.989 [info] > git for-each-ref --format=%(refname)%00%(upstream:short)%00%(objectname)%00%(upstream:track)%00%(upstream:remotename)%00%(upstream:remoteref) refs/heads/feat/auth-lockdown refs/remotes/feat/auth-lockdown [10ms]
2025-05-24 23:33:14.017 [info] > git status -z -uall [14ms]
2025-05-24 23:33:14.022 [info] > git for-each-ref --sort -committerdate --format %(refname)%00%(objectname)%00%(*objectname) [5ms]
2025-05-24 23:33:19.052 [info] > git config --get commit.template [13ms]
2025-05-24 23:33:19.054 [info] > git for-each-ref --format=%(refname)%00%(upstream:short)%00%(objectname)%00%(upstream:track)%00%(upstream:remotename)%00%(upstream:remoteref) refs/heads/feat/auth-lockdown refs/remotes/feat/auth-lockdown [3ms]
2025-05-24 23:33:19.089 [info] > git status -z -uall [24ms]
2025-05-24 23:33:19.096 [info] > git for-each-ref --sort -committerdate --format %(refname)%00%(objectname)%00%(*objectname) [8ms]
2025-05-24 23:33:32.934 [info] > git config --get commit.template [0ms]
2025-05-24 23:33:32.940 [info] > git for-each-ref --format=%(refname)%00%(upstream:short)%00%(objectname)%00%(upstream:track)%00%(upstream:remotename)%00%(upstream:remoteref) refs/heads/feat/auth-lockdown refs/remotes/feat/auth-lockdown [1ms]
2025-05-24 23:33:32.958 [info] > git status -z -uall [8ms]
2025-05-24 23:33:32.962 [info] > git for-each-ref --sort -committerdate --format %(refname)%00%(objectname)%00%(*objectname) [4ms]
2025-05-24 23:36:21.954 [info] > git config --get commit.template [6ms]
2025-05-24 23:36:21.954 [info] > git for-each-ref --format=%(refname)%00%(upstream:short)%00%(objectname)%00%(upstream:track)%00%(upstream:remotename)%00%(upstream:remoteref) refs/heads/feat/auth-lockdown refs/remotes/feat/auth-lockdown [1ms]
2025-05-24 23:36:21.966 [info] > git status -z -uall [7ms]
2025-05-24 23:36:21.967 [info] > git for-each-ref --sort -committerdate --format %(refname)%00%(objectname)%00%(*objectname) [3ms]
2025-05-24 23:36:26.983 [info] > git config --get commit.template [5ms]
2025-05-24 23:36:26.984 [info] > git for-each-ref --format=%(refname)%00%(upstream:short)%00%(objectname)%00%(upstream:track)%00%(upstream:remotename)%00%(upstream:remoteref) refs/heads/feat/auth-lockdown refs/remotes/feat/auth-lockdown [2ms]
2025-05-24 23:36:26.994 [info] > git status -z -uall [6ms]
2025-05-24 23:36:26.996 [info] > git for-each-ref --sort -committerdate --format %(refname)%00%(objectname)%00%(*objectname) [3ms]
2025-05-24 23:36:51.931 [info] > git for-each-ref --format=%(refname)%00%(upstream:short)%00%(objectname)%00%(upstream:track)%00%(upstream:remotename)%00%(upstream:remoteref) refs/heads/feat/auth-lockdown refs/remotes/feat/auth-lockdown [3ms]
2025-05-24 23:36:51.931 [info] > git config --get commit.template [15ms]
2025-05-24 23:36:51.960 [info] > git status -z -uall [7ms]
2025-05-24 23:36:51.963 [info] > git for-each-ref --sort -committerdate --format %(refname)%00%(objectname)%00%(*objectname) [4ms]
2025-05-24 23:36:56.985 [info] > git config --get commit.template [7ms]
2025-05-24 23:36:56.985 [info] > git for-each-ref --format=%(refname)%00%(upstream:short)%00%(objectname)%00%(upstream:track)%00%(upstream:remotename)%00%(upstream:remoteref) refs/heads/feat/auth-lockdown refs/remotes/feat/auth-lockdown [1ms]
2025-05-24 23:36:57.004 [info] > git status -z -uall [9ms]
2025-05-24 23:36:57.004 [info] > git for-each-ref --sort -committerdate --format %(refname)%00%(objectname)%00%(*objectname) [3ms]
2025-05-24 23:37:02.031 [info] > git config --get commit.template [9ms]
2025-05-24 23:37:02.032 [info] > git for-each-ref --format=%(refname)%00%(upstream:short)%00%(objectname)%00%(upstream:track)%00%(upstream:remotename)%00%(upstream:remoteref) refs/heads/feat/auth-lockdown refs/remotes/feat/auth-lockdown [1ms]
2025-05-24 23:37:02.047 [info] > git status -z -uall [8ms]
2025-05-24 23:37:02.049 [info] > git for-each-ref --sort -committerdate --format %(refname)%00%(objectname)%00%(*objectname) [3ms]
2025-05-24 23:37:07.066 [info] > git config --get commit.template [5ms]
2025-05-24 23:37:07.075 [info] > git for-each-ref --format=%(refname)%00%(upstream:short)%00%(objectname)%00%(upstream:track)%00%(upstream:remotename)%00%(upstream:remoteref) refs/heads/feat/auth-lockdown refs/remotes/feat/auth-lockdown [2ms]
2025-05-24 23:37:07.088 [info] > git status -z -uall [7ms]
2025-05-24 23:37:07.090 [info] > git for-each-ref --sort -committerdate --format %(refname)%00%(objectname)%00%(*objectname) [3ms]
2025-05-24 23:37:26.908 [info] > git config --get commit.template [2ms]
2025-05-24 23:37:26.916 [info] > git for-each-ref --format=%(refname)%00%(upstream:short)%00%(objectname)%00%(upstream:track)%00%(upstream:remotename)%00%(upstream:remoteref) refs/heads/feat/auth-lockdown refs/remotes/feat/auth-lockdown [2ms]
2025-05-24 23:37:26.929 [info] > git status -z -uall [8ms]
2025-05-24 23:37:26.930 [info] > git for-each-ref --sort -committerdate --format %(refname)%00%(objectname)%00%(*objectname) [2ms]
2025-05-24 23:37:31.959 [info] > git config --get commit.template [11ms]
2025-05-24 23:37:31.961 [info] > git for-each-ref --format=%(refname)%00%(upstream:short)%00%(objectname)%00%(upstream:track)%00%(upstream:remotename)%00%(upstream:remoteref) refs/heads/feat/auth-lockdown refs/remotes/feat/auth-lockdown [3ms]
2025-05-24 23:37:31.980 [info] > git status -z -uall [9ms]
2025-05-24 23:37:31.983 [info] > git for-each-ref --sort -committerdate --format %(refname)%00%(objectname)%00%(*objectname) [4ms]
2025-05-24 23:37:37.022 [info] > git for-each-ref --format=%(refname)%00%(upstream:short)%00%(objectname)%00%(upstream:track)%00%(upstream:remotename)%00%(upstream:remoteref) refs/heads/feat/auth-lockdown refs/remotes/feat/auth-lockdown [2ms]
2025-05-24 23:37:37.022 [info] > git config --get commit.template [15ms]
2025-05-24 23:37:37.038 [info] > git status -z -uall [6ms]
2025-05-24 23:37:37.040 [info] > git for-each-ref --sort -committerdate --format %(refname)%00%(objectname)%00%(*objectname) [2ms]
2025-05-24 23:37:42.070 [info] > git config --get commit.template [16ms]
2025-05-24 23:37:42.071 [info] > git for-each-ref --format=%(refname)%00%(upstream:short)%00%(objectname)%00%(upstream:track)%00%(upstream:remotename)%00%(upstream:remoteref) refs/heads/feat/auth-lockdown refs/remotes/feat/auth-lockdown [2ms]
2025-05-24 23:37:42.090 [info] > git status -z -uall [9ms]
2025-05-24 23:37:42.091 [info] > git for-each-ref --sort -committerdate --format %(refname)%00%(objectname)%00%(*objectname) [2ms]
2025-05-24 23:37:47.108 [info] > git config --get commit.template [5ms]
2025-05-24 23:37:47.109 [info] > git for-each-ref --format=%(refname)%00%(upstream:short)%00%(objectname)%00%(upstream:track)%00%(upstream:remotename)%00%(upstream:remoteref) refs/heads/feat/auth-lockdown refs/remotes/feat/auth-lockdown [1ms]
2025-05-24 23:37:47.122 [info] > git status -z -uall [6ms]
2025-05-24 23:37:47.123 [info] > git for-each-ref --sort -committerdate --format %(refname)%00%(objectname)%00%(*objectname) [3ms]
2025-05-24 23:37:52.142 [info] > git config --get commit.template [7ms]
2025-05-24 23:37:52.143 [info] > git for-each-ref --format=%(refname)%00%(upstream:short)%00%(objectname)%00%(upstream:track)%00%(upstream:remotename)%00%(upstream:remoteref) refs/heads/feat/auth-lockdown refs/remotes/feat/auth-lockdown [2ms]
2025-05-24 23:37:52.155 [info] > git status -z -uall [6ms]
2025-05-24 23:37:52.158 [info] > git for-each-ref --sort -committerdate --format %(refname)%00%(objectname)%00%(*objectname) [3ms]
2025-05-24 23:39:25.646 [info] > git config --get commit.template [11ms]
2025-05-24 23:39:25.651 [info] > git for-each-ref --format=%(refname)%00%(upstream:short)%00%(objectname)%00%(upstream:track)%00%(upstream:remotename)%00%(upstream:remoteref) refs/heads/feat/auth-lockdown refs/remotes/feat/auth-lockdown [5ms]
2025-05-24 23:39:25.666 [info] > git status -z -uall [7ms]
2025-05-24 23:39:25.669 [info] > git for-each-ref --sort -committerdate --format %(refname)%00%(objectname)%00%(*objectname) [3ms]
2025-05-24 23:39:30.688 [info] > git config --get commit.template [5ms]
2025-05-24 23:39:30.688 [info] > git for-each-ref --format=%(refname)%00%(upstream:short)%00%(objectname)%00%(upstream:track)%00%(upstream:remotename)%00%(upstream:remoteref) refs/heads/feat/auth-lockdown refs/remotes/feat/auth-lockdown [1ms]
2025-05-24 23:39:30.702 [info] > git status -z -uall [6ms]
2025-05-24 23:39:30.704 [info] > git for-each-ref --sort -committerdate --format %(refname)%00%(objectname)%00%(*objectname) [3ms]
2025-05-24 23:39:35.727 [info] > git config --get commit.template [6ms]
2025-05-24 23:39:35.728 [info] > git for-each-ref --format=%(refname)%00%(upstream:short)%00%(objectname)%00%(upstream:track)%00%(upstream:remotename)%00%(upstream:remoteref) refs/heads/feat/auth-lockdown refs/remotes/feat/auth-lockdown [2ms]
2025-05-24 23:39:35.745 [info] > git status -z -uall [13ms]
2025-05-24 23:39:35.747 [info] > git for-each-ref --sort -committerdate --format %(refname)%00%(objectname)%00%(*objectname) [4ms]
2025-05-24 23:39:40.769 [info] > git config --get commit.template [9ms]
2025-05-24 23:39:40.770 [info] > git for-each-ref --format=%(refname)%00%(upstream:short)%00%(objectname)%00%(upstream:track)%00%(upstream:remotename)%00%(upstream:remoteref) refs/heads/feat/auth-lockdown refs/remotes/feat/auth-lockdown [2ms]
2025-05-24 23:39:40.783 [info] > git status -z -uall [5ms]
2025-05-24 23:39:40.786 [info] > git for-each-ref --sort -committerdate --format %(refname)%00%(objectname)%00%(*objectname) [4ms]
2025-05-24 23:39:56.197 [info] > git config --get commit.template [2ms]
2025-05-24 23:39:56.205 [info] > git for-each-ref --format=%(refname)%00%(upstream:short)%00%(objectname)%00%(upstream:track)%00%(upstream:remotename)%00%(upstream:remoteref) refs/heads/feat/auth-lockdown refs/remotes/feat/auth-lockdown [1ms]
2025-05-24 23:39:56.216 [info] > git status -z -uall [5ms]
2025-05-24 23:39:56.218 [info] > git for-each-ref --sort -committerdate --format %(refname)%00%(objectname)%00%(*objectname) [3ms]
2025-05-24 23:40:01.242 [info] > git config --get commit.template [7ms]
2025-05-24 23:40:01.244 [info] > git for-each-ref --format=%(refname)%00%(upstream:short)%00%(objectname)%00%(upstream:track)%00%(upstream:remotename)%00%(upstream:remoteref) refs/heads/feat/auth-lockdown refs/remotes/feat/auth-lockdown [2ms]
2025-05-24 23:40:01.260 [info] > git status -z -uall [7ms]
2025-05-24 23:40:01.263 [info] > git for-each-ref --sort -committerdate --format %(refname)%00%(objectname)%00%(*objectname) [4ms]
2025-05-24 23:40:06.281 [info] > git config --get commit.template [6ms]
2025-05-24 23:40:06.282 [info] > git for-each-ref --format=%(refname)%00%(upstream:short)%00%(objectname)%00%(upstream:track)%00%(upstream:remotename)%00%(upstream:remoteref) refs/heads/feat/auth-lockdown refs/remotes/feat/auth-lockdown [1ms]
2025-05-24 23:40:06.295 [info] > git status -z -uall [7ms]
2025-05-24 23:40:06.297 [info] > git for-each-ref --sort -committerdate --format %(refname)%00%(objectname)%00%(*objectname) [2ms]
2025-05-24 23:40:11.347 [info] > git config --get commit.template [12ms]
2025-05-24 23:40:11.348 [info] > git for-each-ref --format=%(refname)%00%(upstream:short)%00%(objectname)%00%(upstream:track)%00%(upstream:remotename)%00%(upstream:remoteref) refs/heads/feat/auth-lockdown refs/remotes/feat/auth-lockdown [2ms]
2025-05-24 23:40:11.381 [info] > git status -z -uall [21ms]
2025-05-24 23:40:11.383 [info] > git for-each-ref --sort -committerdate --format %(refname)%00%(objectname)%00%(*objectname) [5ms]
2025-05-24 23:40:16.409 [info] > git config --get commit.template [9ms]
2025-05-24 23:40:16.410 [info] > git for-each-ref --format=%(refname)%00%(upstream:short)%00%(objectname)%00%(upstream:track)%00%(upstream:remotename)%00%(upstream:remoteref) refs/heads/feat/auth-lockdown refs/remotes/feat/auth-lockdown [2ms]
2025-05-24 23:40:16.428 [info] > git status -z -uall [8ms]
2025-05-24 23:40:16.431 [info] > git for-each-ref --sort -committerdate --format %(refname)%00%(objectname)%00%(*objectname) [3ms]
2025-05-24 23:41:19.177 [info] > git config --get commit.template [6ms]
2025-05-24 23:41:19.178 [info] > git for-each-ref --format=%(refname)%00%(upstream:short)%00%(objectname)%00%(upstream:track)%00%(upstream:remotename)%00%(upstream:remoteref) refs/heads/feat/auth-lockdown refs/remotes/feat/auth-lockdown [1ms]
2025-05-24 23:41:19.193 [info] > git status -z -uall [6ms]
2025-05-24 23:41:19.195 [info] > git for-each-ref --sort -committerdate --format %(refname)%00%(objectname)%00%(*objectname) [3ms]
2025-05-24 23:41:24.219 [info] > git config --get commit.template [8ms]
2025-05-24 23:41:24.220 [info] > git for-each-ref --format=%(refname)%00%(upstream:short)%00%(objectname)%00%(upstream:track)%00%(upstream:remotename)%00%(upstream:remoteref) refs/heads/feat/auth-lockdown refs/remotes/feat/auth-lockdown [1ms]
2025-05-24 23:41:24.239 [info] > git status -z -uall [11ms]
2025-05-24 23:41:24.245 [info] > git for-each-ref --sort -committerdate --format %(refname)%00%(objectname)%00%(*objectname) [6ms]
2025-05-24 23:41:29.264 [info] > git config --get commit.template [6ms]
2025-05-24 23:41:29.265 [info] > git for-each-ref --format=%(refname)%00%(upstream:short)%00%(objectname)%00%(upstream:track)%00%(upstream:remotename)%00%(upstream:remoteref) refs/heads/feat/auth-lockdown refs/remotes/feat/auth-lockdown [1ms]
2025-05-24 23:41:29.277 [info] > git status -z -uall [5ms]
2025-05-24 23:41:29.280 [info] > git for-each-ref --sort -committerdate --format %(refname)%00%(objectname)%00%(*objectname) [3ms]
2025-05-24 23:42:42.398 [info] > git config --get commit.template [10ms]
2025-05-24 23:42:42.399 [info] > git for-each-ref --format=%(refname)%00%(upstream:short)%00%(objectname)%00%(upstream:track)%00%(upstream:remotename)%00%(upstream:remoteref) refs/heads/feat/auth-lockdown refs/remotes/feat/auth-lockdown [2ms]
2025-05-24 23:42:42.434 [info] > git status -z -uall [20ms]
2025-05-24 23:42:42.437 [info] > git for-each-ref --sort -committerdate --format %(refname)%00%(objectname)%00%(*objectname) [3ms]
