2025-05-24 23:48:58.696 [info] [main] Log level: Info
2025-05-24 23:48:58.696 [info] [main] Validating found git in: "git"
2025-05-24 23:48:58.697 [info] [main] Using git "2.47.2" from "git"
2025-05-24 23:48:58.697 [info] [Model][doInitialScan] Initial repository scan started
2025-05-24 23:48:58.697 [info] > git rev-parse --show-toplevel [3ms]
2025-05-24 23:48:58.697 [info] > git rev-parse --git-dir --git-common-dir [1168ms]
2025-05-24 23:48:58.697 [info] [Model][openRepository] Opened repository (path): /home/runner/workspace
2025-05-24 23:48:58.697 [info] [Model][openRepository] Opened repository (real path): /home/runner/workspace
2025-05-24 23:48:58.697 [info] > git rev-parse --show-toplevel [81ms]
2025-05-24 23:48:58.697 [info] > git config --get commit.template [86ms]
2025-05-24 23:48:58.697 [info] > git fetch [737ms]
2025-05-24 23:48:58.697 [info] > git for-each-ref --format=%(refname)%00%(upstream:short)%00%(objectname)%00%(upstream:track)%00%(upstream:remotename)%00%(upstream:remoteref) refs/heads/feat/auth-lockdown refs/remotes/feat/auth-lockdown [628ms]
2025-05-24 23:48:58.699 [info] > git check-ignore -v -z --stdin [18ms]
2025-05-24 23:48:58.701 [info] > git config --get commit.template [11ms]
2025-05-24 23:48:58.771 [info] > git for-each-ref --format=%(refname)%00%(upstream:short)%00%(objectname)%00%(upstream:track)%00%(upstream:remotename)%00%(upstream:remoteref) refs/heads/feat/auth-lockdown refs/remotes/feat/auth-lockdown [13ms]
2025-05-24 23:48:58.781 [info] > git for-each-ref --format=%(refname)%00%(upstream:short)%00%(objectname)%00%(upstream:track)%00%(upstream:remotename)%00%(upstream:remoteref) refs/heads/feat/auth-lockdown refs/remotes/feat/auth-lockdown [31ms]
2025-05-24 23:48:59.318 [info] > git config --get commit.template [548ms]
2025-05-24 23:48:59.498 [info] > git config --get --local branch.feat/auth-lockdown.vscode-merge-base [718ms]
2025-05-24 23:48:59.569 [info] > git for-each-ref --format=%(refname)%00%(upstream:short)%00%(objectname)%00%(upstream:track)%00%(upstream:remotename)%00%(upstream:remoteref) refs/heads/feat/auth-lockdown refs/remotes/feat/auth-lockdown [48ms]
2025-05-24 23:48:59.569 [info] > git for-each-ref --format=%(refname)%00%(upstream:short)%00%(objectname)%00%(upstream:track)%00%(upstream:remotename)%00%(upstream:remoteref) refs/heads/origin/chore/sync-lockfile refs/remotes/origin/chore/sync-lockfile [60ms]
2025-05-24 23:48:59.586 [info] > git rev-parse --show-toplevel [21ms]
2025-05-24 23:48:59.603 [info] > git merge-base refs/heads/feat/auth-lockdown refs/remotes/origin/feat/auth-lockdown [22ms]
2025-05-24 23:48:59.608 [info] > git merge-base refs/heads/feat/auth-lockdown refs/remotes/origin/feat/auth-lockdown [33ms]
2025-05-24 23:48:59.771 [info] > git diff --name-status -z --diff-filter=ADMR 09247752de852996074610f828be52d5d4411a23...refs/remotes/origin/feat/auth-lockdown [145ms]
2025-05-24 23:48:59.772 [info] > git diff --name-status -z --diff-filter=ADMR 09247752de852996074610f828be52d5d4411a23...refs/remotes/origin/feat/auth-lockdown [164ms]
2025-05-24 23:48:59.772 [info] > git rev-parse --show-toplevel [170ms]
2025-05-24 23:48:59.801 [info] > git status -z -uall [22ms]
2025-05-24 23:48:59.801 [info] > git rev-parse --show-toplevel [6ms]
2025-05-24 23:48:59.802 [info] > git for-each-ref --sort -committerdate --format %(refname)%00%(objectname)%00%(*objectname) [16ms]
2025-05-24 23:49:00.149 [info] > git rev-parse --show-toplevel [304ms]
2025-05-24 23:49:00.271 [info] > git rev-parse --show-toplevel [48ms]
2025-05-24 23:49:00.296 [info] > git rev-parse --show-toplevel [8ms]
2025-05-24 23:49:00.309 [info] > git rev-parse --show-toplevel [5ms]
2025-05-24 23:49:00.316 [info] > git rev-parse --show-toplevel [2ms]
2025-05-24 23:49:00.324 [info] > git rev-parse --show-toplevel [3ms]
2025-05-24 23:49:00.328 [info] > git rev-parse --show-toplevel [1ms]
2025-05-24 23:49:00.334 [info] > git rev-parse --show-toplevel [2ms]
2025-05-24 23:49:00.338 [info] > git rev-parse --show-toplevel [1ms]
2025-05-24 23:49:00.342 [info] > git rev-parse --show-toplevel [1ms]
2025-05-24 23:49:00.347 [info] > git rev-parse --show-toplevel [0ms]
2025-05-24 23:49:00.353 [info] > git rev-parse --show-toplevel [1ms]
2025-05-24 23:49:00.371 [info] > git rev-parse --show-toplevel [14ms]
2025-05-24 23:49:00.378 [info] > git rev-parse --show-toplevel [1ms]
2025-05-24 23:49:00.385 [info] > git rev-parse --show-toplevel [1ms]
2025-05-24 23:49:00.390 [info] > git rev-parse --show-toplevel [1ms]
2025-05-24 23:49:00.392 [info] [Model][doInitialScan] Initial repository scan completed - repositories (1), closed repositories (0), parent repositories (0), unsafe repositories (0)
2025-05-24 23:49:00.413 [info] > git show --textconv :client/src/lib/websocketClient.ts [16ms]
2025-05-24 23:49:00.414 [info] > git ls-files --stage -- client/src/lib/websocketClient.ts [10ms]
2025-05-24 23:49:00.419 [info] > git config --get commit.template [6ms]
2025-05-24 23:49:00.420 [info] > git cat-file -s e30528a6adc022dd8adcc694c97ba6d73162b2f5 [2ms]
2025-05-24 23:49:00.428 [info] > git for-each-ref --format=%(refname)%00%(upstream:short)%00%(objectname)%00%(upstream:track)%00%(upstream:remotename)%00%(upstream:remoteref) refs/heads/feat/auth-lockdown refs/remotes/feat/auth-lockdown [1ms]
2025-05-24 23:49:00.438 [info] > git status -z -uall [5ms]
2025-05-24 23:49:00.440 [info] > git for-each-ref --sort -committerdate --format %(refname)%00%(objectname)%00%(*objectname) [3ms]
2025-05-24 23:49:02.263 [info] > git config --get --local branch.feat/auth-lockdown.github-pr-owner-number [166ms]
2025-05-24 23:49:02.263 [warning] [Git][config] git config failed: Failed to execute git
2025-05-24 23:53:58.166 [info] > git check-ignore -v -z --stdin [4ms]
2025-05-24 23:54:02.452 [info] > git show --textconv :client/src/lib/websocketClient.ts [116ms]
2025-05-24 23:54:02.458 [info] > git ls-files --stage -- client/src/lib/websocketClient.ts [91ms]
2025-05-24 23:54:02.529 [info] > git cat-file -s e30528a6adc022dd8adcc694c97ba6d73162b2f5 [12ms]
2025-05-24 23:54:03.226 [info] > git config --get commit.template [49ms]
2025-05-24 23:54:03.228 [info] > git for-each-ref --format=%(refname)%00%(upstream:short)%00%(objectname)%00%(upstream:track)%00%(upstream:remotename)%00%(upstream:remoteref) refs/heads/feat/auth-lockdown refs/remotes/feat/auth-lockdown [4ms]
2025-05-24 23:54:03.261 [info] > git for-each-ref --sort -committerdate --format %(refname)%00%(objectname)%00%(*objectname) [4ms]
2025-05-24 23:54:03.265 [info] > git status -z -uall [24ms]
2025-05-24 23:54:25.237 [info] > git show --textconv :client/src/pages/dashboard.tsx [15ms]
2025-05-24 23:54:25.237 [info] > git ls-files --stage -- client/src/pages/dashboard.tsx [5ms]
2025-05-24 23:54:25.260 [info] > git cat-file -s 662f97860163f2f9558fb955747b56331bbe376f [10ms]
2025-05-24 23:54:25.872 [info] > git check-ignore -v -z --stdin [2ms]
2025-05-25 00:00:16.494 [info] > git config --get commit.template [6ms]
2025-05-25 00:00:16.495 [info] > git for-each-ref --format=%(refname)%00%(upstream:short)%00%(objectname)%00%(upstream:track)%00%(upstream:remotename)%00%(upstream:remoteref) refs/heads/feat/auth-lockdown refs/remotes/feat/auth-lockdown [2ms]
2025-05-25 00:00:16.505 [info] > git status -z -uall [5ms]
2025-05-25 00:00:16.508 [info] > git for-each-ref --sort -committerdate --format %(refname)%00%(objectname)%00%(*objectname) [4ms]
2025-05-25 00:04:02.349 [info] > git ls-files --stage -- client/src/components/child-bonus-wheel.tsx [1ms]
2025-05-25 00:04:02.367 [info] > git cat-file -s a92abdbe6fe05aa3e5ce98ff72981329c50134f4 [15ms]
2025-05-25 00:04:02.368 [info] > git show --textconv :client/src/components/child-bonus-wheel.tsx [24ms]
2025-05-25 00:04:03.046 [info] > git check-ignore -v -z --stdin [2ms]
2025-05-25 00:04:31.050 [info] > git show --textconv :client/src/pages/dashboard.tsx [5ms]
2025-05-25 00:04:31.051 [info] > git ls-files --stage -- client/src/pages/dashboard.tsx [1ms]
2025-05-25 00:04:31.056 [info] > git cat-file -s 662f97860163f2f9558fb955747b56331bbe376f [1ms]
2025-05-25 00:04:31.414 [info] > git check-ignore -v -z --stdin [2ms]
2025-05-25 00:04:57.580 [info] > git ls-files --stage -- client/src/pages/chores.tsx [1ms]
2025-05-25 00:04:57.620 [info] > git cat-file -s 695f3c6652e6b5f1211dee1a9948df987bdf10e0 [35ms]
2025-05-25 00:04:57.623 [info] > git show --textconv :client/src/pages/chores.tsx [51ms]
2025-05-25 00:05:46.914 [info] > git ls-files --stage -- server/routes.ts [16ms]
2025-05-25 00:05:46.958 [info] > git show --textconv :server/routes.ts [66ms]
2025-05-25 00:05:46.959 [info] > git cat-file -s 08f59ac1251806d84c398cedfeef2e098c54c6ba [35ms]
2025-05-25 00:05:47.326 [info] > git check-ignore -v -z --stdin [4ms]
2025-05-25 00:10:39.611 [info] > git config --get commit.template [5ms]
2025-05-25 00:10:39.612 [info] > git for-each-ref --format=%(refname)%00%(upstream:short)%00%(objectname)%00%(upstream:track)%00%(upstream:remotename)%00%(upstream:remoteref) refs/heads/feat/auth-lockdown refs/remotes/feat/auth-lockdown [1ms]
2025-05-25 00:10:39.619 [info] > git status -z -uall [3ms]
2025-05-25 00:10:39.623 [info] > git for-each-ref --sort -committerdate --format %(refname)%00%(objectname)%00%(*objectname) [4ms]
2025-05-25 00:10:44.636 [info] > git config --get commit.template [1ms]
2025-05-25 00:10:44.641 [info] > git for-each-ref --format=%(refname)%00%(upstream:short)%00%(objectname)%00%(upstream:track)%00%(upstream:remotename)%00%(upstream:remoteref) refs/heads/feat/auth-lockdown refs/remotes/feat/auth-lockdown [1ms]
2025-05-25 00:10:44.648 [info] > git status -z -uall [4ms]
2025-05-25 00:10:44.651 [info] > git for-each-ref --sort -committerdate --format %(refname)%00%(objectname)%00%(*objectname) [3ms]
2025-05-25 00:14:27.324 [info] > git show --textconv :client/src/components/child-bonus-wheel.tsx [5ms]
2025-05-25 00:14:27.325 [info] > git ls-files --stage -- client/src/components/child-bonus-wheel.tsx [2ms]
2025-05-25 00:14:27.329 [info] > git cat-file -s a92abdbe6fe05aa3e5ce98ff72981329c50134f4 [1ms]
2025-05-25 00:14:27.703 [info] > git check-ignore -v -z --stdin [1ms]
2025-05-25 00:16:05.474 [info] > git config --get commit.template [4ms]
2025-05-25 00:16:05.475 [info] > git for-each-ref --format=%(refname)%00%(upstream:short)%00%(objectname)%00%(upstream:track)%00%(upstream:remotename)%00%(upstream:remoteref) refs/heads/feat/auth-lockdown refs/remotes/feat/auth-lockdown [1ms]
2025-05-25 00:16:05.486 [info] > git status -z -uall [5ms]
2025-05-25 00:16:05.487 [info] > git for-each-ref --sort -committerdate --format %(refname)%00%(objectname)%00%(*objectname) [2ms]
2025-05-25 00:16:15.869 [info] > git config --get commit.template [5ms]
2025-05-25 00:16:15.870 [info] > git for-each-ref --format=%(refname)%00%(upstream:short)%00%(objectname)%00%(upstream:track)%00%(upstream:remotename)%00%(upstream:remoteref) refs/heads/feat/auth-lockdown refs/remotes/feat/auth-lockdown [2ms]
2025-05-25 00:16:15.881 [info] > git status -z -uall [7ms]
2025-05-25 00:16:15.881 [info] > git for-each-ref --sort -committerdate --format %(refname)%00%(objectname)%00%(*objectname) [2ms]
