2025-05-23 13:14:01.833 [warning] /home/runner/.ssh/config: ENOENT: no such file or directory, open '/home/runner/.ssh/config'
2025-05-23 13:14:01.833 [info] [Activation] Extension version: 0.111.2025052204
2025-05-23 13:14:02.108 [info] [Authentication] Creating hub for .com
2025-05-23 13:14:02.531 [info] [Activation] Looking for git repository
2025-05-23 13:14:02.531 [info] [Activation] Found 0 repositories during activation
2025-05-23 13:14:02.531 [info] [Activation] Git repository found, initializing review manager and pr tree view.
2025-05-23 13:14:02.602 [info] [GitAPI] Registering git provider
2025-05-23 13:14:02.603 [info] [Review+0] Validate state in progress
2025-05-23 13:14:02.603 [info] [Review+0] Validating state...
2025-05-23 13:14:02.823 [info] [FolderRepositoryManager+0] Found GitHub remote for folder /home/runner/workspace
2025-05-23 13:14:03.339 [info] [FolderRepositoryManager+0] Trying to use globalState for assignableUsers.
2025-05-23 13:14:03.513 [info] [Review+0] No matching pull request metadata found locally for current branch chore/sync-lockfile
2025-05-23 13:14:03.733 [info] [FolderRepositoryManager+0] Using globalState assignableUsers for 1.
2025-05-23 13:14:03.961 [info] [Review+0] No matching pull request metadata found on GitHub for current branch chore/sync-lockfile
2025-05-23 13:14:11.300 [info] [Activation] Repo state for file:///home/runner/workspace changed.
2025-05-23 13:14:11.300 [info] [Activation] Repo file:///home/runner/workspace has already been setup.
2025-05-23 15:38:53.428 [info] [Review+0] Validate state in progress
2025-05-23 15:38:53.428 [info] [Review+0] Validating state...
2025-05-23 15:38:53.448 [info] [PullRequestGitHelper] associate feat/auth-lockdown with base branch DazedtilDawn/Ticket-Tracker#chore/sync-lockfile
2025-05-23 15:38:53.529 [info] [FolderRepositoryManager+0] Found GitHub remote for folder /home/runner/workspace
2025-05-23 15:38:53.530 [info] [FolderRepositoryManager+0] Using in-memory cached assignable users.
2025-05-23 15:38:53.565 [info] [Review+0] No matching pull request metadata found locally for current branch feat/auth-lockdown
2025-05-23 15:38:53.586 [info] [Review+0] No matching pull request metadata found on GitHub for current branch feat/auth-lockdown
2025-05-23 15:56:45.424 [info] [Review+0] Validate state in progress
2025-05-23 15:56:45.424 [info] [Review+0] Validating state...
2025-05-23 15:56:45.610 [info] [FolderRepositoryManager+0] Found GitHub remote for folder /home/runner/workspace
2025-05-23 15:56:45.611 [info] [FolderRepositoryManager+0] Using in-memory cached assignable users.
2025-05-23 15:56:45.650 [info] [Review+0] No matching pull request metadata found locally for current branch feat/auth-lockdown
2025-05-23 15:56:45.660 [info] [Review+0] No matching pull request metadata found on GitHub for current branch feat/auth-lockdown
2025-05-23 16:00:39.780 [info] [Review+0] Validate state in progress
2025-05-23 16:00:39.780 [info] [Review+0] Validating state...
2025-05-23 16:00:39.959 [info] [FolderRepositoryManager+0] Found GitHub remote for folder /home/runner/workspace
2025-05-23 16:00:39.959 [info] [FolderRepositoryManager+0] Using in-memory cached assignable users.
2025-05-23 16:00:39.991 [info] [Review+0] No matching pull request metadata found locally for current branch feat/auth-lockdown
2025-05-23 16:00:40.004 [info] [Review+0] No matching pull request metadata found on GitHub for current branch feat/auth-lockdown
2025-05-23 16:10:58.863 [info] [Review+0] Validate state in progress
2025-05-23 16:10:58.863 [info] [Review+0] Validating state...
2025-05-23 16:10:59.036 [info] [FolderRepositoryManager+0] Found GitHub remote for folder /home/runner/workspace
2025-05-23 16:10:59.036 [info] [FolderRepositoryManager+0] Using in-memory cached assignable users.
2025-05-23 16:10:59.056 [info] [Review+0] No matching pull request metadata found locally for current branch feat/auth-lockdown
2025-05-23 16:10:59.082 [info] [Review+0] No matching pull request metadata found on GitHub for current branch feat/auth-lockdown
