2025-05-24 03:20:34.427 [info] Starting TS Server
2025-05-24 03:20:34.427 [info] Using tsserver from: /home/runner/workspace/.config/.vscode-server/cli/servers/Stable-848b80aeb52026648a8ff9f7c45a9b0a80641e2e/server/extensions/node_modules/typescript/lib/tsserver.js
2025-05-24 03:20:34.427 [info] <syntax> Forking...
2025-05-24 03:20:34.427 [info] <syntax> Starting...
2025-05-24 03:20:34.427 [info] <semantic> Forking...
2025-05-24 03:20:34.427 [info] <semantic> Starting...
2025-05-24 07:46:27.997 [info] Starting TS Server
2025-05-24 07:46:27.997 [info] Using tsserver from: /home/runner/workspace/.config/.vscode-server/cli/servers/Stable-848b80aeb52026648a8ff9f7c45a9b0a80641e2e/server/extensions/node_modules/typescript/lib/tsserver.js
2025-05-24 07:46:27.997 [info] <syntax> Forking...
2025-05-24 07:46:27.997 [info] <syntax> Starting...
2025-05-24 07:46:27.997 [info] <semantic> Forking...
2025-05-24 07:46:27.997 [info] <semantic> Starting...
2025-05-24 14:27:47.284 [info] Starting TS Server
2025-05-24 14:27:47.284 [info] Using tsserver from: /home/runner/workspace/.config/.vscode-server/cli/servers/Stable-848b80aeb52026648a8ff9f7c45a9b0a80641e2e/server/extensions/node_modules/typescript/lib/tsserver.js
2025-05-24 14:27:47.284 [info] <syntax> Forking...
2025-05-24 14:27:47.285 [info] <syntax> Starting...
2025-05-24 14:27:47.285 [info] <semantic> Forking...
2025-05-24 14:27:47.285 [info] <semantic> Starting...
2025-05-24 14:31:29.591 [info] Starting TS Server
2025-05-24 14:31:29.591 [info] Using tsserver from: /home/runner/workspace/.config/.vscode-server/cli/servers/Stable-848b80aeb52026648a8ff9f7c45a9b0a80641e2e/server/extensions/node_modules/typescript/lib/tsserver.js
2025-05-24 14:31:29.592 [info] <syntax> Forking...
2025-05-24 14:31:29.592 [info] <syntax> Starting...
2025-05-24 14:31:29.593 [info] <semantic> Forking...
2025-05-24 14:31:29.593 [info] <semantic> Starting...
2025-05-24 14:34:00.496 [info] Starting TS Server
2025-05-24 14:34:00.496 [info] Using tsserver from: /home/runner/workspace/.config/.vscode-server/cli/servers/Stable-848b80aeb52026648a8ff9f7c45a9b0a80641e2e/server/extensions/node_modules/typescript/lib/tsserver.js
2025-05-24 14:34:00.496 [info] <syntax> Forking...
2025-05-24 14:34:00.496 [info] <syntax> Starting...
2025-05-24 14:34:00.496 [info] <semantic> Forking...
2025-05-24 14:34:00.496 [info] <semantic> Starting...
2025-05-24 14:35:03.306 [info] Starting TS Server
2025-05-24 14:35:03.383 [info] Using tsserver from: /home/runner/workspace/.config/.vscode-server/cli/servers/Stable-848b80aeb52026648a8ff9f7c45a9b0a80641e2e/server/extensions/node_modules/typescript/lib/tsserver.js
2025-05-24 14:35:03.383 [info] <syntax> Forking...
2025-05-24 14:35:03.383 [info] <syntax> Starting...
2025-05-24 14:35:03.383 [info] <semantic> Forking...
2025-05-24 14:35:03.383 [info] <semantic> Starting...
