2025-05-24 22:06:14.992 [info] [main] Log level: Info
2025-05-24 22:06:14.992 [info] [main] Validating found git in: "git"
2025-05-24 22:06:14.992 [info] [main] Using git "2.47.2" from "git"
2025-05-24 22:06:14.992 [info] [Model][doInitialScan] Initial repository scan started
2025-05-24 22:06:14.992 [info] > git rev-parse --show-toplevel [3ms]
2025-05-24 22:06:14.992 [info] > git rev-parse --git-dir --git-common-dir [3ms]
2025-05-24 22:06:14.992 [info] [Model][openRepository] Opened repository (path): /home/runner/workspace
2025-05-24 22:06:14.992 [info] [Model][openRepository] Opened repository (real path): /home/runner/workspace
2025-05-24 22:06:14.992 [info] > git rev-parse --show-toplevel [2ms]
2025-05-24 22:06:14.992 [info] > git config --get commit.template [6ms]
2025-05-24 22:06:14.992 [info] > git for-each-ref --format=%(refname)%00%(upstream:short)%00%(objectname)%00%(upstream:track)%00%(upstream:remotename)%00%(upstream:remoteref) refs/heads/feat/auth-lockdown refs/remotes/feat/auth-lockdown [1ms]
2025-05-24 22:06:14.993 [info] > git status -z -uall [21ms]
2025-05-24 22:06:14.993 [info] > git rev-parse --show-toplevel [28ms]
2025-05-24 22:06:14.993 [info] > git for-each-ref --sort -committerdate --format %(refname)%00%(objectname)%00%(*objectname) [47ms]
2025-05-24 22:06:14.993 [info] > git for-each-ref --format=%(refname)%00%(upstream:short)%00%(objectname)%00%(upstream:track)%00%(upstream:remotename)%00%(upstream:remoteref) refs/heads/feat/auth-lockdown refs/remotes/feat/auth-lockdown [118ms]
2025-05-24 22:06:14.994 [info] > git rev-parse --show-toplevel [175ms]
2025-05-24 22:06:14.994 [info] > git fetch [262ms]
2025-05-24 22:06:14.994 [info] > git config --get --local branch.feat/auth-lockdown.vscode-merge-base [47ms]
2025-05-24 22:06:14.994 [info] > git config --get commit.template [59ms]
2025-05-24 22:06:14.994 [info] > git config --get commit.template [14ms]
2025-05-24 22:06:14.994 [info] > git rev-parse --show-toplevel [20ms]
2025-05-24 22:06:14.994 [info] > git for-each-ref --format=%(refname)%00%(upstream:short)%00%(objectname)%00%(upstream:track)%00%(upstream:remotename)%00%(upstream:remoteref) refs/heads/origin/chore/sync-lockfile refs/remotes/origin/chore/sync-lockfile [30ms]
2025-05-24 22:06:14.994 [info] > git rev-parse --show-toplevel [16ms]
2025-05-24 22:06:14.994 [info] > git for-each-ref --format=%(refname)%00%(upstream:short)%00%(objectname)%00%(upstream:track)%00%(upstream:remotename)%00%(upstream:remoteref) refs/heads/feat/auth-lockdown refs/remotes/feat/auth-lockdown [22ms]
2025-05-24 22:06:15.024 [info] > git merge-base refs/heads/feat/auth-lockdown refs/remotes/origin/feat/auth-lockdown [1293ms]
2025-05-24 22:06:15.169 [info] > git check-ignore -v -z --stdin [128ms]
2025-05-24 22:06:15.173 [info] > git diff --name-status -z --diff-filter=ADMR 09247752de852996074610f828be52d5d4411a23...refs/remotes/origin/feat/auth-lockdown [139ms]
2025-05-24 22:06:15.173 [info] > git rev-parse --show-toplevel [167ms]
2025-05-24 22:06:15.174 [info] > git for-each-ref --format=%(refname)%00%(upstream:short)%00%(objectname)%00%(upstream:track)%00%(upstream:remotename)%00%(upstream:remoteref) refs/heads/feat/auth-lockdown refs/remotes/feat/auth-lockdown [1434ms]
2025-05-24 22:06:15.454 [info] > git rev-parse --show-toplevel [9ms]
2025-05-24 22:06:16.117 [info] > git status -z -uall [183ms]
2025-05-24 22:06:16.118 [info] > git for-each-ref --sort -committerdate --format %(refname)%00%(objectname)%00%(*objectname) [176ms]
2025-05-24 22:06:16.123 [info] > git rev-parse --show-toplevel [660ms]
2025-05-24 22:06:16.149 [info] > git rev-parse --show-toplevel [19ms]
2025-05-24 22:06:16.171 [info] > git rev-parse --show-toplevel [8ms]
2025-05-24 22:06:16.978 [info] > git rev-parse --show-toplevel [159ms]
2025-05-24 22:06:17.399 [info] > git rev-parse --show-toplevel [385ms]
2025-05-24 22:06:17.463 [info] > git rev-parse --show-toplevel [35ms]
2025-05-24 22:06:17.716 [info] > git rev-parse --show-toplevel [170ms]
2025-05-24 22:06:18.183 [info] > git rev-parse --show-toplevel [445ms]
2025-05-24 22:06:18.235 [info] > git rev-parse --show-toplevel [15ms]
2025-05-24 22:06:18.284 [info] > git rev-parse --show-toplevel [16ms]
2025-05-24 22:06:18.318 [info] > git rev-parse --show-toplevel [8ms]
2025-05-24 22:06:18.657 [info] > git rev-parse --show-toplevel [316ms]
2025-05-24 22:06:18.689 [info] > git rev-parse --show-toplevel [6ms]
2025-05-24 22:06:18.692 [info] [Model][doInitialScan] Initial repository scan completed - repositories (1), closed repositories (0), parent repositories (0), unsafe repositories (0)
2025-05-24 22:06:18.744 [info] > git show --textconv :server/__tests__/child-delete.test.ts [37ms]
2025-05-24 22:06:18.745 [info] > git ls-files --stage -- server/__tests__/child-delete.test.ts [32ms]
2025-05-24 22:06:18.806 [info] > git config --get commit.template [64ms]
2025-05-24 22:06:18.944 [info] > git cat-file -s ab6248e0ed0260d0f39906ca5663fae6f59161cd [182ms]
2025-05-24 22:06:18.989 [info] > git for-each-ref --format=%(refname)%00%(upstream:short)%00%(objectname)%00%(upstream:track)%00%(upstream:remotename)%00%(upstream:remoteref) refs/heads/feat/auth-lockdown refs/remotes/feat/auth-lockdown [27ms]
2025-05-24 22:06:19.164 [info] > git status -z -uall [31ms]
2025-05-24 22:06:19.165 [info] > git for-each-ref --sort -committerdate --format %(refname)%00%(objectname)%00%(*objectname) [24ms]
2025-05-24 22:06:19.497 [info] > git config --get --local branch.feat/auth-lockdown.github-pr-owner-number [152ms]
2025-05-24 22:06:19.497 [warning] [Git][config] git config failed: Failed to execute git
2025-05-24 22:06:25.238 [info] > git config --get commit.template [4ms]
2025-05-24 22:06:25.239 [info] > git for-each-ref --format=%(refname)%00%(upstream:short)%00%(objectname)%00%(upstream:track)%00%(upstream:remotename)%00%(upstream:remoteref) refs/heads/feat/auth-lockdown refs/remotes/feat/auth-lockdown [1ms]
2025-05-24 22:06:25.248 [info] > git status -z -uall [5ms]
2025-05-24 22:06:25.251 [info] > git for-each-ref --sort -committerdate --format %(refname)%00%(objectname)%00%(*objectname) [2ms]
2025-05-24 22:06:26.469 [info] > git check-ignore -v -z --stdin [1ms]
2025-05-24 22:06:30.275 [info] > git config --get commit.template [7ms]
2025-05-24 22:06:30.275 [info] > git for-each-ref --format=%(refname)%00%(upstream:short)%00%(objectname)%00%(upstream:track)%00%(upstream:remotename)%00%(upstream:remoteref) refs/heads/feat/auth-lockdown refs/remotes/feat/auth-lockdown [0ms]
2025-05-24 22:06:30.290 [info] > git status -z -uall [7ms]
2025-05-24 22:06:30.291 [info] > git for-each-ref --sort -committerdate --format %(refname)%00%(objectname)%00%(*objectname) [2ms]
2025-05-24 22:06:35.307 [info] > git config --get commit.template [4ms]
2025-05-24 22:06:35.308 [info] > git for-each-ref --format=%(refname)%00%(upstream:short)%00%(objectname)%00%(upstream:track)%00%(upstream:remotename)%00%(upstream:remoteref) refs/heads/feat/auth-lockdown refs/remotes/feat/auth-lockdown [2ms]
2025-05-24 22:06:35.317 [info] > git status -z -uall [5ms]
2025-05-24 22:06:35.319 [info] > git for-each-ref --sort -committerdate --format %(refname)%00%(objectname)%00%(*objectname) [3ms]
2025-05-24 22:06:40.350 [info] > git config --get commit.template [12ms]
2025-05-24 22:06:40.350 [info] > git for-each-ref --format=%(refname)%00%(upstream:short)%00%(objectname)%00%(upstream:track)%00%(upstream:remotename)%00%(upstream:remoteref) refs/heads/feat/auth-lockdown refs/remotes/feat/auth-lockdown [2ms]
2025-05-24 22:06:40.374 [info] > git status -z -uall [13ms]
2025-05-24 22:06:40.377 [info] > git for-each-ref --sort -committerdate --format %(refname)%00%(objectname)%00%(*objectname) [7ms]
2025-05-24 22:06:45.430 [info] > git config --get commit.template [19ms]
2025-05-24 22:06:45.434 [info] > git for-each-ref --format=%(refname)%00%(upstream:short)%00%(objectname)%00%(upstream:track)%00%(upstream:remotename)%00%(upstream:remoteref) refs/heads/feat/auth-lockdown refs/remotes/feat/auth-lockdown [5ms]
2025-05-24 22:06:45.478 [info] > git status -z -uall [22ms]
2025-05-24 22:06:45.482 [info] > git for-each-ref --sort -committerdate --format %(refname)%00%(objectname)%00%(*objectname) [6ms]
2025-05-24 22:06:50.504 [info] > git config --get commit.template [6ms]
2025-05-24 22:06:50.505 [info] > git for-each-ref --format=%(refname)%00%(upstream:short)%00%(objectname)%00%(upstream:track)%00%(upstream:remotename)%00%(upstream:remoteref) refs/heads/feat/auth-lockdown refs/remotes/feat/auth-lockdown [2ms]
2025-05-24 22:06:50.515 [info] > git status -z -uall [5ms]
2025-05-24 22:06:50.517 [info] > git for-each-ref --sort -committerdate --format %(refname)%00%(objectname)%00%(*objectname) [3ms]
2025-05-24 22:06:55.535 [info] > git config --get commit.template [5ms]
2025-05-24 22:06:55.536 [info] > git for-each-ref --format=%(refname)%00%(upstream:short)%00%(objectname)%00%(upstream:track)%00%(upstream:remotename)%00%(upstream:remoteref) refs/heads/feat/auth-lockdown refs/remotes/feat/auth-lockdown [2ms]
2025-05-24 22:06:55.546 [info] > git status -z -uall [5ms]
2025-05-24 22:06:55.548 [info] > git for-each-ref --sort -committerdate --format %(refname)%00%(objectname)%00%(*objectname) [2ms]
2025-05-24 22:07:00.639 [info] > git config --get commit.template [4ms]
2025-05-24 22:07:00.639 [info] > git for-each-ref --format=%(refname)%00%(upstream:short)%00%(objectname)%00%(upstream:track)%00%(upstream:remotename)%00%(upstream:remoteref) refs/heads/feat/auth-lockdown refs/remotes/feat/auth-lockdown [1ms]
2025-05-24 22:07:00.648 [info] > git status -z -uall [5ms]
2025-05-24 22:07:00.650 [info] > git for-each-ref --sort -committerdate --format %(refname)%00%(objectname)%00%(*objectname) [3ms]
2025-05-24 22:07:34.110 [info] > git config --get commit.template [2ms]
2025-05-24 22:07:34.127 [info] > git for-each-ref --format=%(refname)%00%(upstream:short)%00%(objectname)%00%(upstream:track)%00%(upstream:remotename)%00%(upstream:remoteref) refs/heads/feat/auth-lockdown refs/remotes/feat/auth-lockdown [2ms]
2025-05-24 22:07:34.140 [info] > git status -z -uall [6ms]
2025-05-24 22:07:34.142 [info] > git for-each-ref --sort -committerdate --format %(refname)%00%(objectname)%00%(*objectname) [4ms]
2025-05-24 22:07:39.161 [info] > git config --get commit.template [5ms]
2025-05-24 22:07:39.162 [info] > git for-each-ref --format=%(refname)%00%(upstream:short)%00%(objectname)%00%(upstream:track)%00%(upstream:remotename)%00%(upstream:remoteref) refs/heads/feat/auth-lockdown refs/remotes/feat/auth-lockdown [2ms]
2025-05-24 22:07:39.174 [info] > git status -z -uall [8ms]
2025-05-24 22:07:39.175 [info] > git for-each-ref --sort -committerdate --format %(refname)%00%(objectname)%00%(*objectname) [3ms]
2025-05-24 22:07:44.198 [info] > git config --get commit.template [10ms]
2025-05-24 22:07:44.199 [info] > git for-each-ref --format=%(refname)%00%(upstream:short)%00%(objectname)%00%(upstream:track)%00%(upstream:remotename)%00%(upstream:remoteref) refs/heads/feat/auth-lockdown refs/remotes/feat/auth-lockdown [2ms]
2025-05-24 22:07:44.208 [info] > git status -z -uall [4ms]
2025-05-24 22:07:44.211 [info] > git for-each-ref --sort -committerdate --format %(refname)%00%(objectname)%00%(*objectname) [3ms]
2025-05-24 22:08:31.095 [info] > git config --get commit.template [6ms]
2025-05-24 22:08:31.096 [info] > git for-each-ref --format=%(refname)%00%(upstream:short)%00%(objectname)%00%(upstream:track)%00%(upstream:remotename)%00%(upstream:remoteref) refs/heads/feat/auth-lockdown refs/remotes/feat/auth-lockdown [1ms]
2025-05-24 22:08:31.107 [info] > git status -z -uall [6ms]
2025-05-24 22:08:31.108 [info] > git for-each-ref --sort -committerdate --format %(refname)%00%(objectname)%00%(*objectname) [3ms]
2025-05-24 22:08:36.124 [info] > git config --get commit.template [4ms]
2025-05-24 22:08:36.125 [info] > git for-each-ref --format=%(refname)%00%(upstream:short)%00%(objectname)%00%(upstream:track)%00%(upstream:remotename)%00%(upstream:remoteref) refs/heads/feat/auth-lockdown refs/remotes/feat/auth-lockdown [1ms]
2025-05-24 22:08:36.134 [info] > git status -z -uall [4ms]
2025-05-24 22:08:36.136 [info] > git for-each-ref --sort -committerdate --format %(refname)%00%(objectname)%00%(*objectname) [3ms]
2025-05-24 22:08:41.150 [info] > git config --get commit.template [4ms]
2025-05-24 22:08:41.151 [info] > git for-each-ref --format=%(refname)%00%(upstream:short)%00%(objectname)%00%(upstream:track)%00%(upstream:remotename)%00%(upstream:remoteref) refs/heads/feat/auth-lockdown refs/remotes/feat/auth-lockdown [2ms]
2025-05-24 22:08:41.160 [info] > git status -z -uall [5ms]
2025-05-24 22:08:41.163 [info] > git for-each-ref --sort -committerdate --format %(refname)%00%(objectname)%00%(*objectname) [4ms]
2025-05-24 22:08:46.178 [info] > git config --get commit.template [4ms]
2025-05-24 22:08:46.179 [info] > git for-each-ref --format=%(refname)%00%(upstream:short)%00%(objectname)%00%(upstream:track)%00%(upstream:remotename)%00%(upstream:remoteref) refs/heads/feat/auth-lockdown refs/remotes/feat/auth-lockdown [1ms]
2025-05-24 22:08:46.187 [info] > git status -z -uall [4ms]
2025-05-24 22:08:46.189 [info] > git for-each-ref --sort -committerdate --format %(refname)%00%(objectname)%00%(*objectname) [3ms]
2025-05-24 22:08:51.204 [info] > git config --get commit.template [5ms]
2025-05-24 22:08:51.205 [info] > git for-each-ref --format=%(refname)%00%(upstream:short)%00%(objectname)%00%(upstream:track)%00%(upstream:remotename)%00%(upstream:remoteref) refs/heads/feat/auth-lockdown refs/remotes/feat/auth-lockdown [2ms]
2025-05-24 22:08:51.214 [info] > git status -z -uall [5ms]
2025-05-24 22:08:51.217 [info] > git for-each-ref --sort -committerdate --format %(refname)%00%(objectname)%00%(*objectname) [4ms]
2025-05-24 22:08:56.237 [info] > git for-each-ref --format=%(refname)%00%(upstream:short)%00%(objectname)%00%(upstream:track)%00%(upstream:remotename)%00%(upstream:remoteref) refs/heads/feat/auth-lockdown refs/remotes/feat/auth-lockdown [3ms]
2025-05-24 22:08:56.237 [info] > git config --get commit.template [9ms]
2025-05-24 22:08:56.248 [info] > git status -z -uall [6ms]
2025-05-24 22:08:56.251 [info] > git for-each-ref --sort -committerdate --format %(refname)%00%(objectname)%00%(*objectname) [3ms]
2025-05-24 22:09:01.265 [info] > git config --get commit.template [5ms]
2025-05-24 22:09:01.266 [info] > git for-each-ref --format=%(refname)%00%(upstream:short)%00%(objectname)%00%(upstream:track)%00%(upstream:remotename)%00%(upstream:remoteref) refs/heads/feat/auth-lockdown refs/remotes/feat/auth-lockdown [2ms]
2025-05-24 22:09:01.274 [info] > git status -z -uall [4ms]
2025-05-24 22:09:01.276 [info] > git for-each-ref --sort -committerdate --format %(refname)%00%(objectname)%00%(*objectname) [3ms]
2025-05-24 22:11:35.251 [info] > git check-ignore -v -z --stdin [3ms]
2025-05-24 22:11:36.765 [info] > git config --get commit.template [2ms]
2025-05-24 22:11:36.772 [info] > git for-each-ref --format=%(refname)%00%(upstream:short)%00%(objectname)%00%(upstream:track)%00%(upstream:remotename)%00%(upstream:remoteref) refs/heads/feat/auth-lockdown refs/remotes/feat/auth-lockdown [2ms]
2025-05-24 22:11:36.782 [info] > git status -z -uall [4ms]
2025-05-24 22:11:36.784 [info] > git for-each-ref --sort -committerdate --format %(refname)%00%(objectname)%00%(*objectname) [3ms]
2025-05-24 22:11:39.223 [info] > git show --textconv :server/__tests__/child-delete.test.ts [6ms]
2025-05-24 22:11:39.224 [info] > git ls-files --stage -- server/__tests__/child-delete.test.ts [2ms]
2025-05-24 22:11:39.232 [info] > git cat-file -s ab6248e0ed0260d0f39906ca5663fae6f59161cd [2ms]
2025-05-24 22:11:39.328 [info] > git blame --root --incremental 09247752de852996074610f828be52d5d4411a23 -- server/__tests__/child-delete.test.ts [2ms]
2025-05-24 22:11:39.722 [info] > git check-ignore -v -z --stdin [2ms]
2025-05-24 22:11:41.802 [info] > git config --get commit.template [6ms]
2025-05-24 22:11:41.803 [info] > git for-each-ref --format=%(refname)%00%(upstream:short)%00%(objectname)%00%(upstream:track)%00%(upstream:remotename)%00%(upstream:remoteref) refs/heads/feat/auth-lockdown refs/remotes/feat/auth-lockdown [1ms]
2025-05-24 22:11:41.813 [info] > git status -z -uall [5ms]
2025-05-24 22:11:41.815 [info] > git for-each-ref --sort -committerdate --format %(refname)%00%(objectname)%00%(*objectname) [2ms]
2025-05-24 22:12:07.383 [info] > git config --get commit.template [5ms]
2025-05-24 22:12:07.384 [info] > git for-each-ref --format=%(refname)%00%(upstream:short)%00%(objectname)%00%(upstream:track)%00%(upstream:remotename)%00%(upstream:remoteref) refs/heads/feat/auth-lockdown refs/remotes/feat/auth-lockdown [2ms]
2025-05-24 22:12:07.415 [info] > git status -z -uall [21ms]
2025-05-24 22:12:07.421 [info] > git for-each-ref --sort -committerdate --format %(refname)%00%(objectname)%00%(*objectname) [7ms]
2025-05-24 22:12:12.434 [info] > git config --get commit.template [2ms]
2025-05-24 22:12:12.440 [info] > git for-each-ref --format=%(refname)%00%(upstream:short)%00%(objectname)%00%(upstream:track)%00%(upstream:remotename)%00%(upstream:remoteref) refs/heads/feat/auth-lockdown refs/remotes/feat/auth-lockdown [2ms]
2025-05-24 22:12:12.451 [info] > git status -z -uall [7ms]
2025-05-24 22:12:12.453 [info] > git for-each-ref --sort -committerdate --format %(refname)%00%(objectname)%00%(*objectname) [2ms]
2025-05-24 22:12:17.470 [info] > git config --get commit.template [5ms]
2025-05-24 22:12:17.471 [info] > git for-each-ref --format=%(refname)%00%(upstream:short)%00%(objectname)%00%(upstream:track)%00%(upstream:remotename)%00%(upstream:remoteref) refs/heads/feat/auth-lockdown refs/remotes/feat/auth-lockdown [1ms]
2025-05-24 22:12:17.481 [info] > git status -z -uall [5ms]
2025-05-24 22:12:17.484 [info] > git for-each-ref --sort -committerdate --format %(refname)%00%(objectname)%00%(*objectname) [3ms]
2025-05-24 22:12:22.505 [info] > git config --get commit.template [6ms]
2025-05-24 22:12:22.506 [info] > git for-each-ref --format=%(refname)%00%(upstream:short)%00%(objectname)%00%(upstream:track)%00%(upstream:remotename)%00%(upstream:remoteref) refs/heads/feat/auth-lockdown refs/remotes/feat/auth-lockdown [1ms]
2025-05-24 22:12:22.520 [info] > git status -z -uall [5ms]
2025-05-24 22:12:22.522 [info] > git for-each-ref --sort -committerdate --format %(refname)%00%(objectname)%00%(*objectname) [2ms]
2025-05-24 22:13:00.512 [info] > git show --textconv :server/routes.ts [11ms]
2025-05-24 22:13:00.513 [info] > git ls-files --stage -- server/routes.ts [3ms]
2025-05-24 22:13:00.563 [info] > git cat-file -s 08f59ac1251806d84c398cedfeef2e098c54c6ba [39ms]
2025-05-24 22:13:10.526 [info] > git config --get commit.template [6ms]
2025-05-24 22:13:10.527 [info] > git for-each-ref --format=%(refname)%00%(upstream:short)%00%(objectname)%00%(upstream:track)%00%(upstream:remotename)%00%(upstream:remoteref) refs/heads/feat/auth-lockdown refs/remotes/feat/auth-lockdown [2ms]
2025-05-24 22:13:10.537 [info] > git status -z -uall [5ms]
2025-05-24 22:13:10.539 [info] > git for-each-ref --sort -committerdate --format %(refname)%00%(objectname)%00%(*objectname) [3ms]
2025-05-24 22:13:15.554 [info] > git config --get commit.template [5ms]
2025-05-24 22:13:15.555 [info] > git for-each-ref --format=%(refname)%00%(upstream:short)%00%(objectname)%00%(upstream:track)%00%(upstream:remotename)%00%(upstream:remoteref) refs/heads/feat/auth-lockdown refs/remotes/feat/auth-lockdown [1ms]
2025-05-24 22:13:15.565 [info] > git status -z -uall [5ms]
2025-05-24 22:13:15.567 [info] > git for-each-ref --sort -committerdate --format %(refname)%00%(objectname)%00%(*objectname) [2ms]
2025-05-24 22:13:20.582 [info] > git config --get commit.template [5ms]
2025-05-24 22:13:20.583 [info] > git for-each-ref --format=%(refname)%00%(upstream:short)%00%(objectname)%00%(upstream:track)%00%(upstream:remotename)%00%(upstream:remoteref) refs/heads/feat/auth-lockdown refs/remotes/feat/auth-lockdown [1ms]
2025-05-24 22:13:20.594 [info] > git status -z -uall [6ms]
2025-05-24 22:13:20.596 [info] > git for-each-ref --sort -committerdate --format %(refname)%00%(objectname)%00%(*objectname) [3ms]
2025-05-24 22:13:25.637 [info] > git config --get commit.template [25ms]
2025-05-24 22:13:25.638 [info] > git for-each-ref --format=%(refname)%00%(upstream:short)%00%(objectname)%00%(upstream:track)%00%(upstream:remotename)%00%(upstream:remoteref) refs/heads/feat/auth-lockdown refs/remotes/feat/auth-lockdown [2ms]
2025-05-24 22:13:25.649 [info] > git status -z -uall [5ms]
2025-05-24 22:13:25.651 [info] > git for-each-ref --sort -committerdate --format %(refname)%00%(objectname)%00%(*objectname) [3ms]
2025-05-24 22:13:32.490 [info] > git config --get commit.template [5ms]
2025-05-24 22:13:32.491 [info] > git for-each-ref --format=%(refname)%00%(upstream:short)%00%(objectname)%00%(upstream:track)%00%(upstream:remotename)%00%(upstream:remoteref) refs/heads/feat/auth-lockdown refs/remotes/feat/auth-lockdown [2ms]
2025-05-24 22:13:32.502 [info] > git status -z -uall [5ms]
2025-05-24 22:13:32.504 [info] > git for-each-ref --sort -committerdate --format %(refname)%00%(objectname)%00%(*objectname) [2ms]
2025-05-24 22:13:37.522 [info] > git config --get commit.template [5ms]
2025-05-24 22:13:37.523 [info] > git for-each-ref --format=%(refname)%00%(upstream:short)%00%(objectname)%00%(upstream:track)%00%(upstream:remotename)%00%(upstream:remoteref) refs/heads/feat/auth-lockdown refs/remotes/feat/auth-lockdown [2ms]
2025-05-24 22:13:37.532 [info] > git status -z -uall [5ms]
2025-05-24 22:13:37.535 [info] > git for-each-ref --sort -committerdate --format %(refname)%00%(objectname)%00%(*objectname) [4ms]
2025-05-24 22:13:42.547 [info] > git config --get commit.template [2ms]
2025-05-24 22:13:42.552 [info] > git for-each-ref --format=%(refname)%00%(upstream:short)%00%(objectname)%00%(upstream:track)%00%(upstream:remotename)%00%(upstream:remoteref) refs/heads/feat/auth-lockdown refs/remotes/feat/auth-lockdown [1ms]
2025-05-24 22:13:42.562 [info] > git status -z -uall [5ms]
2025-05-24 22:13:42.565 [info] > git for-each-ref --sort -committerdate --format %(refname)%00%(objectname)%00%(*objectname) [3ms]
2025-05-24 22:14:55.303 [info] > git config --get commit.template [13ms]
2025-05-24 22:14:55.343 [info] > git for-each-ref --format=%(refname)%00%(upstream:short)%00%(objectname)%00%(upstream:track)%00%(upstream:remotename)%00%(upstream:remoteref) refs/heads/feat/auth-lockdown refs/remotes/feat/auth-lockdown [20ms]
2025-05-24 22:14:55.355 [info] > git status -z -uall [5ms]
2025-05-24 22:14:55.358 [info] > git for-each-ref --sort -committerdate --format %(refname)%00%(objectname)%00%(*objectname) [3ms]
2025-05-24 22:15:14.024 [info] > git config --get commit.template [5ms]
2025-05-24 22:15:14.025 [info] > git for-each-ref --format=%(refname)%00%(upstream:short)%00%(objectname)%00%(upstream:track)%00%(upstream:remotename)%00%(upstream:remoteref) refs/heads/feat/auth-lockdown refs/remotes/feat/auth-lockdown [1ms]
2025-05-24 22:15:14.034 [info] > git status -z -uall [5ms]
2025-05-24 22:15:14.036 [info] > git for-each-ref --sort -committerdate --format %(refname)%00%(objectname)%00%(*objectname) [3ms]
2025-05-24 22:15:19.057 [info] > git config --get commit.template [7ms]
2025-05-24 22:15:19.058 [info] > git for-each-ref --format=%(refname)%00%(upstream:short)%00%(objectname)%00%(upstream:track)%00%(upstream:remotename)%00%(upstream:remoteref) refs/heads/feat/auth-lockdown refs/remotes/feat/auth-lockdown [2ms]
2025-05-24 22:15:19.070 [info] > git status -z -uall [6ms]
2025-05-24 22:15:19.073 [info] > git for-each-ref --sort -committerdate --format %(refname)%00%(objectname)%00%(*objectname) [4ms]
2025-05-24 22:15:34.506 [info] > git config --get commit.template [6ms]
2025-05-24 22:15:34.513 [info] > git for-each-ref --format=%(refname)%00%(upstream:short)%00%(objectname)%00%(upstream:track)%00%(upstream:remotename)%00%(upstream:remoteref) refs/heads/feat/auth-lockdown refs/remotes/feat/auth-lockdown [9ms]
2025-05-24 22:15:34.524 [info] > git status -z -uall [6ms]
2025-05-24 22:15:34.526 [info] > git for-each-ref --sort -committerdate --format %(refname)%00%(objectname)%00%(*objectname) [2ms]
2025-05-24 22:15:39.542 [info] > git config --get commit.template [1ms]
2025-05-24 22:15:39.549 [info] > git for-each-ref --format=%(refname)%00%(upstream:short)%00%(objectname)%00%(upstream:track)%00%(upstream:remotename)%00%(upstream:remoteref) refs/heads/feat/auth-lockdown refs/remotes/feat/auth-lockdown [2ms]
2025-05-24 22:15:39.561 [info] > git status -z -uall [6ms]
2025-05-24 22:15:39.563 [info] > git for-each-ref --sort -committerdate --format %(refname)%00%(objectname)%00%(*objectname) [3ms]
2025-05-24 22:15:44.580 [info] > git config --get commit.template [5ms]
2025-05-24 22:15:44.582 [info] > git for-each-ref --format=%(refname)%00%(upstream:short)%00%(objectname)%00%(upstream:track)%00%(upstream:remotename)%00%(upstream:remoteref) refs/heads/feat/auth-lockdown refs/remotes/feat/auth-lockdown [2ms]
2025-05-24 22:15:44.592 [info] > git status -z -uall [5ms]
2025-05-24 22:15:44.594 [info] > git for-each-ref --sort -committerdate --format %(refname)%00%(objectname)%00%(*objectname) [2ms]
2025-05-24 22:16:02.392 [info] > git config --get commit.template [5ms]
2025-05-24 22:16:02.393 [info] > git for-each-ref --format=%(refname)%00%(upstream:short)%00%(objectname)%00%(upstream:track)%00%(upstream:remotename)%00%(upstream:remoteref) refs/heads/feat/auth-lockdown refs/remotes/feat/auth-lockdown [2ms]
2025-05-24 22:16:02.405 [info] > git status -z -uall [5ms]
2025-05-24 22:16:02.407 [info] > git for-each-ref --sort -committerdate --format %(refname)%00%(objectname)%00%(*objectname) [2ms]
2025-05-24 22:16:07.425 [info] > git config --get commit.template [6ms]
2025-05-24 22:16:07.426 [info] > git for-each-ref --format=%(refname)%00%(upstream:short)%00%(objectname)%00%(upstream:track)%00%(upstream:remotename)%00%(upstream:remoteref) refs/heads/feat/auth-lockdown refs/remotes/feat/auth-lockdown [2ms]
2025-05-24 22:16:07.436 [info] > git status -z -uall [5ms]
2025-05-24 22:16:07.438 [info] > git for-each-ref --sort -committerdate --format %(refname)%00%(objectname)%00%(*objectname) [3ms]
2025-05-24 22:16:34.180 [info] > git config --get commit.template [11ms]
2025-05-24 22:16:34.180 [info] > git for-each-ref --format=%(refname)%00%(upstream:short)%00%(objectname)%00%(upstream:track)%00%(upstream:remotename)%00%(upstream:remoteref) refs/heads/feat/auth-lockdown refs/remotes/feat/auth-lockdown [5ms]
2025-05-24 22:16:34.213 [info] > git status -z -uall [12ms]
2025-05-24 22:16:34.220 [info] > git for-each-ref --sort -committerdate --format %(refname)%00%(objectname)%00%(*objectname) [8ms]
2025-05-24 22:16:39.245 [info] > git config --get commit.template [10ms]
2025-05-24 22:16:39.246 [info] > git for-each-ref --format=%(refname)%00%(upstream:short)%00%(objectname)%00%(upstream:track)%00%(upstream:remotename)%00%(upstream:remoteref) refs/heads/feat/auth-lockdown refs/remotes/feat/auth-lockdown [1ms]
2025-05-24 22:16:39.256 [info] > git status -z -uall [5ms]
2025-05-24 22:16:39.259 [info] > git for-each-ref --sort -committerdate --format %(refname)%00%(objectname)%00%(*objectname) [3ms]
2025-05-24 22:16:44.276 [info] > git config --get commit.template [5ms]
2025-05-24 22:16:44.277 [info] > git for-each-ref --format=%(refname)%00%(upstream:short)%00%(objectname)%00%(upstream:track)%00%(upstream:remotename)%00%(upstream:remoteref) refs/heads/feat/auth-lockdown refs/remotes/feat/auth-lockdown [1ms]
2025-05-24 22:16:44.288 [info] > git status -z -uall [6ms]
2025-05-24 22:16:44.289 [info] > git for-each-ref --sort -committerdate --format %(refname)%00%(objectname)%00%(*objectname) [2ms]
2025-05-24 22:16:49.310 [info] > git config --get commit.template [7ms]
2025-05-24 22:16:49.310 [info] > git for-each-ref --format=%(refname)%00%(upstream:short)%00%(objectname)%00%(upstream:track)%00%(upstream:remotename)%00%(upstream:remoteref) refs/heads/feat/auth-lockdown refs/remotes/feat/auth-lockdown [1ms]
2025-05-24 22:16:49.320 [info] > git status -z -uall [5ms]
2025-05-24 22:16:49.323 [info] > git for-each-ref --sort -committerdate --format %(refname)%00%(objectname)%00%(*objectname) [3ms]
2025-05-24 22:16:54.340 [info] > git config --get commit.template [5ms]
2025-05-24 22:16:54.341 [info] > git for-each-ref --format=%(refname)%00%(upstream:short)%00%(objectname)%00%(upstream:track)%00%(upstream:remotename)%00%(upstream:remoteref) refs/heads/feat/auth-lockdown refs/remotes/feat/auth-lockdown [2ms]
2025-05-24 22:16:54.350 [info] > git status -z -uall [4ms]
2025-05-24 22:16:54.353 [info] > git for-each-ref --sort -committerdate --format %(refname)%00%(objectname)%00%(*objectname) [3ms]
2025-05-24 22:16:59.390 [info] > git config --get commit.template [10ms]
2025-05-24 22:16:59.390 [info] > git for-each-ref --format=%(refname)%00%(upstream:short)%00%(objectname)%00%(upstream:track)%00%(upstream:remotename)%00%(upstream:remoteref) refs/heads/feat/auth-lockdown refs/remotes/feat/auth-lockdown [5ms]
2025-05-24 22:16:59.441 [info] > git status -z -uall [28ms]
2025-05-24 22:16:59.451 [info] > git for-each-ref --sort -committerdate --format %(refname)%00%(objectname)%00%(*objectname) [13ms]
2025-05-24 22:17:04.467 [info] > git config --get commit.template [2ms]
2025-05-24 22:17:04.473 [info] > git for-each-ref --format=%(refname)%00%(upstream:short)%00%(objectname)%00%(upstream:track)%00%(upstream:remotename)%00%(upstream:remoteref) refs/heads/feat/auth-lockdown refs/remotes/feat/auth-lockdown [1ms]
2025-05-24 22:17:04.484 [info] > git status -z -uall [6ms]
2025-05-24 22:17:04.485 [info] > git for-each-ref --sort -committerdate --format %(refname)%00%(objectname)%00%(*objectname) [2ms]
2025-05-24 22:17:09.504 [info] > git config --get commit.template [6ms]
2025-05-24 22:17:09.505 [info] > git for-each-ref --format=%(refname)%00%(upstream:short)%00%(objectname)%00%(upstream:track)%00%(upstream:remotename)%00%(upstream:remoteref) refs/heads/feat/auth-lockdown refs/remotes/feat/auth-lockdown [2ms]
2025-05-24 22:17:09.525 [info] > git status -z -uall [7ms]
2025-05-24 22:17:09.527 [info] > git for-each-ref --sort -committerdate --format %(refname)%00%(objectname)%00%(*objectname) [3ms]
2025-05-24 22:17:18.330 [info] > git config --get commit.template [6ms]
2025-05-24 22:17:18.331 [info] > git for-each-ref --format=%(refname)%00%(upstream:short)%00%(objectname)%00%(upstream:track)%00%(upstream:remotename)%00%(upstream:remoteref) refs/heads/feat/auth-lockdown refs/remotes/feat/auth-lockdown [2ms]
2025-05-24 22:17:18.340 [info] > git status -z -uall [5ms]
2025-05-24 22:17:18.342 [info] > git for-each-ref --sort -committerdate --format %(refname)%00%(objectname)%00%(*objectname) [2ms]
2025-05-24 22:17:23.359 [info] > git config --get commit.template [6ms]
2025-05-24 22:17:23.359 [info] > git for-each-ref --format=%(refname)%00%(upstream:short)%00%(objectname)%00%(upstream:track)%00%(upstream:remotename)%00%(upstream:remoteref) refs/heads/feat/auth-lockdown refs/remotes/feat/auth-lockdown [2ms]
2025-05-24 22:17:23.370 [info] > git status -z -uall [6ms]
2025-05-24 22:17:23.372 [info] > git for-each-ref --sort -committerdate --format %(refname)%00%(objectname)%00%(*objectname) [3ms]
2025-05-24 22:17:28.389 [info] > git config --get commit.template [5ms]
2025-05-24 22:17:28.390 [info] > git for-each-ref --format=%(refname)%00%(upstream:short)%00%(objectname)%00%(upstream:track)%00%(upstream:remotename)%00%(upstream:remoteref) refs/heads/feat/auth-lockdown refs/remotes/feat/auth-lockdown [1ms]
2025-05-24 22:17:28.407 [info] > git status -z -uall [8ms]
2025-05-24 22:17:28.410 [info] > git for-each-ref --sort -committerdate --format %(refname)%00%(objectname)%00%(*objectname) [4ms]
2025-05-24 22:17:42.610 [info] > git config --get commit.template [7ms]
2025-05-24 22:17:42.611 [info] > git for-each-ref --format=%(refname)%00%(upstream:short)%00%(objectname)%00%(upstream:track)%00%(upstream:remotename)%00%(upstream:remoteref) refs/heads/feat/auth-lockdown refs/remotes/feat/auth-lockdown [2ms]
2025-05-24 22:17:42.622 [info] > git status -z -uall [5ms]
2025-05-24 22:17:42.624 [info] > git for-each-ref --sort -committerdate --format %(refname)%00%(objectname)%00%(*objectname) [2ms]
2025-05-24 22:17:47.644 [info] > git config --get commit.template [6ms]
2025-05-24 22:17:47.646 [info] > git for-each-ref --format=%(refname)%00%(upstream:short)%00%(objectname)%00%(upstream:track)%00%(upstream:remotename)%00%(upstream:remoteref) refs/heads/feat/auth-lockdown refs/remotes/feat/auth-lockdown [2ms]
2025-05-24 22:17:47.661 [info] > git status -z -uall [8ms]
2025-05-24 22:17:47.670 [info] > git for-each-ref --sort -committerdate --format %(refname)%00%(objectname)%00%(*objectname) [2ms]
2025-05-24 22:17:52.685 [info] > git config --get commit.template [5ms]
2025-05-24 22:17:52.686 [info] > git for-each-ref --format=%(refname)%00%(upstream:short)%00%(objectname)%00%(upstream:track)%00%(upstream:remotename)%00%(upstream:remoteref) refs/heads/feat/auth-lockdown refs/remotes/feat/auth-lockdown [1ms]
2025-05-24 22:17:52.705 [info] > git status -z -uall [8ms]
2025-05-24 22:17:52.707 [info] > git for-each-ref --sort -committerdate --format %(refname)%00%(objectname)%00%(*objectname) [3ms]
2025-05-24 22:17:57.723 [info] > git config --get commit.template [1ms]
2025-05-24 22:17:57.733 [info] > git for-each-ref --format=%(refname)%00%(upstream:short)%00%(objectname)%00%(upstream:track)%00%(upstream:remotename)%00%(upstream:remoteref) refs/heads/feat/auth-lockdown refs/remotes/feat/auth-lockdown [2ms]
2025-05-24 22:17:57.751 [info] > git status -z -uall [9ms]
2025-05-24 22:17:57.752 [info] > git for-each-ref --sort -committerdate --format %(refname)%00%(objectname)%00%(*objectname) [4ms]
2025-05-24 22:18:02.766 [info] > git config --get commit.template [5ms]
2025-05-24 22:18:02.768 [info] > git for-each-ref --format=%(refname)%00%(upstream:short)%00%(objectname)%00%(upstream:track)%00%(upstream:remotename)%00%(upstream:remoteref) refs/heads/feat/auth-lockdown refs/remotes/feat/auth-lockdown [2ms]
2025-05-24 22:18:02.778 [info] > git status -z -uall [5ms]
2025-05-24 22:18:02.780 [info] > git for-each-ref --sort -committerdate --format %(refname)%00%(objectname)%00%(*objectname) [3ms]
2025-05-24 22:18:07.830 [info] > git config --get commit.template [23ms]
2025-05-24 22:18:07.832 [info] > git for-each-ref --format=%(refname)%00%(upstream:short)%00%(objectname)%00%(upstream:track)%00%(upstream:remotename)%00%(upstream:remoteref) refs/heads/feat/auth-lockdown refs/remotes/feat/auth-lockdown [2ms]
2025-05-24 22:18:07.849 [info] > git status -z -uall [6ms]
2025-05-24 22:18:07.852 [info] > git for-each-ref --sort -committerdate --format %(refname)%00%(objectname)%00%(*objectname) [4ms]
2025-05-24 22:18:12.868 [info] > git config --get commit.template [7ms]
2025-05-24 22:18:12.868 [info] > git for-each-ref --format=%(refname)%00%(upstream:short)%00%(objectname)%00%(upstream:track)%00%(upstream:remotename)%00%(upstream:remoteref) refs/heads/feat/auth-lockdown refs/remotes/feat/auth-lockdown [1ms]
2025-05-24 22:18:12.900 [info] > git status -z -uall [25ms]
2025-05-24 22:18:12.903 [info] > git for-each-ref --sort -committerdate --format %(refname)%00%(objectname)%00%(*objectname) [4ms]
2025-05-24 22:18:42.691 [info] > git config --get commit.template [13ms]
2025-05-24 22:18:42.692 [info] > git for-each-ref --format=%(refname)%00%(upstream:short)%00%(objectname)%00%(upstream:track)%00%(upstream:remotename)%00%(upstream:remoteref) refs/heads/feat/auth-lockdown refs/remotes/feat/auth-lockdown [2ms]
2025-05-24 22:18:42.713 [info] > git status -z -uall [11ms]
2025-05-24 22:18:42.717 [info] > git for-each-ref --sort -committerdate --format %(refname)%00%(objectname)%00%(*objectname) [5ms]
2025-05-24 22:18:47.737 [info] > git config --get commit.template [6ms]
2025-05-24 22:18:47.738 [info] > git for-each-ref --format=%(refname)%00%(upstream:short)%00%(objectname)%00%(upstream:track)%00%(upstream:remotename)%00%(upstream:remoteref) refs/heads/feat/auth-lockdown refs/remotes/feat/auth-lockdown [1ms]
2025-05-24 22:18:47.753 [info] > git status -z -uall [8ms]
2025-05-24 22:18:47.755 [info] > git for-each-ref --sort -committerdate --format %(refname)%00%(objectname)%00%(*objectname) [3ms]
2025-05-24 22:18:52.782 [info] > git config --get commit.template [10ms]
2025-05-24 22:18:52.783 [info] > git for-each-ref --format=%(refname)%00%(upstream:short)%00%(objectname)%00%(upstream:track)%00%(upstream:remotename)%00%(upstream:remoteref) refs/heads/feat/auth-lockdown refs/remotes/feat/auth-lockdown [2ms]
2025-05-24 22:18:52.793 [info] > git status -z -uall [5ms]
2025-05-24 22:18:52.798 [info] > git for-each-ref --sort -committerdate --format %(refname)%00%(objectname)%00%(*objectname) [5ms]
2025-05-24 22:18:57.825 [info] > git config --get commit.template [12ms]
2025-05-24 22:18:57.827 [info] > git for-each-ref --format=%(refname)%00%(upstream:short)%00%(objectname)%00%(upstream:track)%00%(upstream:remotename)%00%(upstream:remoteref) refs/heads/feat/auth-lockdown refs/remotes/feat/auth-lockdown [1ms]
2025-05-24 22:18:57.846 [info] > git status -z -uall [10ms]
2025-05-24 22:18:57.848 [info] > git for-each-ref --sort -committerdate --format %(refname)%00%(objectname)%00%(*objectname) [3ms]
2025-05-24 22:19:02.869 [info] > git config --get commit.template [7ms]
2025-05-24 22:19:02.870 [info] > git for-each-ref --format=%(refname)%00%(upstream:short)%00%(objectname)%00%(upstream:track)%00%(upstream:remotename)%00%(upstream:remoteref) refs/heads/feat/auth-lockdown refs/remotes/feat/auth-lockdown [2ms]
2025-05-24 22:19:02.883 [info] > git status -z -uall [6ms]
2025-05-24 22:19:02.886 [info] > git for-each-ref --sort -committerdate --format %(refname)%00%(objectname)%00%(*objectname) [3ms]
2025-05-24 22:19:07.924 [info] > git config --get commit.template [18ms]
2025-05-24 22:19:07.926 [info] > git for-each-ref --format=%(refname)%00%(upstream:short)%00%(objectname)%00%(upstream:track)%00%(upstream:remotename)%00%(upstream:remoteref) refs/heads/feat/auth-lockdown refs/remotes/feat/auth-lockdown [3ms]
2025-05-24 22:19:07.965 [info] > git status -z -uall [17ms]
2025-05-24 22:19:07.972 [info] > git for-each-ref --sort -committerdate --format %(refname)%00%(objectname)%00%(*objectname) [9ms]
2025-05-24 22:19:12.993 [info] > git for-each-ref --format=%(refname)%00%(upstream:short)%00%(objectname)%00%(upstream:track)%00%(upstream:remotename)%00%(upstream:remoteref) refs/heads/feat/auth-lockdown refs/remotes/feat/auth-lockdown [1ms]
2025-05-24 22:19:12.994 [info] > git config --get commit.template [9ms]
2025-05-24 22:19:13.007 [info] > git status -z -uall [6ms]
2025-05-24 22:19:13.009 [info] > git for-each-ref --sort -committerdate --format %(refname)%00%(objectname)%00%(*objectname) [3ms]
2025-05-24 22:20:07.726 [info] > git config --get commit.template [1ms]
2025-05-24 22:20:07.735 [info] > git for-each-ref --format=%(refname)%00%(upstream:short)%00%(objectname)%00%(upstream:track)%00%(upstream:remotename)%00%(upstream:remoteref) refs/heads/feat/auth-lockdown refs/remotes/feat/auth-lockdown [1ms]
2025-05-24 22:20:07.746 [info] > git status -z -uall [6ms]
2025-05-24 22:20:07.748 [info] > git for-each-ref --sort -committerdate --format %(refname)%00%(objectname)%00%(*objectname) [2ms]
2025-05-24 22:20:12.768 [info] > git config --get commit.template [7ms]
2025-05-24 22:20:12.769 [info] > git for-each-ref --format=%(refname)%00%(upstream:short)%00%(objectname)%00%(upstream:track)%00%(upstream:remotename)%00%(upstream:remoteref) refs/heads/feat/auth-lockdown refs/remotes/feat/auth-lockdown [2ms]
2025-05-24 22:20:12.781 [info] > git status -z -uall [6ms]
2025-05-24 22:20:12.784 [info] > git for-each-ref --sort -committerdate --format %(refname)%00%(objectname)%00%(*objectname) [3ms]
2025-05-24 22:20:17.805 [info] > git config --get commit.template [2ms]
2025-05-24 22:20:17.813 [info] > git for-each-ref --format=%(refname)%00%(upstream:short)%00%(objectname)%00%(upstream:track)%00%(upstream:remotename)%00%(upstream:remoteref) refs/heads/feat/auth-lockdown refs/remotes/feat/auth-lockdown [1ms]
2025-05-24 22:20:17.828 [info] > git status -z -uall [8ms]
2025-05-24 22:20:17.830 [info] > git for-each-ref --sort -committerdate --format %(refname)%00%(objectname)%00%(*objectname) [5ms]
2025-05-24 22:20:22.843 [info] > git config --get commit.template [2ms]
2025-05-24 22:20:22.849 [info] > git for-each-ref --format=%(refname)%00%(upstream:short)%00%(objectname)%00%(upstream:track)%00%(upstream:remotename)%00%(upstream:remoteref) refs/heads/feat/auth-lockdown refs/remotes/feat/auth-lockdown [2ms]
2025-05-24 22:20:22.859 [info] > git status -z -uall [6ms]
2025-05-24 22:20:22.861 [info] > git for-each-ref --sort -committerdate --format %(refname)%00%(objectname)%00%(*objectname) [2ms]
2025-05-24 22:20:27.920 [info] > git for-each-ref --format=%(refname)%00%(upstream:short)%00%(objectname)%00%(upstream:track)%00%(upstream:remotename)%00%(upstream:remoteref) refs/heads/feat/auth-lockdown refs/remotes/feat/auth-lockdown [3ms]
2025-05-24 22:20:27.920 [info] > git config --get commit.template [17ms]
2025-05-24 22:20:27.933 [info] > git status -z -uall [6ms]
2025-05-24 22:20:27.935 [info] > git for-each-ref --sort -committerdate --format %(refname)%00%(objectname)%00%(*objectname) [2ms]
2025-05-24 22:20:32.952 [info] > git config --get commit.template [5ms]
2025-05-24 22:20:32.953 [info] > git for-each-ref --format=%(refname)%00%(upstream:short)%00%(objectname)%00%(upstream:track)%00%(upstream:remotename)%00%(upstream:remoteref) refs/heads/feat/auth-lockdown refs/remotes/feat/auth-lockdown [1ms]
2025-05-24 22:20:32.963 [info] > git status -z -uall [6ms]
2025-05-24 22:20:32.965 [info] > git for-each-ref --sort -committerdate --format %(refname)%00%(objectname)%00%(*objectname) [3ms]
2025-05-24 22:20:37.982 [info] > git config --get commit.template [5ms]
2025-05-24 22:20:37.983 [info] > git for-each-ref --format=%(refname)%00%(upstream:short)%00%(objectname)%00%(upstream:track)%00%(upstream:remotename)%00%(upstream:remoteref) refs/heads/feat/auth-lockdown refs/remotes/feat/auth-lockdown [2ms]
2025-05-24 22:20:37.991 [info] > git status -z -uall [4ms]
2025-05-24 22:20:37.993 [info] > git for-each-ref --sort -committerdate --format %(refname)%00%(objectname)%00%(*objectname) [2ms]
2025-05-24 22:20:43.015 [info] > git config --get commit.template [7ms]
2025-05-24 22:20:43.016 [info] > git for-each-ref --format=%(refname)%00%(upstream:short)%00%(objectname)%00%(upstream:track)%00%(upstream:remotename)%00%(upstream:remoteref) refs/heads/feat/auth-lockdown refs/remotes/feat/auth-lockdown [1ms]
2025-05-24 22:20:43.029 [info] > git status -z -uall [5ms]
2025-05-24 22:20:43.031 [info] > git for-each-ref --sort -committerdate --format %(refname)%00%(objectname)%00%(*objectname) [2ms]
2025-05-24 22:22:26.863 [info] > git config --get commit.template [7ms]
2025-05-24 22:22:26.864 [info] > git for-each-ref --format=%(refname)%00%(upstream:short)%00%(objectname)%00%(upstream:track)%00%(upstream:remotename)%00%(upstream:remoteref) refs/heads/feat/auth-lockdown refs/remotes/feat/auth-lockdown [1ms]
2025-05-24 22:22:26.877 [info] > git status -z -uall [6ms]
2025-05-24 22:22:26.879 [info] > git for-each-ref --sort -committerdate --format %(refname)%00%(objectname)%00%(*objectname) [3ms]
2025-05-24 22:24:25.159 [info] > git config --get commit.template [5ms]
2025-05-24 22:24:25.160 [info] > git for-each-ref --format=%(refname)%00%(upstream:short)%00%(objectname)%00%(upstream:track)%00%(upstream:remotename)%00%(upstream:remoteref) refs/heads/feat/auth-lockdown refs/remotes/feat/auth-lockdown [2ms]
2025-05-24 22:24:25.169 [info] > git status -z -uall [5ms]
2025-05-24 22:24:25.171 [info] > git for-each-ref --sort -committerdate --format %(refname)%00%(objectname)%00%(*objectname) [2ms]
2025-05-24 22:24:30.187 [info] > git config --get commit.template [2ms]
2025-05-24 22:24:30.196 [info] > git for-each-ref --format=%(refname)%00%(upstream:short)%00%(objectname)%00%(upstream:track)%00%(upstream:remotename)%00%(upstream:remoteref) refs/heads/feat/auth-lockdown refs/remotes/feat/auth-lockdown [2ms]
2025-05-24 22:24:30.209 [info] > git status -z -uall [8ms]
2025-05-24 22:24:30.214 [info] > git for-each-ref --sort -committerdate --format %(refname)%00%(objectname)%00%(*objectname) [6ms]
2025-05-24 22:24:56.025 [info] > git config --get commit.template [1ms]
2025-05-24 22:24:56.031 [info] > git for-each-ref --format=%(refname)%00%(upstream:short)%00%(objectname)%00%(upstream:track)%00%(upstream:remotename)%00%(upstream:remoteref) refs/heads/feat/auth-lockdown refs/remotes/feat/auth-lockdown [2ms]
2025-05-24 22:24:56.040 [info] > git status -z -uall [4ms]
2025-05-24 22:24:56.042 [info] > git for-each-ref --sort -committerdate --format %(refname)%00%(objectname)%00%(*objectname) [2ms]
2025-05-24 22:25:01.061 [info] > git config --get commit.template [7ms]
2025-05-24 22:25:01.062 [info] > git for-each-ref --format=%(refname)%00%(upstream:short)%00%(objectname)%00%(upstream:track)%00%(upstream:remotename)%00%(upstream:remoteref) refs/heads/feat/auth-lockdown refs/remotes/feat/auth-lockdown [1ms]
2025-05-24 22:25:01.073 [info] > git status -z -uall [5ms]
2025-05-24 22:25:01.083 [info] > git for-each-ref --sort -committerdate --format %(refname)%00%(objectname)%00%(*objectname) [10ms]
2025-05-24 22:25:06.130 [info] > git config --get commit.template [13ms]
2025-05-24 22:25:06.133 [info] > git for-each-ref --format=%(refname)%00%(upstream:short)%00%(objectname)%00%(upstream:track)%00%(upstream:remotename)%00%(upstream:remoteref) refs/heads/feat/auth-lockdown refs/remotes/feat/auth-lockdown [4ms]
2025-05-24 22:25:06.170 [info] > git status -z -uall [21ms]
2025-05-24 22:25:06.171 [info] > git for-each-ref --sort -committerdate --format %(refname)%00%(objectname)%00%(*objectname) [3ms]
2025-05-24 22:25:11.196 [info] > git config --get commit.template [10ms]
2025-05-24 22:25:11.197 [info] > git for-each-ref --format=%(refname)%00%(upstream:short)%00%(objectname)%00%(upstream:track)%00%(upstream:remotename)%00%(upstream:remoteref) refs/heads/feat/auth-lockdown refs/remotes/feat/auth-lockdown [2ms]
2025-05-24 22:25:11.227 [info] > git status -z -uall [15ms]
2025-05-24 22:25:11.231 [info] > git for-each-ref --sort -committerdate --format %(refname)%00%(objectname)%00%(*objectname) [7ms]
2025-05-24 22:25:16.248 [info] > git config --get commit.template [4ms]
2025-05-24 22:25:16.259 [info] > git for-each-ref --format=%(refname)%00%(upstream:short)%00%(objectname)%00%(upstream:track)%00%(upstream:remotename)%00%(upstream:remoteref) refs/heads/feat/auth-lockdown refs/remotes/feat/auth-lockdown [11ms]
2025-05-24 22:25:16.291 [info] > git status -z -uall [13ms]
2025-05-24 22:25:16.294 [info] > git for-each-ref --sort -committerdate --format %(refname)%00%(objectname)%00%(*objectname) [4ms]
2025-05-24 22:25:21.311 [info] > git config --get commit.template [5ms]
2025-05-24 22:25:21.311 [info] > git for-each-ref --format=%(refname)%00%(upstream:short)%00%(objectname)%00%(upstream:track)%00%(upstream:remotename)%00%(upstream:remoteref) refs/heads/feat/auth-lockdown refs/remotes/feat/auth-lockdown [1ms]
2025-05-24 22:25:21.326 [info] > git status -z -uall [7ms]
2025-05-24 22:25:21.329 [info] > git for-each-ref --sort -committerdate --format %(refname)%00%(objectname)%00%(*objectname) [3ms]
2025-05-24 22:25:59.373 [info] > git config --get commit.template [4ms]
2025-05-24 22:25:59.378 [info] > git for-each-ref --format=%(refname)%00%(upstream:short)%00%(objectname)%00%(upstream:track)%00%(upstream:remotename)%00%(upstream:remoteref) refs/heads/feat/auth-lockdown refs/remotes/feat/auth-lockdown [5ms]
2025-05-24 22:25:59.388 [info] > git status -z -uall [5ms]
2025-05-24 22:25:59.390 [info] > git for-each-ref --sort -committerdate --format %(refname)%00%(objectname)%00%(*objectname) [3ms]
2025-05-24 22:26:04.406 [info] > git config --get commit.template [1ms]
2025-05-24 22:26:04.415 [info] > git for-each-ref --format=%(refname)%00%(upstream:short)%00%(objectname)%00%(upstream:track)%00%(upstream:remotename)%00%(upstream:remoteref) refs/heads/feat/auth-lockdown refs/remotes/feat/auth-lockdown [1ms]
2025-05-24 22:26:04.428 [info] > git status -z -uall [7ms]
2025-05-24 22:26:04.431 [info] > git for-each-ref --sort -committerdate --format %(refname)%00%(objectname)%00%(*objectname) [4ms]
2025-05-24 22:26:20.872 [info] > git config --get commit.template [5ms]
2025-05-24 22:26:20.873 [info] > git for-each-ref --format=%(refname)%00%(upstream:short)%00%(objectname)%00%(upstream:track)%00%(upstream:remotename)%00%(upstream:remoteref) refs/heads/feat/auth-lockdown refs/remotes/feat/auth-lockdown [1ms]
2025-05-24 22:26:20.883 [info] > git status -z -uall [5ms]
2025-05-24 22:26:20.885 [info] > git for-each-ref --sort -committerdate --format %(refname)%00%(objectname)%00%(*objectname) [3ms]
2025-05-24 22:27:06.521 [info] > git config --get commit.template [2ms]
2025-05-24 22:27:06.526 [info] > git for-each-ref --format=%(refname)%00%(upstream:short)%00%(objectname)%00%(upstream:track)%00%(upstream:remotename)%00%(upstream:remoteref) refs/heads/feat/auth-lockdown refs/remotes/feat/auth-lockdown [1ms]
2025-05-24 22:27:06.538 [info] > git status -z -uall [5ms]
2025-05-24 22:27:06.540 [info] > git for-each-ref --sort -committerdate --format %(refname)%00%(objectname)%00%(*objectname) [3ms]
2025-05-24 22:27:11.556 [info] > git config --get commit.template [2ms]
2025-05-24 22:27:11.562 [info] > git for-each-ref --format=%(refname)%00%(upstream:short)%00%(objectname)%00%(upstream:track)%00%(upstream:remotename)%00%(upstream:remoteref) refs/heads/feat/auth-lockdown refs/remotes/feat/auth-lockdown [2ms]
2025-05-24 22:27:11.572 [info] > git status -z -uall [4ms]
2025-05-24 22:27:11.574 [info] > git for-each-ref --sort -committerdate --format %(refname)%00%(objectname)%00%(*objectname) [2ms]
2025-05-24 22:27:47.789 [info] > git config --get commit.template [4ms]
2025-05-24 22:27:47.790 [info] > git for-each-ref --format=%(refname)%00%(upstream:short)%00%(objectname)%00%(upstream:track)%00%(upstream:remotename)%00%(upstream:remoteref) refs/heads/feat/auth-lockdown refs/remotes/feat/auth-lockdown [1ms]
2025-05-24 22:27:47.801 [info] > git status -z -uall [6ms]
2025-05-24 22:27:47.803 [info] > git for-each-ref --sort -committerdate --format %(refname)%00%(objectname)%00%(*objectname) [3ms]
2025-05-24 22:27:52.826 [info] > git config --get commit.template [8ms]
2025-05-24 22:27:52.827 [info] > git for-each-ref --format=%(refname)%00%(upstream:short)%00%(objectname)%00%(upstream:track)%00%(upstream:remotename)%00%(upstream:remoteref) refs/heads/feat/auth-lockdown refs/remotes/feat/auth-lockdown [2ms]
2025-05-24 22:27:52.850 [info] > git status -z -uall [13ms]
2025-05-24 22:27:52.854 [info] > git for-each-ref --sort -committerdate --format %(refname)%00%(objectname)%00%(*objectname) [5ms]
2025-05-24 22:27:57.868 [info] > git config --get commit.template [1ms]
2025-05-24 22:27:57.875 [info] > git for-each-ref --format=%(refname)%00%(upstream:short)%00%(objectname)%00%(upstream:track)%00%(upstream:remotename)%00%(upstream:remoteref) refs/heads/feat/auth-lockdown refs/remotes/feat/auth-lockdown [1ms]
2025-05-24 22:27:57.885 [info] > git status -z -uall [4ms]
2025-05-24 22:27:57.888 [info] > git for-each-ref --sort -committerdate --format %(refname)%00%(objectname)%00%(*objectname) [3ms]
2025-05-24 22:28:13.435 [info] > git config --get commit.template [5ms]
2025-05-24 22:28:13.436 [info] > git for-each-ref --format=%(refname)%00%(upstream:short)%00%(objectname)%00%(upstream:track)%00%(upstream:remotename)%00%(upstream:remoteref) refs/heads/feat/auth-lockdown refs/remotes/feat/auth-lockdown [2ms]
2025-05-24 22:28:13.444 [info] > git status -z -uall [4ms]
2025-05-24 22:28:13.447 [info] > git for-each-ref --sort -committerdate --format %(refname)%00%(objectname)%00%(*objectname) [3ms]
2025-05-24 22:28:18.473 [info] > git config --get commit.template [10ms]
2025-05-24 22:28:18.475 [info] > git for-each-ref --format=%(refname)%00%(upstream:short)%00%(objectname)%00%(upstream:track)%00%(upstream:remotename)%00%(upstream:remoteref) refs/heads/feat/auth-lockdown refs/remotes/feat/auth-lockdown [2ms]
2025-05-24 22:28:18.503 [info] > git status -z -uall [17ms]
2025-05-24 22:28:18.507 [info] > git for-each-ref --sort -committerdate --format %(refname)%00%(objectname)%00%(*objectname) [5ms]
2025-05-24 22:28:23.530 [info] > git config --get commit.template [8ms]
2025-05-24 22:28:23.531 [info] > git for-each-ref --format=%(refname)%00%(upstream:short)%00%(objectname)%00%(upstream:track)%00%(upstream:remotename)%00%(upstream:remoteref) refs/heads/feat/auth-lockdown refs/remotes/feat/auth-lockdown [1ms]
2025-05-24 22:28:23.552 [info] > git status -z -uall [12ms]
2025-05-24 22:28:23.555 [info] > git for-each-ref --sort -committerdate --format %(refname)%00%(objectname)%00%(*objectname) [4ms]
2025-05-24 22:28:28.573 [info] > git config --get commit.template [6ms]
2025-05-24 22:28:28.574 [info] > git for-each-ref --format=%(refname)%00%(upstream:short)%00%(objectname)%00%(upstream:track)%00%(upstream:remotename)%00%(upstream:remoteref) refs/heads/feat/auth-lockdown refs/remotes/feat/auth-lockdown [1ms]
2025-05-24 22:28:28.583 [info] > git status -z -uall [5ms]
2025-05-24 22:28:28.585 [info] > git for-each-ref --sort -committerdate --format %(refname)%00%(objectname)%00%(*objectname) [2ms]
2025-05-24 22:28:33.614 [info] > git config --get commit.template [14ms]
2025-05-24 22:28:33.615 [info] > git for-each-ref --format=%(refname)%00%(upstream:short)%00%(objectname)%00%(upstream:track)%00%(upstream:remotename)%00%(upstream:remoteref) refs/heads/feat/auth-lockdown refs/remotes/feat/auth-lockdown [2ms]
2025-05-24 22:28:33.636 [info] > git status -z -uall [11ms]
2025-05-24 22:28:33.639 [info] > git for-each-ref --sort -committerdate --format %(refname)%00%(objectname)%00%(*objectname) [3ms]
2025-05-24 22:28:38.656 [info] > git config --get commit.template [5ms]
2025-05-24 22:28:38.658 [info] > git for-each-ref --format=%(refname)%00%(upstream:short)%00%(objectname)%00%(upstream:track)%00%(upstream:remotename)%00%(upstream:remoteref) refs/heads/feat/auth-lockdown refs/remotes/feat/auth-lockdown [2ms]
2025-05-24 22:28:38.670 [info] > git status -z -uall [8ms]
2025-05-24 22:28:38.674 [info] > git for-each-ref --sort -committerdate --format %(refname)%00%(objectname)%00%(*objectname) [5ms]
2025-05-24 22:28:43.692 [info] > git config --get commit.template [6ms]
2025-05-24 22:28:43.693 [info] > git for-each-ref --format=%(refname)%00%(upstream:short)%00%(objectname)%00%(upstream:track)%00%(upstream:remotename)%00%(upstream:remoteref) refs/heads/feat/auth-lockdown refs/remotes/feat/auth-lockdown [2ms]
2025-05-24 22:28:43.702 [info] > git status -z -uall [4ms]
2025-05-24 22:28:43.704 [info] > git for-each-ref --sort -committerdate --format %(refname)%00%(objectname)%00%(*objectname) [2ms]
2025-05-24 22:28:48.721 [info] > git config --get commit.template [7ms]
2025-05-24 22:28:48.722 [info] > git for-each-ref --format=%(refname)%00%(upstream:short)%00%(objectname)%00%(upstream:track)%00%(upstream:remotename)%00%(upstream:remoteref) refs/heads/feat/auth-lockdown refs/remotes/feat/auth-lockdown [2ms]
2025-05-24 22:28:48.730 [info] > git status -z -uall [4ms]
2025-05-24 22:28:48.733 [info] > git for-each-ref --sort -committerdate --format %(refname)%00%(objectname)%00%(*objectname) [3ms]
2025-05-24 22:29:04.276 [info] > git config --get commit.template [2ms]
2025-05-24 22:29:04.286 [info] > git for-each-ref --format=%(refname)%00%(upstream:short)%00%(objectname)%00%(upstream:track)%00%(upstream:remotename)%00%(upstream:remoteref) refs/heads/feat/auth-lockdown refs/remotes/feat/auth-lockdown [2ms]
2025-05-24 22:29:04.294 [info] > git status -z -uall [4ms]
2025-05-24 22:29:04.296 [info] > git for-each-ref --sort -committerdate --format %(refname)%00%(objectname)%00%(*objectname) [2ms]
2025-05-24 22:29:09.314 [info] > git config --get commit.template [5ms]
2025-05-24 22:29:09.315 [info] > git for-each-ref --format=%(refname)%00%(upstream:short)%00%(objectname)%00%(upstream:track)%00%(upstream:remotename)%00%(upstream:remoteref) refs/heads/feat/auth-lockdown refs/remotes/feat/auth-lockdown [2ms]
2025-05-24 22:29:09.325 [info] > git status -z -uall [4ms]
2025-05-24 22:29:09.328 [info] > git for-each-ref --sort -committerdate --format %(refname)%00%(objectname)%00%(*objectname) [2ms]
2025-05-24 22:29:14.347 [info] > git config --get commit.template [5ms]
2025-05-24 22:29:14.348 [info] > git for-each-ref --format=%(refname)%00%(upstream:short)%00%(objectname)%00%(upstream:track)%00%(upstream:remotename)%00%(upstream:remoteref) refs/heads/feat/auth-lockdown refs/remotes/feat/auth-lockdown [1ms]
2025-05-24 22:29:14.358 [info] > git status -z -uall [4ms]
2025-05-24 22:29:14.360 [info] > git for-each-ref --sort -committerdate --format %(refname)%00%(objectname)%00%(*objectname) [2ms]
2025-05-24 22:30:02.210 [info] > git config --get commit.template [5ms]
2025-05-24 22:30:02.211 [info] > git for-each-ref --format=%(refname)%00%(upstream:short)%00%(objectname)%00%(upstream:track)%00%(upstream:remotename)%00%(upstream:remoteref) refs/heads/feat/auth-lockdown refs/remotes/feat/auth-lockdown [2ms]
2025-05-24 22:30:02.222 [info] > git status -z -uall [6ms]
2025-05-24 22:30:02.224 [info] > git for-each-ref --sort -committerdate --format %(refname)%00%(objectname)%00%(*objectname) [3ms]
2025-05-24 22:30:14.418 [info] > git config --get commit.template [1ms]
2025-05-24 22:30:14.426 [info] > git for-each-ref --format=%(refname)%00%(upstream:short)%00%(objectname)%00%(upstream:track)%00%(upstream:remotename)%00%(upstream:remoteref) refs/heads/feat/auth-lockdown refs/remotes/feat/auth-lockdown [1ms]
2025-05-24 22:30:14.436 [info] > git status -z -uall [5ms]
2025-05-24 22:30:14.439 [info] > git for-each-ref --sort -committerdate --format %(refname)%00%(objectname)%00%(*objectname) [4ms]
2025-05-24 22:30:19.470 [info] > git config --get commit.template [10ms]
2025-05-24 22:30:19.471 [info] > git for-each-ref --format=%(refname)%00%(upstream:short)%00%(objectname)%00%(upstream:track)%00%(upstream:remotename)%00%(upstream:remoteref) refs/heads/feat/auth-lockdown refs/remotes/feat/auth-lockdown [2ms]
2025-05-24 22:30:19.486 [info] > git status -z -uall [7ms]
2025-05-24 22:30:19.488 [info] > git for-each-ref --sort -committerdate --format %(refname)%00%(objectname)%00%(*objectname) [4ms]
2025-05-24 22:30:31.162 [info] > git config --get commit.template [19ms]
2025-05-24 22:30:31.173 [info] > git for-each-ref --format=%(refname)%00%(upstream:short)%00%(objectname)%00%(upstream:track)%00%(upstream:remotename)%00%(upstream:remoteref) refs/heads/feat/auth-lockdown refs/remotes/feat/auth-lockdown [12ms]
2025-05-24 22:30:31.212 [info] > git status -z -uall [22ms]
2025-05-24 22:30:31.217 [info] > git for-each-ref --sort -committerdate --format %(refname)%00%(objectname)%00%(*objectname) [6ms]
2025-05-24 22:30:36.248 [info] > git config --get commit.template [11ms]
2025-05-24 22:30:36.249 [info] > git for-each-ref --format=%(refname)%00%(upstream:short)%00%(objectname)%00%(upstream:track)%00%(upstream:remotename)%00%(upstream:remoteref) refs/heads/feat/auth-lockdown refs/remotes/feat/auth-lockdown [2ms]
2025-05-24 22:30:36.260 [info] > git status -z -uall [5ms]
2025-05-24 22:30:36.265 [info] > git for-each-ref --sort -committerdate --format %(refname)%00%(objectname)%00%(*objectname) [5ms]
2025-05-24 22:30:41.280 [info] > git config --get commit.template [5ms]
2025-05-24 22:30:41.282 [info] > git for-each-ref --format=%(refname)%00%(upstream:short)%00%(objectname)%00%(upstream:track)%00%(upstream:remotename)%00%(upstream:remoteref) refs/heads/feat/auth-lockdown refs/remotes/feat/auth-lockdown [2ms]
2025-05-24 22:30:41.300 [info] > git status -z -uall [11ms]
2025-05-24 22:30:41.303 [info] > git for-each-ref --sort -committerdate --format %(refname)%00%(objectname)%00%(*objectname) [2ms]
2025-05-24 22:30:46.354 [info] > git config --get commit.template [22ms]
2025-05-24 22:30:46.356 [info] > git for-each-ref --format=%(refname)%00%(upstream:short)%00%(objectname)%00%(upstream:track)%00%(upstream:remotename)%00%(upstream:remoteref) refs/heads/feat/auth-lockdown refs/remotes/feat/auth-lockdown [3ms]
2025-05-24 22:30:46.378 [info] > git status -z -uall [7ms]
2025-05-24 22:30:46.380 [info] > git for-each-ref --sort -committerdate --format %(refname)%00%(objectname)%00%(*objectname) [3ms]
2025-05-24 22:30:51.420 [info] > git config --get commit.template [15ms]
2025-05-24 22:30:51.423 [info] > git for-each-ref --format=%(refname)%00%(upstream:short)%00%(objectname)%00%(upstream:track)%00%(upstream:remotename)%00%(upstream:remoteref) refs/heads/feat/auth-lockdown refs/remotes/feat/auth-lockdown [3ms]
2025-05-24 22:30:51.455 [info] > git status -z -uall [14ms]
2025-05-24 22:30:51.459 [info] > git for-each-ref --sort -committerdate --format %(refname)%00%(objectname)%00%(*objectname) [5ms]
2025-05-24 22:30:56.513 [info] > git config --get commit.template [30ms]
2025-05-24 22:30:56.515 [info] > git for-each-ref --format=%(refname)%00%(upstream:short)%00%(objectname)%00%(upstream:track)%00%(upstream:remotename)%00%(upstream:remoteref) refs/heads/feat/auth-lockdown refs/remotes/feat/auth-lockdown [3ms]
2025-05-24 22:30:56.556 [info] > git status -z -uall [17ms]
2025-05-24 22:30:56.561 [info] > git for-each-ref --sort -committerdate --format %(refname)%00%(objectname)%00%(*objectname) [6ms]
2025-05-24 22:31:01.587 [info] > git config --get commit.template [6ms]
2025-05-24 22:31:01.594 [info] > git for-each-ref --format=%(refname)%00%(upstream:short)%00%(objectname)%00%(upstream:track)%00%(upstream:remotename)%00%(upstream:remoteref) refs/heads/feat/auth-lockdown refs/remotes/feat/auth-lockdown [8ms]
2025-05-24 22:31:01.629 [info] > git status -z -uall [17ms]
2025-05-24 22:31:01.634 [info] > git for-each-ref --sort -committerdate --format %(refname)%00%(objectname)%00%(*objectname) [5ms]
2025-05-24 22:31:41.672 [info] > git config --get commit.template [6ms]
2025-05-24 22:31:41.677 [info] > git for-each-ref --format=%(refname)%00%(upstream:short)%00%(objectname)%00%(upstream:track)%00%(upstream:remotename)%00%(upstream:remoteref) refs/heads/feat/auth-lockdown refs/remotes/feat/auth-lockdown [5ms]
2025-05-24 22:31:41.695 [info] > git for-each-ref --sort -committerdate --format %(refname)%00%(objectname)%00%(*objectname) [4ms]
2025-05-24 22:31:41.706 [info] > git status -z -uall [23ms]
2025-05-24 22:31:46.741 [info] > git config --get commit.template [17ms]
2025-05-24 22:31:46.742 [info] > git for-each-ref --format=%(refname)%00%(upstream:short)%00%(objectname)%00%(upstream:track)%00%(upstream:remotename)%00%(upstream:remoteref) refs/heads/feat/auth-lockdown refs/remotes/feat/auth-lockdown [2ms]
2025-05-24 22:31:46.759 [info] > git status -z -uall [8ms]
2025-05-24 22:31:46.761 [info] > git for-each-ref --sort -committerdate --format %(refname)%00%(objectname)%00%(*objectname) [3ms]
2025-05-24 22:32:03.361 [info] > git config --get commit.template [5ms]
2025-05-24 22:32:03.362 [info] > git for-each-ref --format=%(refname)%00%(upstream:short)%00%(objectname)%00%(upstream:track)%00%(upstream:remotename)%00%(upstream:remoteref) refs/heads/feat/auth-lockdown refs/remotes/feat/auth-lockdown [1ms]
2025-05-24 22:32:03.375 [info] > git for-each-ref --sort -committerdate --format %(refname)%00%(objectname)%00%(*objectname) [3ms]
2025-05-24 22:32:03.376 [info] > git status -z -uall [9ms]
2025-05-24 22:32:08.421 [info] > git config --get commit.template [21ms]
2025-05-24 22:32:08.423 [info] > git for-each-ref --format=%(refname)%00%(upstream:short)%00%(objectname)%00%(upstream:track)%00%(upstream:remotename)%00%(upstream:remoteref) refs/heads/feat/auth-lockdown refs/remotes/feat/auth-lockdown [3ms]
2025-05-24 22:32:08.441 [info] > git status -z -uall [10ms]
2025-05-24 22:32:08.442 [info] > git for-each-ref --sort -committerdate --format %(refname)%00%(objectname)%00%(*objectname) [3ms]
2025-05-24 22:32:57.815 [info] > git config --get commit.template [4ms]
2025-05-24 22:32:57.833 [info] > git for-each-ref --format=%(refname)%00%(upstream:short)%00%(objectname)%00%(upstream:track)%00%(upstream:remotename)%00%(upstream:remoteref) refs/heads/feat/auth-lockdown refs/remotes/feat/auth-lockdown [5ms]
2025-05-24 22:32:57.885 [info] > git for-each-ref --sort -committerdate --format %(refname)%00%(objectname)%00%(*objectname) [7ms]
2025-05-24 22:32:57.915 [info] > git status -z -uall [61ms]
2025-05-24 22:34:29.017 [info] > git config --get commit.template [11ms]
2025-05-24 22:34:29.020 [info] > git for-each-ref --format=%(refname)%00%(upstream:short)%00%(objectname)%00%(upstream:track)%00%(upstream:remotename)%00%(upstream:remoteref) refs/heads/feat/auth-lockdown refs/remotes/feat/auth-lockdown [5ms]
2025-05-24 22:34:29.042 [info] > git for-each-ref --sort -committerdate --format %(refname)%00%(objectname)%00%(*objectname) [3ms]
2025-05-24 22:34:29.069 [info] > git status -z -uall [42ms]
2025-05-24 22:34:34.099 [info] > git for-each-ref --format=%(refname)%00%(upstream:short)%00%(objectname)%00%(upstream:track)%00%(upstream:remotename)%00%(upstream:remoteref) refs/heads/feat/auth-lockdown refs/remotes/feat/auth-lockdown [1ms]
2025-05-24 22:34:34.099 [info] > git config --get commit.template [12ms]
2025-05-24 22:34:34.113 [info] > git status -z -uall [6ms]
2025-05-24 22:34:34.116 [info] > git for-each-ref --sort -committerdate --format %(refname)%00%(objectname)%00%(*objectname) [3ms]
2025-05-24 22:34:39.137 [info] > git config --get commit.template [8ms]
2025-05-24 22:34:39.138 [info] > git for-each-ref --format=%(refname)%00%(upstream:short)%00%(objectname)%00%(upstream:track)%00%(upstream:remotename)%00%(upstream:remoteref) refs/heads/feat/auth-lockdown refs/remotes/feat/auth-lockdown [1ms]
2025-05-24 22:34:39.152 [info] > git status -z -uall [6ms]
2025-05-24 22:34:39.155 [info] > git for-each-ref --sort -committerdate --format %(refname)%00%(objectname)%00%(*objectname) [4ms]
2025-05-24 22:34:44.171 [info] > git config --get commit.template [5ms]
2025-05-24 22:34:44.172 [info] > git for-each-ref --format=%(refname)%00%(upstream:short)%00%(objectname)%00%(upstream:track)%00%(upstream:remotename)%00%(upstream:remoteref) refs/heads/feat/auth-lockdown refs/remotes/feat/auth-lockdown [1ms]
2025-05-24 22:34:44.188 [info] > git status -z -uall [9ms]
2025-05-24 22:34:44.190 [info] > git for-each-ref --sort -committerdate --format %(refname)%00%(objectname)%00%(*objectname) [3ms]
2025-05-24 22:34:49.212 [info] > git config --get commit.template [5ms]
2025-05-24 22:34:49.213 [info] > git for-each-ref --format=%(refname)%00%(upstream:short)%00%(objectname)%00%(upstream:track)%00%(upstream:remotename)%00%(upstream:remoteref) refs/heads/feat/auth-lockdown refs/remotes/feat/auth-lockdown [2ms]
2025-05-24 22:34:49.223 [info] > git status -z -uall [6ms]
2025-05-24 22:34:49.226 [info] > git for-each-ref --sort -committerdate --format %(refname)%00%(objectname)%00%(*objectname) [4ms]
2025-05-24 22:36:05.433 [info] > git config --get commit.template [7ms]
2025-05-24 22:36:05.434 [info] > git for-each-ref --format=%(refname)%00%(upstream:short)%00%(objectname)%00%(upstream:track)%00%(upstream:remotename)%00%(upstream:remoteref) refs/heads/feat/auth-lockdown refs/remotes/feat/auth-lockdown [2ms]
2025-05-24 22:36:05.447 [info] > git status -z -uall [5ms]
2025-05-24 22:36:05.449 [info] > git for-each-ref --sort -committerdate --format %(refname)%00%(objectname)%00%(*objectname) [3ms]
2025-05-24 22:36:10.467 [info] > git config --get commit.template [5ms]
2025-05-24 22:36:10.468 [info] > git for-each-ref --format=%(refname)%00%(upstream:short)%00%(objectname)%00%(upstream:track)%00%(upstream:remotename)%00%(upstream:remoteref) refs/heads/feat/auth-lockdown refs/remotes/feat/auth-lockdown [1ms]
2025-05-24 22:36:10.480 [info] > git status -z -uall [7ms]
2025-05-24 22:36:10.482 [info] > git for-each-ref --sort -committerdate --format %(refname)%00%(objectname)%00%(*objectname) [2ms]
2025-05-24 22:36:15.503 [info] > git config --get commit.template [8ms]
2025-05-24 22:36:15.503 [info] > git for-each-ref --format=%(refname)%00%(upstream:short)%00%(objectname)%00%(upstream:track)%00%(upstream:remotename)%00%(upstream:remoteref) refs/heads/feat/auth-lockdown refs/remotes/feat/auth-lockdown [2ms]
2025-05-24 22:36:15.516 [info] > git status -z -uall [6ms]
2025-05-24 22:36:15.518 [info] > git for-each-ref --sort -committerdate --format %(refname)%00%(objectname)%00%(*objectname) [3ms]
2025-05-24 22:36:20.538 [info] > git config --get commit.template [6ms]
2025-05-24 22:36:20.539 [info] > git for-each-ref --format=%(refname)%00%(upstream:short)%00%(objectname)%00%(upstream:track)%00%(upstream:remotename)%00%(upstream:remoteref) refs/heads/feat/auth-lockdown refs/remotes/feat/auth-lockdown [2ms]
2025-05-24 22:36:20.557 [info] > git status -z -uall [10ms]
2025-05-24 22:36:20.559 [info] > git for-each-ref --sort -committerdate --format %(refname)%00%(objectname)%00%(*objectname) [3ms]
2025-05-24 22:36:25.576 [info] > git config --get commit.template [5ms]
2025-05-24 22:36:25.577 [info] > git for-each-ref --format=%(refname)%00%(upstream:short)%00%(objectname)%00%(upstream:track)%00%(upstream:remotename)%00%(upstream:remoteref) refs/heads/feat/auth-lockdown refs/remotes/feat/auth-lockdown [2ms]
2025-05-24 22:36:25.587 [info] > git status -z -uall [4ms]
2025-05-24 22:36:25.589 [info] > git for-each-ref --sort -committerdate --format %(refname)%00%(objectname)%00%(*objectname) [3ms]
2025-05-24 22:36:30.606 [info] > git config --get commit.template [6ms]
2025-05-24 22:36:30.607 [info] > git for-each-ref --format=%(refname)%00%(upstream:short)%00%(objectname)%00%(upstream:track)%00%(upstream:remotename)%00%(upstream:remoteref) refs/heads/feat/auth-lockdown refs/remotes/feat/auth-lockdown [2ms]
2025-05-24 22:36:30.619 [info] > git status -z -uall [5ms]
2025-05-24 22:36:30.622 [info] > git for-each-ref --sort -committerdate --format %(refname)%00%(objectname)%00%(*objectname) [3ms]
2025-05-24 22:36:35.637 [info] > git config --get commit.template [2ms]
2025-05-24 22:36:35.646 [info] > git for-each-ref --format=%(refname)%00%(upstream:short)%00%(objectname)%00%(upstream:track)%00%(upstream:remotename)%00%(upstream:remoteref) refs/heads/feat/auth-lockdown refs/remotes/feat/auth-lockdown [2ms]
2025-05-24 22:36:35.663 [info] > git status -z -uall [8ms]
2025-05-24 22:36:35.666 [info] > git for-each-ref --sort -committerdate --format %(refname)%00%(objectname)%00%(*objectname) [3ms]
2025-05-24 22:36:40.682 [info] > git config --get commit.template [5ms]
2025-05-24 22:36:40.684 [info] > git for-each-ref --format=%(refname)%00%(upstream:short)%00%(objectname)%00%(upstream:track)%00%(upstream:remotename)%00%(upstream:remoteref) refs/heads/feat/auth-lockdown refs/remotes/feat/auth-lockdown [2ms]
2025-05-24 22:36:40.704 [info] > git status -z -uall [9ms]
2025-05-24 22:36:40.707 [info] > git for-each-ref --sort -committerdate --format %(refname)%00%(objectname)%00%(*objectname) [3ms]
2025-05-24 22:36:57.292 [info] > git config --get commit.template [9ms]
2025-05-24 22:36:57.293 [info] > git for-each-ref --format=%(refname)%00%(upstream:short)%00%(objectname)%00%(upstream:track)%00%(upstream:remotename)%00%(upstream:remoteref) refs/heads/feat/auth-lockdown refs/remotes/feat/auth-lockdown [2ms]
2025-05-24 22:36:57.303 [info] > git status -z -uall [5ms]
2025-05-24 22:36:57.306 [info] > git for-each-ref --sort -committerdate --format %(refname)%00%(objectname)%00%(*objectname) [4ms]
2025-05-24 22:37:02.320 [info] > git config --get commit.template [2ms]
2025-05-24 22:37:02.327 [info] > git for-each-ref --format=%(refname)%00%(upstream:short)%00%(objectname)%00%(upstream:track)%00%(upstream:remotename)%00%(upstream:remoteref) refs/heads/feat/auth-lockdown refs/remotes/feat/auth-lockdown [2ms]
2025-05-24 22:37:02.341 [info] > git status -z -uall [7ms]
2025-05-24 22:37:02.344 [info] > git for-each-ref --sort -committerdate --format %(refname)%00%(objectname)%00%(*objectname) [3ms]
2025-05-24 22:37:07.364 [info] > git config --get commit.template [8ms]
2025-05-24 22:37:07.365 [info] > git for-each-ref --format=%(refname)%00%(upstream:short)%00%(objectname)%00%(upstream:track)%00%(upstream:remotename)%00%(upstream:remoteref) refs/heads/feat/auth-lockdown refs/remotes/feat/auth-lockdown [2ms]
2025-05-24 22:37:07.379 [info] > git status -z -uall [8ms]
2025-05-24 22:37:07.380 [info] > git for-each-ref --sort -committerdate --format %(refname)%00%(objectname)%00%(*objectname) [3ms]
2025-05-24 22:37:54.731 [info] > git config --get commit.template [1ms]
2025-05-24 22:37:54.749 [info] > git for-each-ref --format=%(refname)%00%(upstream:short)%00%(objectname)%00%(upstream:track)%00%(upstream:remotename)%00%(upstream:remoteref) refs/heads/feat/auth-lockdown refs/remotes/feat/auth-lockdown [9ms]
2025-05-24 22:37:54.766 [info] > git for-each-ref --sort -committerdate --format %(refname)%00%(objectname)%00%(*objectname) [3ms]
2025-05-24 22:37:54.809 [info] > git status -z -uall [51ms]
2025-05-24 22:37:59.834 [info] > git config --get commit.template [8ms]
2025-05-24 22:37:59.835 [info] > git for-each-ref --format=%(refname)%00%(upstream:short)%00%(objectname)%00%(upstream:track)%00%(upstream:remotename)%00%(upstream:remoteref) refs/heads/feat/auth-lockdown refs/remotes/feat/auth-lockdown [2ms]
2025-05-24 22:37:59.848 [info] > git status -z -uall [5ms]
2025-05-24 22:37:59.851 [info] > git for-each-ref --sort -committerdate --format %(refname)%00%(objectname)%00%(*objectname) [4ms]
2025-05-24 22:38:04.871 [info] > git config --get commit.template [7ms]
2025-05-24 22:38:04.872 [info] > git for-each-ref --format=%(refname)%00%(upstream:short)%00%(objectname)%00%(upstream:track)%00%(upstream:remotename)%00%(upstream:remoteref) refs/heads/feat/auth-lockdown refs/remotes/feat/auth-lockdown [1ms]
2025-05-24 22:38:04.894 [info] > git status -z -uall [14ms]
2025-05-24 22:38:04.895 [info] > git for-each-ref --sort -committerdate --format %(refname)%00%(objectname)%00%(*objectname) [3ms]
2025-05-24 22:38:09.920 [info] > git config --get commit.template [12ms]
2025-05-24 22:38:09.920 [info] > git for-each-ref --format=%(refname)%00%(upstream:short)%00%(objectname)%00%(upstream:track)%00%(upstream:remotename)%00%(upstream:remoteref) refs/heads/feat/auth-lockdown refs/remotes/feat/auth-lockdown [1ms]
2025-05-24 22:38:09.937 [info] > git status -z -uall [8ms]
2025-05-24 22:38:09.939 [info] > git for-each-ref --sort -committerdate --format %(refname)%00%(objectname)%00%(*objectname) [2ms]
2025-05-24 22:38:14.958 [info] > git config --get commit.template [7ms]
2025-05-24 22:38:14.958 [info] > git for-each-ref --format=%(refname)%00%(upstream:short)%00%(objectname)%00%(upstream:track)%00%(upstream:remotename)%00%(upstream:remoteref) refs/heads/feat/auth-lockdown refs/remotes/feat/auth-lockdown [1ms]
2025-05-24 22:38:14.970 [info] > git status -z -uall [5ms]
2025-05-24 22:38:14.972 [info] > git for-each-ref --sort -committerdate --format %(refname)%00%(objectname)%00%(*objectname) [3ms]
2025-05-24 22:38:19.999 [info] > git config --get commit.template [8ms]
2025-05-24 22:38:20.005 [info] > git for-each-ref --format=%(refname)%00%(upstream:short)%00%(objectname)%00%(upstream:track)%00%(upstream:remotename)%00%(upstream:remoteref) refs/heads/feat/auth-lockdown refs/remotes/feat/auth-lockdown [7ms]
2025-05-24 22:38:20.032 [info] > git for-each-ref --sort -committerdate --format %(refname)%00%(objectname)%00%(*objectname) [3ms]
2025-05-24 22:38:20.053 [info] > git status -z -uall [35ms]
2025-05-24 22:38:25.069 [info] > git config --get commit.template [1ms]
2025-05-24 22:38:25.090 [info] > git for-each-ref --format=%(refname)%00%(upstream:short)%00%(objectname)%00%(upstream:track)%00%(upstream:remotename)%00%(upstream:remoteref) refs/heads/feat/auth-lockdown refs/remotes/feat/auth-lockdown [10ms]
2025-05-24 22:38:25.110 [info] > git for-each-ref --sort -committerdate --format %(refname)%00%(objectname)%00%(*objectname) [3ms]
2025-05-24 22:38:25.142 [info] > git status -z -uall [42ms]
2025-05-24 22:38:30.164 [info] > git config --get commit.template [8ms]
2025-05-24 22:38:30.168 [info] > git for-each-ref --format=%(refname)%00%(upstream:short)%00%(objectname)%00%(upstream:track)%00%(upstream:remotename)%00%(upstream:remoteref) refs/heads/feat/auth-lockdown refs/remotes/feat/auth-lockdown [5ms]
2025-05-24 22:38:30.192 [info] > git for-each-ref --sort -committerdate --format %(refname)%00%(objectname)%00%(*objectname) [4ms]
2025-05-24 22:38:30.216 [info] > git status -z -uall [37ms]
2025-05-24 22:38:35.248 [info] > git config --get commit.template [11ms]
2025-05-24 22:38:35.249 [info] > git for-each-ref --format=%(refname)%00%(upstream:short)%00%(objectname)%00%(upstream:track)%00%(upstream:remotename)%00%(upstream:remoteref) refs/heads/feat/auth-lockdown refs/remotes/feat/auth-lockdown [2ms]
2025-05-24 22:38:35.268 [info] > git for-each-ref --sort -committerdate --format %(refname)%00%(objectname)%00%(*objectname) [3ms]
2025-05-24 22:38:35.294 [info] > git status -z -uall [36ms]
2025-05-24 22:38:47.484 [info] > git show --textconv :client/src/lib/websocketClient.ts [17ms]
2025-05-24 22:38:47.506 [info] > git ls-files --stage -- client/src/lib/websocketClient.ts [29ms]
2025-05-24 22:38:47.537 [info] > git cat-file -s e30528a6adc022dd8adcc694c97ba6d73162b2f5 [5ms]
2025-05-24 22:38:48.133 [info] > git check-ignore -v -z --stdin [7ms]
