2025-05-23 16:31:07.325 [info] Starting TS Server
2025-05-23 16:31:07.325 [info] Using tsserver from: /home/runner/workspace/.config/.vscode-server/cli/servers/Stable-848b80aeb52026648a8ff9f7c45a9b0a80641e2e/server/extensions/node_modules/typescript/lib/tsserver.js
2025-05-23 16:31:07.325 [info] <syntax> Forking...
2025-05-23 16:31:07.325 [info] <syntax> Starting...
2025-05-23 16:31:07.325 [info] <semantic> Forking...
2025-05-23 16:31:07.325 [info] <semantic> Starting...
2025-05-23 19:18:09.000 [error] TSServer exited. Code: null. Signal: SIGKILL
2025-05-23 19:18:09.002 [info] Starting TS Server
2025-05-23 19:18:09.002 [info] Using tsserver from: /home/runner/workspace/.config/.vscode-server/cli/servers/Stable-848b80aeb52026648a8ff9f7c45a9b0a80641e2e/server/extensions/node_modules/typescript/lib/tsserver.js
2025-05-23 19:18:09.002 [info] <syntax> Forking...
2025-05-23 19:18:09.003 [info] <syntax> Starting...
2025-05-23 19:18:09.003 [info] <semantic> Forking...
2025-05-23 19:18:09.003 [info] <semantic> Starting...
2025-05-23 19:36:01.033 [error] TSServer exited. Code: null. Signal: SIGKILL
2025-05-23 19:36:01.033 [info] Starting TS Server
2025-05-23 19:36:01.033 [info] Using tsserver from: /home/runner/workspace/.config/.vscode-server/cli/servers/Stable-848b80aeb52026648a8ff9f7c45a9b0a80641e2e/server/extensions/node_modules/typescript/lib/tsserver.js
2025-05-23 19:36:01.033 [info] <syntax> Forking...
2025-05-23 19:36:01.033 [info] <syntax> Starting...
2025-05-23 19:36:01.033 [info] <semantic> Forking...
2025-05-23 19:36:01.033 [info] <semantic> Starting...
2025-05-23 20:06:40.410 [error] TSServer exited. Code: null. Signal: SIGKILL
2025-05-23 20:06:40.410 [info] Starting TS Server
2025-05-23 20:06:40.410 [info] Using tsserver from: /home/runner/workspace/.config/.vscode-server/cli/servers/Stable-848b80aeb52026648a8ff9f7c45a9b0a80641e2e/server/extensions/node_modules/typescript/lib/tsserver.js
2025-05-23 20:06:40.410 [info] <syntax> Forking...
2025-05-23 20:06:40.410 [info] <syntax> Starting...
2025-05-23 20:06:40.410 [info] <semantic> Forking...
2025-05-23 20:06:40.410 [info] <semantic> Starting...
