2025-05-23 16:21:38.040 [warning] /home/runner/.ssh/config: ENOENT: no such file or directory, open '/home/runner/.ssh/config'
2025-05-23 16:21:38.040 [info] [Activation] Extension version: 0.111.2025052204
2025-05-23 16:21:38.124 [info] [Authentication] Creating hub for .com
2025-05-23 16:21:38.718 [info] [Activation] Looking for git repository
2025-05-23 16:21:38.718 [info] [Activation] Found 0 repositories during activation
2025-05-23 16:21:38.718 [info] [Activation] Git repository found, initializing review manager and pr tree view.
2025-05-23 16:21:38.723 [info] [GitAPI] Registering git provider
2025-05-23 16:21:38.723 [info] [Review+0] Validate state in progress
2025-05-23 16:21:38.723 [info] [Review+0] Validating state...
2025-05-23 16:21:38.812 [info] [FolderRepositoryManager+0] Found GitHub remote for folder /home/runner/workspace
2025-05-23 16:21:39.216 [info] [FolderRepositoryManager+0] Trying to use globalState for assignableUsers.
2025-05-23 16:21:39.343 [info] [Review+0] No matching pull request metadata found locally for current branch feat/auth-lockdown
2025-05-23 16:21:39.420 [info] [Review+0] No matching pull request metadata found on GitHub for current branch feat/auth-lockdown
2025-05-23 16:21:39.486 [info] [FolderRepositoryManager+0] Using globalState assignableUsers for 1.
2025-05-23 16:21:43.562 [info] [Activation] Repo state for file:///home/runner/workspace changed.
2025-05-23 16:21:43.563 [info] [Activation] Repo file:///home/runner/workspace has already been setup.
2025-05-23 17:15:42.727 [info] [Review+0] Validate state in progress
2025-05-23 17:15:42.727 [info] [Review+0] Validating state...
2025-05-23 17:15:42.907 [info] [FolderRepositoryManager+0] Found GitHub remote for folder /home/runner/workspace
2025-05-23 17:15:42.908 [info] [FolderRepositoryManager+0] Using in-memory cached assignable users.
2025-05-23 17:15:42.922 [info] [Review+0] No matching pull request metadata found locally for current branch feat/auth-lockdown
2025-05-23 17:15:42.945 [info] [Review+0] No matching pull request metadata found on GitHub for current branch feat/auth-lockdown
2025-05-23 18:20:19.391 [info] [Review+0] Validate state in progress
2025-05-23 18:20:19.395 [info] [Review+0] Validating state...
2025-05-23 18:20:19.593 [info] [FolderRepositoryManager+0] Found GitHub remote for folder /home/runner/workspace
2025-05-23 18:20:19.594 [info] [FolderRepositoryManager+0] Using in-memory cached assignable users.
2025-05-23 18:20:19.629 [info] [Review+0] No matching pull request metadata found locally for current branch feat/auth-lockdown
2025-05-23 18:20:19.643 [info] [Review+0] No matching pull request metadata found on GitHub for current branch feat/auth-lockdown
2025-05-23 18:34:58.811 [info] [Review+0] Validate state in progress
2025-05-23 18:34:58.820 [info] [Review+0] Validating state...
2025-05-23 18:34:58.976 [info] [FolderRepositoryManager+0] Found GitHub remote for folder /home/runner/workspace
2025-05-23 18:34:58.976 [info] [FolderRepositoryManager+0] Using in-memory cached assignable users.
2025-05-23 18:34:58.993 [info] [Review+0] No matching pull request metadata found locally for current branch feat/auth-lockdown
2025-05-23 18:34:59.020 [info] [Review+0] No matching pull request metadata found on GitHub for current branch feat/auth-lockdown
2025-05-23 19:05:37.773 [info] [Review+0] Validate state in progress
2025-05-23 19:05:37.775 [info] [Review+0] Validating state...
2025-05-23 19:05:37.971 [info] [FolderRepositoryManager+0] Found GitHub remote for folder /home/runner/workspace
2025-05-23 19:05:37.971 [info] [FolderRepositoryManager+0] Using in-memory cached assignable users.
2025-05-23 19:05:37.984 [info] [Review+0] No matching pull request metadata found locally for current branch feat/auth-lockdown
2025-05-23 19:05:37.992 [info] [Review+0] No matching pull request metadata found on GitHub for current branch feat/auth-lockdown
2025-05-23 19:24:09.296 [info] [Review+0] Validate state in progress
2025-05-23 19:24:09.298 [info] [Review+0] Validating state...
2025-05-23 19:24:09.546 [info] [FolderRepositoryManager+0] Found GitHub remote for folder /home/runner/workspace
2025-05-23 19:24:09.547 [info] [FolderRepositoryManager+0] Using in-memory cached assignable users.
2025-05-23 19:24:09.623 [info] [Review+0] No matching pull request metadata found locally for current branch feat/auth-lockdown
2025-05-23 19:24:09.659 [info] [Review+0] No matching pull request metadata found on GitHub for current branch feat/auth-lockdown
