2025-05-24 00:35:00.359 [info] [main] Log level: Info
2025-05-24 00:35:00.359 [info] [main] Validating found git in: "git"
2025-05-24 00:35:00.359 [info] [main] Using git "2.47.2" from "git"
2025-05-24 00:35:00.359 [info] [Model][doInitialScan] Initial repository scan started
2025-05-24 00:35:00.359 [info] > git rev-parse --show-toplevel [95ms]
2025-05-24 00:35:00.359 [info] > git rev-parse --git-dir --git-common-dir [6ms]
2025-05-24 00:35:00.359 [info] [Model][openRepository] Opened repository (path): /home/runner/workspace
2025-05-24 00:35:00.359 [info] [Model][openRepository] Opened repository (real path): /home/runner/workspace
2025-05-24 00:35:00.359 [info] > git rev-parse --show-toplevel [12ms]
2025-05-24 00:35:00.359 [info] > git config --get commit.template [16ms]
2025-05-24 00:35:00.359 [info] > git for-each-ref --format=%(refname)%00%(upstream:short)%00%(objectname)%00%(upstream:track)%00%(upstream:remotename)%00%(upstream:remoteref) refs/heads/feat/auth-lockdown refs/remotes/feat/auth-lockdown [5ms]
2025-05-24 00:35:00.359 [info] > git rev-parse --show-toplevel [11ms]
2025-05-24 00:35:00.359 [info] > git status -z -uall [67ms]
2025-05-24 00:35:00.359 [info] > git rev-parse --show-toplevel [33ms]
2025-05-24 00:35:00.359 [info] > git for-each-ref --sort -committerdate --format %(refname)%00%(objectname)%00%(*objectname) [64ms]
2025-05-24 00:35:00.359 [info] > git for-each-ref --format=%(refname)%00%(upstream:short)%00%(objectname)%00%(upstream:track)%00%(upstream:remotename)%00%(upstream:remoteref) refs/heads/feat/auth-lockdown refs/remotes/feat/auth-lockdown [141ms]
2025-05-24 00:35:00.359 [info] > git config --get commit.template [13ms]
2025-05-24 00:35:00.359 [info] > git rev-parse --show-toplevel [57ms]
2025-05-24 00:35:00.359 [info] > git rev-parse --show-toplevel [17ms]
2025-05-24 00:35:00.359 [info] > git config --get --local branch.feat/auth-lockdown.vscode-merge-base [24ms]
2025-05-24 00:35:00.359 [info] > git for-each-ref --format=%(refname)%00%(upstream:short)%00%(objectname)%00%(upstream:track)%00%(upstream:remotename)%00%(upstream:remoteref) refs/heads/feat/auth-lockdown refs/remotes/feat/auth-lockdown [17ms]
2025-05-24 00:35:00.359 [info] > git status -z -uall [8ms]
2025-05-24 00:35:00.359 [info] > git rev-parse --show-toplevel [15ms]
2025-05-24 00:35:00.359 [info] > git for-each-ref --format=%(refname)%00%(upstream:short)%00%(objectname)%00%(upstream:track)%00%(upstream:remotename)%00%(upstream:remoteref) refs/heads/origin/chore/sync-lockfile refs/remotes/origin/chore/sync-lockfile [26ms]
2025-05-24 00:35:00.359 [info] > git for-each-ref --sort -committerdate --format %(refname)%00%(objectname)%00%(*objectname) [13ms]
2025-05-24 00:35:00.359 [info] > git rev-parse --show-toplevel [25ms]
2025-05-24 00:35:00.359 [info] > git rev-parse --show-toplevel [1ms]
2025-05-24 00:35:00.359 [info] > git rev-parse --show-toplevel [1ms]
2025-05-24 00:35:00.359 [info] > git rev-parse --show-toplevel [2ms]
2025-05-24 00:35:00.359 [info] > git rev-parse --show-toplevel [3ms]
2025-05-24 00:35:00.359 [info] > git rev-parse --show-toplevel [4ms]
2025-05-24 00:35:00.359 [info] > git rev-parse --show-toplevel [44ms]
2025-05-24 00:35:00.359 [info] > git rev-parse --show-toplevel [8ms]
2025-05-24 00:35:00.360 [info] > git rev-parse --show-toplevel [3ms]
2025-05-24 00:35:00.360 [info] > git rev-parse --show-toplevel [7ms]
2025-05-24 00:35:00.360 [info] > git rev-parse --show-toplevel [1ms]
2025-05-24 00:35:00.360 [info] [Model][doInitialScan] Initial repository scan completed - repositories (1), closed repositories (0), parent repositories (0), unsafe repositories (0)
2025-05-24 00:35:01.454 [info] > git check-ignore -v -z --stdin [16ms]
2025-05-24 00:35:03.517 [info] > git config --get commit.template [354ms]
2025-05-24 00:35:03.552 [info] > git for-each-ref --format=%(refname)%00%(upstream:short)%00%(objectname)%00%(upstream:track)%00%(upstream:remotename)%00%(upstream:remoteref) refs/heads/feat/auth-lockdown refs/remotes/feat/auth-lockdown [14ms]
2025-05-24 00:35:03.564 [info] > git status -z -uall [7ms]
2025-05-24 00:35:03.565 [info] > git for-each-ref --sort -committerdate --format %(refname)%00%(objectname)%00%(*objectname) [2ms]
2025-05-24 00:35:04.750 [info] > git config --get --local branch.feat/auth-lockdown.github-pr-owner-number [169ms]
2025-05-24 00:35:04.750 [warning] [Git][config] git config failed: Failed to execute git
2025-05-24 00:35:04.756 [info] > git config --get --local branch.feat/auth-lockdown.remote [2ms]
2025-05-24 00:35:04.756 [warning] [Git][config] git config failed: Failed to execute git
2025-05-24 00:35:04.761 [info] > git config --get --local branch.feat/auth-lockdown.merge [1ms]
2025-05-24 00:35:04.761 [warning] [Git][config] git config failed: Failed to execute git
2025-05-24 00:36:07.328 [info] > git config --get commit.template [7ms]
2025-05-24 00:36:07.328 [info] > git for-each-ref --format=%(refname)%00%(upstream:short)%00%(objectname)%00%(upstream:track)%00%(upstream:remotename)%00%(upstream:remoteref) refs/heads/feat/auth-lockdown refs/remotes/feat/auth-lockdown [1ms]
2025-05-24 00:36:07.340 [info] > git status -z -uall [5ms]
2025-05-24 00:36:07.342 [info] > git for-each-ref --sort -committerdate --format %(refname)%00%(objectname)%00%(*objectname) [2ms]
2025-05-24 00:36:07.528 [info] > git fetch [212ms]
2025-05-24 00:36:07.538 [info] > git config --get commit.template [5ms]
2025-05-24 00:36:07.539 [info] > git for-each-ref --format=%(refname)%00%(upstream:short)%00%(objectname)%00%(upstream:track)%00%(upstream:remotename)%00%(upstream:remoteref) refs/heads/feat/auth-lockdown refs/remotes/feat/auth-lockdown [1ms]
2025-05-24 00:36:07.550 [info] > git status -z -uall [6ms]
2025-05-24 00:36:07.552 [info] > git for-each-ref --sort -committerdate --format %(refname)%00%(objectname)%00%(*objectname) [2ms]
2025-05-24 00:36:12.367 [info] > git config --get commit.template [7ms]
2025-05-24 00:36:12.368 [info] > git for-each-ref --format=%(refname)%00%(upstream:short)%00%(objectname)%00%(upstream:track)%00%(upstream:remotename)%00%(upstream:remoteref) refs/heads/feat/auth-lockdown refs/remotes/feat/auth-lockdown [2ms]
2025-05-24 00:36:12.383 [info] > git status -z -uall [6ms]
2025-05-24 00:36:12.385 [info] > git for-each-ref --sort -committerdate --format %(refname)%00%(objectname)%00%(*objectname) [3ms]
2025-05-24 00:36:17.398 [info] > git config --get commit.template [4ms]
2025-05-24 00:36:17.399 [info] > git for-each-ref --format=%(refname)%00%(upstream:short)%00%(objectname)%00%(upstream:track)%00%(upstream:remotename)%00%(upstream:remoteref) refs/heads/feat/auth-lockdown refs/remotes/feat/auth-lockdown [1ms]
2025-05-24 00:36:17.407 [info] > git status -z -uall [4ms]
2025-05-24 00:36:17.409 [info] > git for-each-ref --sort -committerdate --format %(refname)%00%(objectname)%00%(*objectname) [3ms]
2025-05-24 00:36:29.530 [info] > git config --get commit.template [4ms]
2025-05-24 00:36:29.530 [info] > git for-each-ref --format=%(refname)%00%(upstream:short)%00%(objectname)%00%(upstream:track)%00%(upstream:remotename)%00%(upstream:remoteref) refs/heads/feat/auth-lockdown refs/remotes/feat/auth-lockdown [1ms]
2025-05-24 00:36:29.539 [info] > git status -z -uall [5ms]
2025-05-24 00:36:29.541 [info] > git for-each-ref --sort -committerdate --format %(refname)%00%(objectname)%00%(*objectname) [3ms]
2025-05-24 00:36:34.555 [info] > git config --get commit.template [5ms]
2025-05-24 00:36:34.555 [info] > git for-each-ref --format=%(refname)%00%(upstream:short)%00%(objectname)%00%(upstream:track)%00%(upstream:remotename)%00%(upstream:remoteref) refs/heads/feat/auth-lockdown refs/remotes/feat/auth-lockdown [1ms]
2025-05-24 00:36:34.567 [info] > git status -z -uall [6ms]
2025-05-24 00:36:34.568 [info] > git for-each-ref --sort -committerdate --format %(refname)%00%(objectname)%00%(*objectname) [2ms]
2025-05-24 00:36:39.584 [info] > git config --get commit.template [6ms]
2025-05-24 00:36:39.585 [info] > git for-each-ref --format=%(refname)%00%(upstream:short)%00%(objectname)%00%(upstream:track)%00%(upstream:remotename)%00%(upstream:remoteref) refs/heads/feat/auth-lockdown refs/remotes/feat/auth-lockdown [1ms]
2025-05-24 00:36:39.604 [info] > git status -z -uall [13ms]
2025-05-24 00:36:39.605 [info] > git for-each-ref --sort -committerdate --format %(refname)%00%(objectname)%00%(*objectname) [2ms]
2025-05-24 00:36:44.622 [info] > git config --get commit.template [5ms]
2025-05-24 00:36:44.623 [info] > git for-each-ref --format=%(refname)%00%(upstream:short)%00%(objectname)%00%(upstream:track)%00%(upstream:remotename)%00%(upstream:remoteref) refs/heads/feat/auth-lockdown refs/remotes/feat/auth-lockdown [2ms]
2025-05-24 00:36:44.632 [info] > git status -z -uall [5ms]
2025-05-24 00:36:44.634 [info] > git for-each-ref --sort -committerdate --format %(refname)%00%(objectname)%00%(*objectname) [3ms]
2025-05-24 00:36:49.646 [info] > git config --get commit.template [4ms]
2025-05-24 00:36:49.647 [info] > git for-each-ref --format=%(refname)%00%(upstream:short)%00%(objectname)%00%(upstream:track)%00%(upstream:remotename)%00%(upstream:remoteref) refs/heads/feat/auth-lockdown refs/remotes/feat/auth-lockdown [1ms]
2025-05-24 00:36:49.655 [info] > git status -z -uall [4ms]
2025-05-24 00:36:49.657 [info] > git for-each-ref --sort -committerdate --format %(refname)%00%(objectname)%00%(*objectname) [2ms]
2025-05-24 00:36:54.671 [info] > git config --get commit.template [5ms]
2025-05-24 00:36:54.672 [info] > git for-each-ref --format=%(refname)%00%(upstream:short)%00%(objectname)%00%(upstream:track)%00%(upstream:remotename)%00%(upstream:remoteref) refs/heads/feat/auth-lockdown refs/remotes/feat/auth-lockdown [1ms]
2025-05-24 00:36:54.682 [info] > git status -z -uall [6ms]
2025-05-24 00:36:54.684 [info] > git for-each-ref --sort -committerdate --format %(refname)%00%(objectname)%00%(*objectname) [2ms]
2025-05-24 00:36:59.696 [info] > git config --get commit.template [4ms]
2025-05-24 00:36:59.697 [info] > git for-each-ref --format=%(refname)%00%(upstream:short)%00%(objectname)%00%(upstream:track)%00%(upstream:remotename)%00%(upstream:remoteref) refs/heads/feat/auth-lockdown refs/remotes/feat/auth-lockdown [1ms]
2025-05-24 00:36:59.705 [info] > git status -z -uall [4ms]
2025-05-24 00:36:59.707 [info] > git for-each-ref --sort -committerdate --format %(refname)%00%(objectname)%00%(*objectname) [2ms]
2025-05-24 00:37:04.723 [info] > git config --get commit.template [6ms]
2025-05-24 00:37:04.724 [info] > git for-each-ref --format=%(refname)%00%(upstream:short)%00%(objectname)%00%(upstream:track)%00%(upstream:remotename)%00%(upstream:remoteref) refs/heads/feat/auth-lockdown refs/remotes/feat/auth-lockdown [2ms]
2025-05-24 00:37:04.736 [info] > git status -z -uall [8ms]
2025-05-24 00:37:04.738 [info] > git for-each-ref --sort -committerdate --format %(refname)%00%(objectname)%00%(*objectname) [3ms]
2025-05-24 00:37:09.751 [info] > git config --get commit.template [4ms]
2025-05-24 00:37:09.752 [info] > git for-each-ref --format=%(refname)%00%(upstream:short)%00%(objectname)%00%(upstream:track)%00%(upstream:remotename)%00%(upstream:remoteref) refs/heads/feat/auth-lockdown refs/remotes/feat/auth-lockdown [1ms]
2025-05-24 00:37:09.760 [info] > git status -z -uall [4ms]
2025-05-24 00:37:09.762 [info] > git for-each-ref --sort -committerdate --format %(refname)%00%(objectname)%00%(*objectname) [3ms]
2025-05-24 00:37:14.774 [info] > git config --get commit.template [4ms]
2025-05-24 00:37:14.775 [info] > git for-each-ref --format=%(refname)%00%(upstream:short)%00%(objectname)%00%(upstream:track)%00%(upstream:remotename)%00%(upstream:remoteref) refs/heads/feat/auth-lockdown refs/remotes/feat/auth-lockdown [1ms]
2025-05-24 00:37:14.782 [info] > git status -z -uall [4ms]
2025-05-24 00:37:14.784 [info] > git for-each-ref --sort -committerdate --format %(refname)%00%(objectname)%00%(*objectname) [2ms]
2025-05-24 00:37:19.799 [info] > git config --get commit.template [6ms]
2025-05-24 00:37:19.800 [info] > git for-each-ref --format=%(refname)%00%(upstream:short)%00%(objectname)%00%(upstream:track)%00%(upstream:remotename)%00%(upstream:remoteref) refs/heads/feat/auth-lockdown refs/remotes/feat/auth-lockdown [2ms]
2025-05-24 00:37:19.808 [info] > git status -z -uall [4ms]
2025-05-24 00:37:19.810 [info] > git for-each-ref --sort -committerdate --format %(refname)%00%(objectname)%00%(*objectname) [3ms]
2025-05-24 00:37:24.826 [info] > git config --get commit.template [7ms]
2025-05-24 00:37:24.826 [info] > git for-each-ref --format=%(refname)%00%(upstream:short)%00%(objectname)%00%(upstream:track)%00%(upstream:remotename)%00%(upstream:remoteref) refs/heads/feat/auth-lockdown refs/remotes/feat/auth-lockdown [3ms]
2025-05-24 00:37:24.834 [info] > git status -z -uall [4ms]
2025-05-24 00:37:24.836 [info] > git for-each-ref --sort -committerdate --format %(refname)%00%(objectname)%00%(*objectname) [3ms]
2025-05-24 00:37:29.847 [info] > git config --get commit.template [4ms]
2025-05-24 00:37:29.848 [info] > git for-each-ref --format=%(refname)%00%(upstream:short)%00%(objectname)%00%(upstream:track)%00%(upstream:remotename)%00%(upstream:remoteref) refs/heads/feat/auth-lockdown refs/remotes/feat/auth-lockdown [1ms]
2025-05-24 00:37:29.856 [info] > git status -z -uall [4ms]
2025-05-24 00:37:29.858 [info] > git for-each-ref --sort -committerdate --format %(refname)%00%(objectname)%00%(*objectname) [3ms]
2025-05-24 00:37:34.875 [info] > git config --get commit.template [6ms]
2025-05-24 00:37:34.875 [info] > git for-each-ref --format=%(refname)%00%(upstream:short)%00%(objectname)%00%(upstream:track)%00%(upstream:remotename)%00%(upstream:remoteref) refs/heads/feat/auth-lockdown refs/remotes/feat/auth-lockdown [1ms]
2025-05-24 00:37:34.890 [info] > git status -z -uall [7ms]
2025-05-24 00:37:34.892 [info] > git for-each-ref --sort -committerdate --format %(refname)%00%(objectname)%00%(*objectname) [5ms]
2025-05-24 00:37:39.906 [info] > git config --get commit.template [5ms]
2025-05-24 00:37:39.908 [info] > git for-each-ref --format=%(refname)%00%(upstream:short)%00%(objectname)%00%(upstream:track)%00%(upstream:remotename)%00%(upstream:remoteref) refs/heads/feat/auth-lockdown refs/remotes/feat/auth-lockdown [2ms]
2025-05-24 00:37:39.917 [info] > git status -z -uall [4ms]
2025-05-24 00:37:39.920 [info] > git for-each-ref --sort -committerdate --format %(refname)%00%(objectname)%00%(*objectname) [3ms]
2025-05-24 00:37:44.934 [info] > git config --get commit.template [5ms]
2025-05-24 00:37:44.934 [info] > git for-each-ref --format=%(refname)%00%(upstream:short)%00%(objectname)%00%(upstream:track)%00%(upstream:remotename)%00%(upstream:remoteref) refs/heads/feat/auth-lockdown refs/remotes/feat/auth-lockdown [1ms]
2025-05-24 00:37:44.944 [info] > git status -z -uall [5ms]
2025-05-24 00:37:44.946 [info] > git for-each-ref --sort -committerdate --format %(refname)%00%(objectname)%00%(*objectname) [3ms]
2025-05-24 00:37:49.963 [info] > git config --get commit.template [6ms]
2025-05-24 00:37:49.963 [info] > git for-each-ref --format=%(refname)%00%(upstream:short)%00%(objectname)%00%(upstream:track)%00%(upstream:remotename)%00%(upstream:remoteref) refs/heads/feat/auth-lockdown refs/remotes/feat/auth-lockdown [1ms]
2025-05-24 00:37:49.972 [info] > git status -z -uall [5ms]
2025-05-24 00:37:49.973 [info] > git for-each-ref --sort -committerdate --format %(refname)%00%(objectname)%00%(*objectname) [2ms]
2025-05-24 00:37:54.987 [info] > git config --get commit.template [5ms]
2025-05-24 00:37:54.988 [info] > git for-each-ref --format=%(refname)%00%(upstream:short)%00%(objectname)%00%(upstream:track)%00%(upstream:remotename)%00%(upstream:remoteref) refs/heads/feat/auth-lockdown refs/remotes/feat/auth-lockdown [1ms]
2025-05-24 00:37:54.997 [info] > git status -z -uall [4ms]
2025-05-24 00:37:54.999 [info] > git for-each-ref --sort -committerdate --format %(refname)%00%(objectname)%00%(*objectname) [2ms]
2025-05-24 00:38:00.011 [info] > git config --get commit.template [4ms]
2025-05-24 00:38:00.012 [info] > git for-each-ref --format=%(refname)%00%(upstream:short)%00%(objectname)%00%(upstream:track)%00%(upstream:remotename)%00%(upstream:remoteref) refs/heads/feat/auth-lockdown refs/remotes/feat/auth-lockdown [1ms]
2025-05-24 00:38:00.022 [info] > git status -z -uall [5ms]
2025-05-24 00:38:00.024 [info] > git for-each-ref --sort -committerdate --format %(refname)%00%(objectname)%00%(*objectname) [2ms]
2025-05-24 00:38:05.036 [info] > git config --get commit.template [4ms]
2025-05-24 00:38:05.037 [info] > git for-each-ref --format=%(refname)%00%(upstream:short)%00%(objectname)%00%(upstream:track)%00%(upstream:remotename)%00%(upstream:remoteref) refs/heads/feat/auth-lockdown refs/remotes/feat/auth-lockdown [1ms]
2025-05-24 00:38:05.046 [info] > git status -z -uall [6ms]
2025-05-24 00:38:05.048 [info] > git for-each-ref --sort -committerdate --format %(refname)%00%(objectname)%00%(*objectname) [3ms]
2025-05-24 00:38:10.065 [info] > git config --get commit.template [6ms]
2025-05-24 00:38:10.066 [info] > git for-each-ref --format=%(refname)%00%(upstream:short)%00%(objectname)%00%(upstream:track)%00%(upstream:remotename)%00%(upstream:remoteref) refs/heads/feat/auth-lockdown refs/remotes/feat/auth-lockdown [1ms]
2025-05-24 00:38:10.079 [info] > git status -z -uall [7ms]
2025-05-24 00:38:10.081 [info] > git for-each-ref --sort -committerdate --format %(refname)%00%(objectname)%00%(*objectname) [2ms]
2025-05-24 00:38:15.093 [info] > git config --get commit.template [0ms]
2025-05-24 00:38:15.100 [info] > git for-each-ref --format=%(refname)%00%(upstream:short)%00%(objectname)%00%(upstream:track)%00%(upstream:remotename)%00%(upstream:remoteref) refs/heads/feat/auth-lockdown refs/remotes/feat/auth-lockdown [2ms]
2025-05-24 00:38:15.112 [info] > git for-each-ref --sort -committerdate --format %(refname)%00%(objectname)%00%(*objectname) [4ms]
2025-05-24 00:38:15.113 [info] > git status -z -uall [9ms]
2025-05-24 00:38:20.132 [info] > git config --get commit.template [8ms]
2025-05-24 00:38:20.133 [info] > git for-each-ref --format=%(refname)%00%(upstream:short)%00%(objectname)%00%(upstream:track)%00%(upstream:remotename)%00%(upstream:remoteref) refs/heads/feat/auth-lockdown refs/remotes/feat/auth-lockdown [2ms]
2025-05-24 00:38:20.145 [info] > git status -z -uall [6ms]
2025-05-24 00:38:20.147 [info] > git for-each-ref --sort -committerdate --format %(refname)%00%(objectname)%00%(*objectname) [2ms]
2025-05-24 00:38:25.166 [info] > git config --get commit.template [8ms]
2025-05-24 00:38:25.167 [info] > git for-each-ref --format=%(refname)%00%(upstream:short)%00%(objectname)%00%(upstream:track)%00%(upstream:remotename)%00%(upstream:remoteref) refs/heads/feat/auth-lockdown refs/remotes/feat/auth-lockdown [2ms]
2025-05-24 00:38:25.180 [info] > git status -z -uall [6ms]
2025-05-24 00:38:25.182 [info] > git for-each-ref --sort -committerdate --format %(refname)%00%(objectname)%00%(*objectname) [3ms]
2025-05-24 00:38:30.200 [info] > git config --get commit.template [8ms]
2025-05-24 00:38:30.200 [info] > git for-each-ref --format=%(refname)%00%(upstream:short)%00%(objectname)%00%(upstream:track)%00%(upstream:remotename)%00%(upstream:remoteref) refs/heads/feat/auth-lockdown refs/remotes/feat/auth-lockdown [1ms]
2025-05-24 00:38:30.217 [info] > git status -z -uall [9ms]
2025-05-24 00:38:30.220 [info] > git for-each-ref --sort -committerdate --format %(refname)%00%(objectname)%00%(*objectname) [5ms]
2025-05-24 00:38:35.235 [info] > git config --get commit.template [6ms]
2025-05-24 00:38:35.236 [info] > git for-each-ref --format=%(refname)%00%(upstream:short)%00%(objectname)%00%(upstream:track)%00%(upstream:remotename)%00%(upstream:remoteref) refs/heads/feat/auth-lockdown refs/remotes/feat/auth-lockdown [1ms]
2025-05-24 00:38:35.246 [info] > git status -z -uall [5ms]
2025-05-24 00:38:35.248 [info] > git for-each-ref --sort -committerdate --format %(refname)%00%(objectname)%00%(*objectname) [2ms]
2025-05-24 00:38:40.262 [info] > git config --get commit.template [6ms]
2025-05-24 00:38:40.263 [info] > git for-each-ref --format=%(refname)%00%(upstream:short)%00%(objectname)%00%(upstream:track)%00%(upstream:remotename)%00%(upstream:remoteref) refs/heads/feat/auth-lockdown refs/remotes/feat/auth-lockdown [2ms]
2025-05-24 00:38:40.274 [info] > git status -z -uall [5ms]
2025-05-24 00:38:40.276 [info] > git for-each-ref --sort -committerdate --format %(refname)%00%(objectname)%00%(*objectname) [3ms]
2025-05-24 00:38:45.285 [info] > git config --get commit.template [4ms]
2025-05-24 00:38:45.286 [info] > git for-each-ref --format=%(refname)%00%(upstream:short)%00%(objectname)%00%(upstream:track)%00%(upstream:remotename)%00%(upstream:remoteref) refs/heads/feat/auth-lockdown refs/remotes/feat/auth-lockdown [1ms]
2025-05-24 00:38:45.293 [info] > git status -z -uall [4ms]
2025-05-24 00:38:45.295 [info] > git for-each-ref --sort -committerdate --format %(refname)%00%(objectname)%00%(*objectname) [2ms]
2025-05-24 00:38:50.310 [info] > git config --get commit.template [5ms]
2025-05-24 00:38:50.311 [info] > git for-each-ref --format=%(refname)%00%(upstream:short)%00%(objectname)%00%(upstream:track)%00%(upstream:remotename)%00%(upstream:remoteref) refs/heads/feat/auth-lockdown refs/remotes/feat/auth-lockdown [1ms]
2025-05-24 00:38:50.320 [info] > git status -z -uall [5ms]
2025-05-24 00:38:50.323 [info] > git for-each-ref --sort -committerdate --format %(refname)%00%(objectname)%00%(*objectname) [4ms]
2025-05-24 00:38:55.336 [info] > git config --get commit.template [5ms]
2025-05-24 00:38:55.337 [info] > git for-each-ref --format=%(refname)%00%(upstream:short)%00%(objectname)%00%(upstream:track)%00%(upstream:remotename)%00%(upstream:remoteref) refs/heads/feat/auth-lockdown refs/remotes/feat/auth-lockdown [2ms]
2025-05-24 00:38:55.348 [info] > git status -z -uall [6ms]
2025-05-24 00:38:55.350 [info] > git for-each-ref --sort -committerdate --format %(refname)%00%(objectname)%00%(*objectname) [3ms]
2025-05-24 00:39:00.362 [info] > git config --get commit.template [5ms]
2025-05-24 00:39:00.363 [info] > git for-each-ref --format=%(refname)%00%(upstream:short)%00%(objectname)%00%(upstream:track)%00%(upstream:remotename)%00%(upstream:remoteref) refs/heads/feat/auth-lockdown refs/remotes/feat/auth-lockdown [1ms]
2025-05-24 00:39:00.370 [info] > git status -z -uall [4ms]
2025-05-24 00:39:00.372 [info] > git for-each-ref --sort -committerdate --format %(refname)%00%(objectname)%00%(*objectname) [2ms]
2025-05-24 00:39:05.384 [info] > git config --get commit.template [4ms]
2025-05-24 00:39:05.385 [info] > git for-each-ref --format=%(refname)%00%(upstream:short)%00%(objectname)%00%(upstream:track)%00%(upstream:remotename)%00%(upstream:remoteref) refs/heads/feat/auth-lockdown refs/remotes/feat/auth-lockdown [1ms]
2025-05-24 00:39:05.394 [info] > git status -z -uall [5ms]
2025-05-24 00:39:05.396 [info] > git for-each-ref --sort -committerdate --format %(refname)%00%(objectname)%00%(*objectname) [3ms]
2025-05-24 00:39:10.411 [info] > git config --get commit.template [6ms]
2025-05-24 00:39:10.413 [info] > git for-each-ref --format=%(refname)%00%(upstream:short)%00%(objectname)%00%(upstream:track)%00%(upstream:remotename)%00%(upstream:remoteref) refs/heads/feat/auth-lockdown refs/remotes/feat/auth-lockdown [3ms]
2025-05-24 00:39:10.431 [info] > git status -z -uall [9ms]
2025-05-24 00:39:10.434 [info] > git for-each-ref --sort -committerdate --format %(refname)%00%(objectname)%00%(*objectname) [6ms]
2025-05-24 00:39:23.314 [info] > git config --get commit.template [5ms]
2025-05-24 00:39:23.315 [info] > git for-each-ref --format=%(refname)%00%(upstream:short)%00%(objectname)%00%(upstream:track)%00%(upstream:remotename)%00%(upstream:remoteref) refs/heads/feat/auth-lockdown refs/remotes/feat/auth-lockdown [1ms]
2025-05-24 00:39:23.324 [info] > git status -z -uall [5ms]
2025-05-24 00:39:23.326 [info] > git for-each-ref --sort -committerdate --format %(refname)%00%(objectname)%00%(*objectname) [2ms]
2025-05-24 00:39:28.340 [info] > git config --get commit.template [6ms]
2025-05-24 00:39:28.341 [info] > git for-each-ref --format=%(refname)%00%(upstream:short)%00%(objectname)%00%(upstream:track)%00%(upstream:remotename)%00%(upstream:remoteref) refs/heads/feat/auth-lockdown refs/remotes/feat/auth-lockdown [1ms]
2025-05-24 00:39:28.351 [info] > git status -z -uall [5ms]
2025-05-24 00:39:28.354 [info] > git for-each-ref --sort -committerdate --format %(refname)%00%(objectname)%00%(*objectname) [3ms]
2025-05-24 00:39:33.368 [info] > git config --get commit.template [5ms]
2025-05-24 00:39:33.369 [info] > git for-each-ref --format=%(refname)%00%(upstream:short)%00%(objectname)%00%(upstream:track)%00%(upstream:remotename)%00%(upstream:remoteref) refs/heads/feat/auth-lockdown refs/remotes/feat/auth-lockdown [1ms]
2025-05-24 00:39:33.379 [info] > git status -z -uall [6ms]
2025-05-24 00:39:33.382 [info] > git for-each-ref --sort -committerdate --format %(refname)%00%(objectname)%00%(*objectname) [2ms]
2025-05-24 00:39:38.397 [info] > git config --get commit.template [7ms]
2025-05-24 00:39:38.398 [info] > git for-each-ref --format=%(refname)%00%(upstream:short)%00%(objectname)%00%(upstream:track)%00%(upstream:remotename)%00%(upstream:remoteref) refs/heads/feat/auth-lockdown refs/remotes/feat/auth-lockdown [1ms]
2025-05-24 00:39:38.407 [info] > git status -z -uall [5ms]
2025-05-24 00:39:38.409 [info] > git for-each-ref --sort -committerdate --format %(refname)%00%(objectname)%00%(*objectname) [3ms]
2025-05-24 00:39:43.419 [info] > git config --get commit.template [2ms]
2025-05-24 00:39:43.425 [info] > git for-each-ref --format=%(refname)%00%(upstream:short)%00%(objectname)%00%(upstream:track)%00%(upstream:remotename)%00%(upstream:remoteref) refs/heads/feat/auth-lockdown refs/remotes/feat/auth-lockdown [1ms]
2025-05-24 00:39:43.435 [info] > git status -z -uall [5ms]
2025-05-24 00:39:43.438 [info] > git for-each-ref --sort -committerdate --format %(refname)%00%(objectname)%00%(*objectname) [3ms]
2025-05-24 00:39:48.449 [info] > git config --get commit.template [4ms]
2025-05-24 00:39:48.450 [info] > git for-each-ref --format=%(refname)%00%(upstream:short)%00%(objectname)%00%(upstream:track)%00%(upstream:remotename)%00%(upstream:remoteref) refs/heads/feat/auth-lockdown refs/remotes/feat/auth-lockdown [1ms]
2025-05-24 00:39:48.460 [info] > git status -z -uall [6ms]
2025-05-24 00:39:48.462 [info] > git for-each-ref --sort -committerdate --format %(refname)%00%(objectname)%00%(*objectname) [3ms]
2025-05-24 00:39:53.475 [info] > git config --get commit.template [4ms]
2025-05-24 00:39:53.476 [info] > git for-each-ref --format=%(refname)%00%(upstream:short)%00%(objectname)%00%(upstream:track)%00%(upstream:remotename)%00%(upstream:remoteref) refs/heads/feat/auth-lockdown refs/remotes/feat/auth-lockdown [1ms]
2025-05-24 00:39:53.484 [info] > git status -z -uall [4ms]
2025-05-24 00:39:53.486 [info] > git for-each-ref --sort -committerdate --format %(refname)%00%(objectname)%00%(*objectname) [3ms]
2025-05-24 00:39:58.500 [info] > git config --get commit.template [6ms]
2025-05-24 00:39:58.501 [info] > git for-each-ref --format=%(refname)%00%(upstream:short)%00%(objectname)%00%(upstream:track)%00%(upstream:remotename)%00%(upstream:remoteref) refs/heads/feat/auth-lockdown refs/remotes/feat/auth-lockdown [2ms]
2025-05-24 00:39:58.512 [info] > git status -z -uall [6ms]
2025-05-24 00:39:58.514 [info] > git for-each-ref --sort -committerdate --format %(refname)%00%(objectname)%00%(*objectname) [3ms]
2025-05-24 00:42:53.385 [info] > git check-ignore -v -z --stdin [3ms]
2025-05-24 00:43:03.300 [info] > git config --get commit.template [6ms]
2025-05-24 00:43:03.301 [info] > git for-each-ref --format=%(refname)%00%(upstream:short)%00%(objectname)%00%(upstream:track)%00%(upstream:remotename)%00%(upstream:remoteref) refs/heads/feat/auth-lockdown refs/remotes/feat/auth-lockdown [2ms]
2025-05-24 00:43:03.318 [info] > git status -z -uall [12ms]
2025-05-24 00:43:03.318 [info] > git for-each-ref --sort -committerdate --format %(refname)%00%(objectname)%00%(*objectname) [1ms]
2025-05-24 00:43:05.977 [info] > git check-ignore -v -z --stdin [5ms]
2025-05-24 00:43:08.332 [info] > git config --get commit.template [4ms]
2025-05-24 00:43:08.333 [info] > git for-each-ref --format=%(refname)%00%(upstream:short)%00%(objectname)%00%(upstream:track)%00%(upstream:remotename)%00%(upstream:remoteref) refs/heads/feat/auth-lockdown refs/remotes/feat/auth-lockdown [2ms]
2025-05-24 00:43:08.341 [info] > git status -z -uall [4ms]
2025-05-24 00:43:08.343 [info] > git for-each-ref --sort -committerdate --format %(refname)%00%(objectname)%00%(*objectname) [2ms]
2025-05-24 00:43:13.359 [info] > git config --get commit.template [6ms]
2025-05-24 00:43:13.360 [info] > git for-each-ref --format=%(refname)%00%(upstream:short)%00%(objectname)%00%(upstream:track)%00%(upstream:remotename)%00%(upstream:remoteref) refs/heads/feat/auth-lockdown refs/remotes/feat/auth-lockdown [2ms]
2025-05-24 00:43:13.374 [info] > git status -z -uall [6ms]
2025-05-24 00:43:13.376 [info] > git for-each-ref --sort -committerdate --format %(refname)%00%(objectname)%00%(*objectname) [3ms]
2025-05-24 00:43:16.884 [info] > git show --textconv :server/lib/business-logic.ts [6ms]
2025-05-24 00:43:16.885 [info] > git ls-files --stage -- server/lib/business-logic.ts [2ms]
2025-05-24 00:43:16.891 [info] > git cat-file -s 014a0dadb2949314f0f2ea463ea7a608cc10f470 [2ms]
2025-05-24 00:43:17.346 [info] > git check-ignore -v -z --stdin [2ms]
2025-05-24 00:43:18.395 [info] > git config --get commit.template [4ms]
2025-05-24 00:43:18.397 [info] > git for-each-ref --format=%(refname)%00%(upstream:short)%00%(objectname)%00%(upstream:track)%00%(upstream:remotename)%00%(upstream:remoteref) refs/heads/feat/auth-lockdown refs/remotes/feat/auth-lockdown [2ms]
2025-05-24 00:43:18.406 [info] > git status -z -uall [5ms]
2025-05-24 00:43:18.410 [info] > git for-each-ref --sort -committerdate --format %(refname)%00%(objectname)%00%(*objectname) [4ms]
2025-05-24 00:43:23.426 [info] > git config --get commit.template [8ms]
2025-05-24 00:43:23.428 [info] > git for-each-ref --format=%(refname)%00%(upstream:short)%00%(objectname)%00%(upstream:track)%00%(upstream:remotename)%00%(upstream:remoteref) refs/heads/feat/auth-lockdown refs/remotes/feat/auth-lockdown [3ms]
2025-05-24 00:43:23.442 [info] > git status -z -uall [8ms]
2025-05-24 00:43:23.443 [info] > git for-each-ref --sort -committerdate --format %(refname)%00%(objectname)%00%(*objectname) [3ms]
2025-05-24 00:43:39.332 [info] > git check-ignore -v -z --stdin [1ms]
2025-05-24 00:44:09.500 [info] > git ls-files --stage -- server/routes.ts [2ms]
2025-05-24 00:44:09.509 [info] > git show --textconv :server/routes.ts [18ms]
2025-05-24 00:44:09.512 [info] > git cat-file -s 326569b18878d56c80e4e47518f0f8ea59630304 [4ms]
2025-05-24 00:45:49.644 [info] > git show --textconv :client/src/components/progress-card.tsx [8ms]
2025-05-24 00:45:49.644 [info] > git ls-files --stage -- client/src/components/progress-card.tsx [3ms]
2025-05-24 00:45:49.651 [info] > git cat-file -s f8a8fc9102e30c591a7ac3476b8b0b1cd39b0f2c [2ms]
2025-05-24 00:45:50.308 [info] > git check-ignore -v -z --stdin [1ms]
2025-05-24 00:46:32.731 [info] > git show --textconv :client/src/pages/new-dashboard.tsx [9ms]
2025-05-24 00:46:32.732 [info] > git ls-files --stage -- client/src/pages/new-dashboard.tsx [2ms]
2025-05-24 00:46:32.741 [info] > git cat-file -s 54f84a329de70fc22292ac16a00bd6c936dd54ed [2ms]
2025-05-24 00:46:33.284 [info] > git check-ignore -v -z --stdin [2ms]
2025-05-24 00:46:45.261 [info] > git show --textconv :client/src/pages/dashboard.tsx [7ms]
2025-05-24 00:46:45.262 [info] > git ls-files --stage -- client/src/pages/dashboard.tsx [2ms]
2025-05-24 00:46:45.271 [info] > git cat-file -s 662f97860163f2f9558fb955747b56331bbe376f [2ms]
2025-05-24 00:46:52.051 [info] > git check-ignore -v -z --stdin [1ms]
2025-05-24 00:47:07.923 [info] > git show --textconv :client/src/components/wishlist-card.tsx [7ms]
2025-05-24 00:47:07.924 [info] > git ls-files --stage -- client/src/components/wishlist-card.tsx [2ms]
2025-05-24 00:47:07.932 [info] > git cat-file -s 13c5539562fcd1e396fe99d0465ff37ce5a14544 [2ms]
2025-05-24 00:47:48.803 [info] > git show --textconv :shared/schema.ts [5ms]
2025-05-24 00:47:48.804 [info] > git ls-files --stage -- shared/schema.ts [2ms]
2025-05-24 00:47:48.810 [info] > git cat-file -s 4e6e2a569e156873e8b96b4011b7b5079168bce6 [2ms]
2025-05-24 00:48:07.031 [info] > git show --textconv :server/routes.ts [8ms]
2025-05-24 00:48:07.033 [info] > git ls-files --stage -- server/routes.ts [4ms]
2025-05-24 00:48:07.040 [info] > git cat-file -s 326569b18878d56c80e4e47518f0f8ea59630304 [2ms]
2025-05-24 00:49:14.832 [info] > git show --textconv :server/storage.ts [20ms]
2025-05-24 00:49:14.832 [info] > git show --textconv HEAD:server/storage.ts [14ms]
2025-05-24 00:49:14.832 [info] > git ls-files --stage -- server/storage.ts [8ms]
2025-05-24 00:49:14.840 [info] > git ls-tree -l HEAD -- server/storage.ts [11ms]
2025-05-24 00:49:14.841 [info] > git cat-file -s dfd4310b512531d3e72d6bb907416812f07cc924 [4ms]
2025-05-24 00:49:15.150 [info] > git blame --root --incremental fbe501dccb6c5b7583082be6aaa1746633da3b25 -- server/storage.ts [175ms]
2025-05-24 00:50:47.030 [info] > git check-ignore -v -z --stdin [1ms]
2025-05-24 00:51:17.318 [info] > git show --textconv :server/__tests__/price-change-progress.test.ts [6ms]
2025-05-24 00:51:17.324 [info] > git ls-files --stage -- server/__tests__/price-change-progress.test.ts [7ms]
2025-05-24 00:51:17.329 [info] > git hash-object -t tree /dev/null [6ms]
2025-05-24 00:51:17.329 [warning] [GitFileSystemProvider][readFile] File not found - git:/home/runner/workspace/server/__tests__/price-change-progress.test.ts.git?%7B%22path%22%3A%22%2Fhome%2Frunner%2Fworkspace%2Fserver%2F__tests__%2Fprice-change-progress.test.ts%22%2C%22ref%22%3A%22%22%7D
2025-05-24 00:51:17.334 [info] > git hash-object -t tree /dev/null [5ms]
2025-05-24 00:51:17.334 [warning] [GitFileSystemProvider][stat] File not found - git:/home/runner/workspace/server/__tests__/price-change-progress.test.ts.git?%7B%22path%22%3A%22%2Fhome%2Frunner%2Fworkspace%2Fserver%2F__tests__%2Fprice-change-progress.test.ts%22%2C%22ref%22%3A%22%22%7D
2025-05-24 00:51:17.383 [info] > git blame --root --incremental fbe501dccb6c5b7583082be6aaa1746633da3b25 -- server/__tests__/price-change-progress.test.ts [1ms]
2025-05-24 00:51:17.384 [info] fatal: no such path server/__tests__/price-change-progress.test.ts in fbe501dccb6c5b7583082be6aaa1746633da3b25
2025-05-24 00:52:45.527 [info] > git show --textconv :README.md [7ms]
2025-05-24 00:52:45.544 [info] > git ls-files --stage -- README.md [20ms]
2025-05-24 00:52:45.556 [info] > git cat-file -s f72685e3524fe5d6137873633d830e36e56ed048 [4ms]
2025-05-24 00:54:49.869 [info] > git config --get commit.template [7ms]
2025-05-24 00:54:49.869 [info] > git for-each-ref --format=%(refname)%00%(upstream:short)%00%(objectname)%00%(upstream:track)%00%(upstream:remotename)%00%(upstream:remoteref) refs/heads/feat/auth-lockdown refs/remotes/feat/auth-lockdown [1ms]
2025-05-24 00:54:49.881 [info] > git status -z -uall [6ms]
2025-05-24 00:54:49.883 [info] > git for-each-ref --sort -committerdate --format %(refname)%00%(objectname)%00%(*objectname) [3ms]
2025-05-24 00:54:54.899 [info] > git config --get commit.template [7ms]
2025-05-24 00:54:54.900 [info] > git for-each-ref --format=%(refname)%00%(upstream:short)%00%(objectname)%00%(upstream:track)%00%(upstream:remotename)%00%(upstream:remoteref) refs/heads/feat/auth-lockdown refs/remotes/feat/auth-lockdown [1ms]
2025-05-24 00:54:54.911 [info] > git status -z -uall [6ms]
2025-05-24 00:54:54.913 [info] > git for-each-ref --sort -committerdate --format %(refname)%00%(objectname)%00%(*objectname) [2ms]
2025-05-24 00:54:59.926 [info] > git config --get commit.template [2ms]
2025-05-24 00:54:59.932 [info] > git for-each-ref --format=%(refname)%00%(upstream:short)%00%(objectname)%00%(upstream:track)%00%(upstream:remotename)%00%(upstream:remoteref) refs/heads/feat/auth-lockdown refs/remotes/feat/auth-lockdown [1ms]
2025-05-24 00:54:59.949 [info] > git status -z -uall [10ms]
2025-05-24 00:54:59.949 [info] > git for-each-ref --sort -committerdate --format %(refname)%00%(objectname)%00%(*objectname) [0ms]
2025-05-24 00:55:04.974 [info] > git config --get commit.template [9ms]
2025-05-24 00:55:04.974 [info] > git for-each-ref --format=%(refname)%00%(upstream:short)%00%(objectname)%00%(upstream:track)%00%(upstream:remotename)%00%(upstream:remoteref) refs/heads/feat/auth-lockdown refs/remotes/feat/auth-lockdown [2ms]
2025-05-24 00:55:04.985 [info] > git status -z -uall [6ms]
2025-05-24 00:55:04.987 [info] > git for-each-ref --sort -committerdate --format %(refname)%00%(objectname)%00%(*objectname) [3ms]
2025-05-24 00:56:50.306 [info] > git config --get commit.template [5ms]
2025-05-24 00:56:50.307 [info] > git for-each-ref --format=%(refname)%00%(upstream:short)%00%(objectname)%00%(upstream:track)%00%(upstream:remotename)%00%(upstream:remoteref) refs/heads/feat/auth-lockdown refs/remotes/feat/auth-lockdown [1ms]
2025-05-24 00:56:50.318 [info] > git status -z -uall [6ms]
2025-05-24 00:56:50.321 [info] > git for-each-ref --sort -committerdate --format %(refname)%00%(objectname)%00%(*objectname) [3ms]
2025-05-24 00:56:55.335 [info] > git config --get commit.template [5ms]
2025-05-24 00:56:55.335 [info] > git for-each-ref --format=%(refname)%00%(upstream:short)%00%(objectname)%00%(upstream:track)%00%(upstream:remotename)%00%(upstream:remoteref) refs/heads/feat/auth-lockdown refs/remotes/feat/auth-lockdown [1ms]
2025-05-24 00:56:55.348 [info] > git status -z -uall [7ms]
2025-05-24 00:56:55.350 [info] > git for-each-ref --sort -committerdate --format %(refname)%00%(objectname)%00%(*objectname) [3ms]
2025-05-24 00:57:00.363 [info] > git config --get commit.template [5ms]
2025-05-24 00:57:00.364 [info] > git for-each-ref --format=%(refname)%00%(upstream:short)%00%(objectname)%00%(upstream:track)%00%(upstream:remotename)%00%(upstream:remoteref) refs/heads/feat/auth-lockdown refs/remotes/feat/auth-lockdown [1ms]
2025-05-24 00:57:00.373 [info] > git status -z -uall [4ms]
2025-05-24 00:57:00.375 [info] > git for-each-ref --sort -committerdate --format %(refname)%00%(objectname)%00%(*objectname) [2ms]
2025-05-24 00:57:05.393 [info] > git config --get commit.template [7ms]
2025-05-24 00:57:05.393 [info] > git for-each-ref --format=%(refname)%00%(upstream:short)%00%(objectname)%00%(upstream:track)%00%(upstream:remotename)%00%(upstream:remoteref) refs/heads/feat/auth-lockdown refs/remotes/feat/auth-lockdown [1ms]
2025-05-24 00:57:05.409 [info] > git status -z -uall [9ms]
2025-05-24 00:57:05.410 [info] > git for-each-ref --sort -committerdate --format %(refname)%00%(objectname)%00%(*objectname) [2ms]
2025-05-24 00:57:10.425 [info] > git config --get commit.template [6ms]
2025-05-24 00:57:10.426 [info] > git for-each-ref --format=%(refname)%00%(upstream:short)%00%(objectname)%00%(upstream:track)%00%(upstream:remotename)%00%(upstream:remoteref) refs/heads/feat/auth-lockdown refs/remotes/feat/auth-lockdown [1ms]
2025-05-24 00:57:10.438 [info] > git status -z -uall [6ms]
2025-05-24 00:57:10.441 [info] > git for-each-ref --sort -committerdate --format %(refname)%00%(objectname)%00%(*objectname) [4ms]
2025-05-24 00:57:15.457 [info] > git config --get commit.template [7ms]
2025-05-24 00:57:15.458 [info] > git for-each-ref --format=%(refname)%00%(upstream:short)%00%(objectname)%00%(upstream:track)%00%(upstream:remotename)%00%(upstream:remoteref) refs/heads/feat/auth-lockdown refs/remotes/feat/auth-lockdown [2ms]
2025-05-24 00:57:15.470 [info] > git status -z -uall [6ms]
2025-05-24 00:57:15.474 [info] > git for-each-ref --sort -committerdate --format %(refname)%00%(objectname)%00%(*objectname) [4ms]
2025-05-24 00:57:20.488 [info] > git config --get commit.template [5ms]
2025-05-24 00:57:20.489 [info] > git for-each-ref --format=%(refname)%00%(upstream:short)%00%(objectname)%00%(upstream:track)%00%(upstream:remotename)%00%(upstream:remoteref) refs/heads/feat/auth-lockdown refs/remotes/feat/auth-lockdown [1ms]
2025-05-24 00:57:20.499 [info] > git status -z -uall [5ms]
2025-05-24 00:57:20.501 [info] > git for-each-ref --sort -committerdate --format %(refname)%00%(objectname)%00%(*objectname) [3ms]
2025-05-24 00:57:25.517 [info] > git config --get commit.template [7ms]
2025-05-24 00:57:25.518 [info] > git for-each-ref --format=%(refname)%00%(upstream:short)%00%(objectname)%00%(upstream:track)%00%(upstream:remotename)%00%(upstream:remoteref) refs/heads/feat/auth-lockdown refs/remotes/feat/auth-lockdown [1ms]
2025-05-24 00:57:25.532 [info] > git status -z -uall [8ms]
2025-05-24 00:57:25.534 [info] > git for-each-ref --sort -committerdate --format %(refname)%00%(objectname)%00%(*objectname) [3ms]
2025-05-24 00:57:30.548 [info] > git config --get commit.template [5ms]
2025-05-24 00:57:30.549 [info] > git for-each-ref --format=%(refname)%00%(upstream:short)%00%(objectname)%00%(upstream:track)%00%(upstream:remotename)%00%(upstream:remoteref) refs/heads/feat/auth-lockdown refs/remotes/feat/auth-lockdown [1ms]
2025-05-24 00:57:30.558 [info] > git status -z -uall [5ms]
2025-05-24 00:57:30.560 [info] > git for-each-ref --sort -committerdate --format %(refname)%00%(objectname)%00%(*objectname) [3ms]
2025-05-24 00:57:35.577 [info] > git config --get commit.template [6ms]
2025-05-24 00:57:35.578 [info] > git for-each-ref --format=%(refname)%00%(upstream:short)%00%(objectname)%00%(upstream:track)%00%(upstream:remotename)%00%(upstream:remoteref) refs/heads/feat/auth-lockdown refs/remotes/feat/auth-lockdown [2ms]
2025-05-24 00:57:35.588 [info] > git status -z -uall [5ms]
2025-05-24 00:57:35.590 [info] > git for-each-ref --sort -committerdate --format %(refname)%00%(objectname)%00%(*objectname) [3ms]
2025-05-24 00:57:40.604 [info] > git config --get commit.template [5ms]
2025-05-24 00:57:40.605 [info] > git for-each-ref --format=%(refname)%00%(upstream:short)%00%(objectname)%00%(upstream:track)%00%(upstream:remotename)%00%(upstream:remoteref) refs/heads/feat/auth-lockdown refs/remotes/feat/auth-lockdown [2ms]
2025-05-24 00:57:40.614 [info] > git status -z -uall [5ms]
2025-05-24 00:57:40.616 [info] > git for-each-ref --sort -committerdate --format %(refname)%00%(objectname)%00%(*objectname) [2ms]
2025-05-24 00:57:45.632 [info] > git config --get commit.template [6ms]
2025-05-24 00:57:45.633 [info] > git for-each-ref --format=%(refname)%00%(upstream:short)%00%(objectname)%00%(upstream:track)%00%(upstream:remotename)%00%(upstream:remoteref) refs/heads/feat/auth-lockdown refs/remotes/feat/auth-lockdown [2ms]
2025-05-24 00:57:45.645 [info] > git status -z -uall [7ms]
2025-05-24 00:57:45.647 [info] > git for-each-ref --sort -committerdate --format %(refname)%00%(objectname)%00%(*objectname) [3ms]
2025-05-24 00:57:50.665 [info] > git config --get commit.template [6ms]
2025-05-24 00:57:50.665 [info] > git for-each-ref --format=%(refname)%00%(upstream:short)%00%(objectname)%00%(upstream:track)%00%(upstream:remotename)%00%(upstream:remoteref) refs/heads/feat/auth-lockdown refs/remotes/feat/auth-lockdown [1ms]
2025-05-24 00:57:50.677 [info] > git status -z -uall [6ms]
2025-05-24 00:57:50.679 [info] > git for-each-ref --sort -committerdate --format %(refname)%00%(objectname)%00%(*objectname) [2ms]
2025-05-24 00:57:55.692 [info] > git config --get commit.template [5ms]
2025-05-24 00:57:55.693 [info] > git for-each-ref --format=%(refname)%00%(upstream:short)%00%(objectname)%00%(upstream:track)%00%(upstream:remotename)%00%(upstream:remoteref) refs/heads/feat/auth-lockdown refs/remotes/feat/auth-lockdown [2ms]
2025-05-24 00:57:55.703 [info] > git status -z -uall [5ms]
2025-05-24 00:57:55.704 [info] > git for-each-ref --sort -committerdate --format %(refname)%00%(objectname)%00%(*objectname) [2ms]
2025-05-24 00:58:00.720 [info] > git config --get commit.template [7ms]
2025-05-24 00:58:00.721 [info] > git for-each-ref --format=%(refname)%00%(upstream:short)%00%(objectname)%00%(upstream:track)%00%(upstream:remotename)%00%(upstream:remoteref) refs/heads/feat/auth-lockdown refs/remotes/feat/auth-lockdown [2ms]
2025-05-24 00:58:00.731 [info] > git status -z -uall [5ms]
2025-05-24 00:58:00.733 [info] > git for-each-ref --sort -committerdate --format %(refname)%00%(objectname)%00%(*objectname) [2ms]
2025-05-24 00:58:05.746 [info] > git config --get commit.template [5ms]
2025-05-24 00:58:05.747 [info] > git for-each-ref --format=%(refname)%00%(upstream:short)%00%(objectname)%00%(upstream:track)%00%(upstream:remotename)%00%(upstream:remoteref) refs/heads/feat/auth-lockdown refs/remotes/feat/auth-lockdown [1ms]
2025-05-24 00:58:05.756 [info] > git status -z -uall [4ms]
2025-05-24 00:58:05.758 [info] > git for-each-ref --sort -committerdate --format %(refname)%00%(objectname)%00%(*objectname) [3ms]
2025-05-24 00:58:10.776 [info] > git config --get commit.template [7ms]
2025-05-24 00:58:10.777 [info] > git for-each-ref --format=%(refname)%00%(upstream:short)%00%(objectname)%00%(upstream:track)%00%(upstream:remotename)%00%(upstream:remoteref) refs/heads/feat/auth-lockdown refs/remotes/feat/auth-lockdown [2ms]
2025-05-24 00:58:10.787 [info] > git status -z -uall [5ms]
2025-05-24 00:58:10.789 [info] > git for-each-ref --sort -committerdate --format %(refname)%00%(objectname)%00%(*objectname) [2ms]
2025-05-24 00:58:15.805 [info] > git config --get commit.template [6ms]
2025-05-24 00:58:15.806 [info] > git for-each-ref --format=%(refname)%00%(upstream:short)%00%(objectname)%00%(upstream:track)%00%(upstream:remotename)%00%(upstream:remoteref) refs/heads/feat/auth-lockdown refs/remotes/feat/auth-lockdown [1ms]
2025-05-24 00:58:15.820 [info] > git status -z -uall [7ms]
2025-05-24 00:58:15.822 [info] > git for-each-ref --sort -committerdate --format %(refname)%00%(objectname)%00%(*objectname) [3ms]
2025-05-24 00:58:20.836 [info] > git config --get commit.template [5ms]
2025-05-24 00:58:20.837 [info] > git for-each-ref --format=%(refname)%00%(upstream:short)%00%(objectname)%00%(upstream:track)%00%(upstream:remotename)%00%(upstream:remoteref) refs/heads/feat/auth-lockdown refs/remotes/feat/auth-lockdown [2ms]
2025-05-24 00:58:20.847 [info] > git status -z -uall [6ms]
2025-05-24 00:58:20.848 [info] > git for-each-ref --sort -committerdate --format %(refname)%00%(objectname)%00%(*objectname) [2ms]
2025-05-24 00:58:25.861 [info] > git config --get commit.template [5ms]
2025-05-24 00:58:25.862 [info] > git for-each-ref --format=%(refname)%00%(upstream:short)%00%(objectname)%00%(upstream:track)%00%(upstream:remotename)%00%(upstream:remoteref) refs/heads/feat/auth-lockdown refs/remotes/feat/auth-lockdown [1ms]
2025-05-24 00:58:25.871 [info] > git status -z -uall [5ms]
2025-05-24 00:58:25.873 [info] > git for-each-ref --sort -committerdate --format %(refname)%00%(objectname)%00%(*objectname) [3ms]
2025-05-24 00:58:33.472 [info] > git show --textconv :server/routes.ts [18ms]
2025-05-24 00:58:33.473 [info] > git ls-files --stage -- server/routes.ts [7ms]
2025-05-24 00:58:33.481 [info] > git cat-file -s 326569b18878d56c80e4e47518f0f8ea59630304 [2ms]
2025-05-24 00:59:08.261 [info] > git show --textconv :server/lib/business-logic.ts [6ms]
2025-05-24 00:59:08.262 [info] > git ls-files --stage -- server/lib/business-logic.ts [2ms]
2025-05-24 00:59:08.270 [info] > git cat-file -s 014a0dadb2949314f0f2ea463ea7a608cc10f470 [2ms]
2025-05-24 01:00:38.333 [info] > git check-ignore -v -z --stdin [1ms]
2025-05-24 01:01:10.970 [info] > git show --textconv :client/src/components/progress-card.tsx [7ms]
2025-05-24 01:01:10.971 [info] > git ls-files --stage -- client/src/components/progress-card.tsx [2ms]
2025-05-24 01:01:10.978 [info] > git cat-file -s f8a8fc9102e30c591a7ac3476b8b0b1cd39b0f2c [2ms]
2025-05-24 01:02:09.478 [info] > git show --textconv :client/src/pages/new-dashboard.tsx [8ms]
2025-05-24 01:02:09.478 [info] > git ls-files --stage -- client/src/pages/new-dashboard.tsx [3ms]
2025-05-24 01:02:09.485 [info] > git cat-file -s 54f84a329de70fc22292ac16a00bd6c936dd54ed [2ms]
2025-05-24 01:02:16.778 [info] > git show --textconv :client/src/pages/dashboard.tsx [5ms]
2025-05-24 01:02:16.779 [info] > git ls-files --stage -- client/src/pages/dashboard.tsx [1ms]
2025-05-24 01:02:16.784 [info] > git cat-file -s 662f97860163f2f9558fb955747b56331bbe376f [1ms]
2025-05-24 01:02:44.566 [info] > git show --textconv :server/lib/business-logic.ts [7ms]
2025-05-24 01:02:44.567 [info] > git ls-files --stage -- server/lib/business-logic.ts [2ms]
2025-05-24 01:02:44.574 [info] > git cat-file -s 014a0dadb2949314f0f2ea463ea7a608cc10f470 [2ms]
2025-05-24 01:03:20.210 [info] > git show --textconv :server/__tests__/over-save-purchase.test.ts [8ms]
2025-05-24 01:03:20.210 [warning] [GitFileSystemProvider][readFile] File not found - git:/home/runner/workspace/server/__tests__/over-save-purchase.test.ts.git?%7B%22path%22%3A%22%2Fhome%2Frunner%2Fworkspace%2Fserver%2F__tests__%2Fover-save-purchase.test.ts%22%2C%22ref%22%3A%22%22%7D
2025-05-24 01:03:20.211 [info] > git ls-files --stage -- server/__tests__/over-save-purchase.test.ts [2ms]
2025-05-24 01:03:20.211 [warning] [GitFileSystemProvider][stat] File not found - git:/home/runner/workspace/server/__tests__/over-save-purchase.test.ts.git?%7B%22path%22%3A%22%2Fhome%2Frunner%2Fworkspace%2Fserver%2F__tests__%2Fover-save-purchase.test.ts%22%2C%22ref%22%3A%22%22%7D
2025-05-24 01:04:11.724 [info] > git show --textconv :README.md [6ms]
2025-05-24 01:04:11.725 [info] > git ls-files --stage -- README.md [2ms]
2025-05-24 01:04:11.730 [info] > git cat-file -s f72685e3524fe5d6137873633d830e36e56ed048 [1ms]
2025-05-24 01:05:16.450 [info] > git config --get commit.template [7ms]
2025-05-24 01:05:16.450 [info] > git for-each-ref --format=%(refname)%00%(upstream:short)%00%(objectname)%00%(upstream:track)%00%(upstream:remotename)%00%(upstream:remoteref) refs/heads/feat/auth-lockdown refs/remotes/feat/auth-lockdown [2ms]
2025-05-24 01:05:16.461 [info] > git status -z -uall [6ms]
2025-05-24 01:05:16.463 [info] > git for-each-ref --sort -committerdate --format %(refname)%00%(objectname)%00%(*objectname) [2ms]
2025-05-24 01:05:21.479 [info] > git config --get commit.template [5ms]
2025-05-24 01:05:21.480 [info] > git for-each-ref --format=%(refname)%00%(upstream:short)%00%(objectname)%00%(upstream:track)%00%(upstream:remotename)%00%(upstream:remoteref) refs/heads/feat/auth-lockdown refs/remotes/feat/auth-lockdown [1ms]
2025-05-24 01:05:21.490 [info] > git status -z -uall [5ms]
2025-05-24 01:05:21.492 [info] > git for-each-ref --sort -committerdate --format %(refname)%00%(objectname)%00%(*objectname) [2ms]
2025-05-24 01:05:26.508 [info] > git config --get commit.template [6ms]
2025-05-24 01:05:26.509 [info] > git for-each-ref --format=%(refname)%00%(upstream:short)%00%(objectname)%00%(upstream:track)%00%(upstream:remotename)%00%(upstream:remoteref) refs/heads/feat/auth-lockdown refs/remotes/feat/auth-lockdown [2ms]
2025-05-24 01:05:26.522 [info] > git status -z -uall [9ms]
2025-05-24 01:05:26.523 [info] > git for-each-ref --sort -committerdate --format %(refname)%00%(objectname)%00%(*objectname) [3ms]
2025-05-24 01:08:36.635 [info] > git config --get commit.template [4ms]
2025-05-24 01:08:36.635 [info] > git for-each-ref --format=%(refname)%00%(upstream:short)%00%(objectname)%00%(upstream:track)%00%(upstream:remotename)%00%(upstream:remoteref) refs/heads/feat/auth-lockdown refs/remotes/feat/auth-lockdown [1ms]
2025-05-24 01:08:36.646 [info] > git status -z -uall [6ms]
2025-05-24 01:08:36.647 [info] > git for-each-ref --sort -committerdate --format %(refname)%00%(objectname)%00%(*objectname) [2ms]
2025-05-24 01:08:41.668 [info] > git for-each-ref --format=%(refname)%00%(upstream:short)%00%(objectname)%00%(upstream:track)%00%(upstream:remotename)%00%(upstream:remoteref) refs/heads/feat/auth-lockdown refs/remotes/feat/auth-lockdown [0ms]
2025-05-24 01:08:41.669 [info] > git config --get commit.template [13ms]
2025-05-24 01:08:41.680 [info] > git status -z -uall [6ms]
2025-05-24 01:08:41.682 [info] > git for-each-ref --sort -committerdate --format %(refname)%00%(objectname)%00%(*objectname) [3ms]
2025-05-24 01:08:46.693 [info] > git config --get commit.template [4ms]
2025-05-24 01:08:46.694 [info] > git for-each-ref --format=%(refname)%00%(upstream:short)%00%(objectname)%00%(upstream:track)%00%(upstream:remotename)%00%(upstream:remoteref) refs/heads/feat/auth-lockdown refs/remotes/feat/auth-lockdown [1ms]
2025-05-24 01:08:46.703 [info] > git status -z -uall [5ms]
2025-05-24 01:08:46.705 [info] > git for-each-ref --sort -committerdate --format %(refname)%00%(objectname)%00%(*objectname) [2ms]
2025-05-24 01:08:51.717 [info] > git config --get commit.template [4ms]
2025-05-24 01:08:51.717 [info] > git for-each-ref --format=%(refname)%00%(upstream:short)%00%(objectname)%00%(upstream:track)%00%(upstream:remotename)%00%(upstream:remoteref) refs/heads/feat/auth-lockdown refs/remotes/feat/auth-lockdown [1ms]
2025-05-24 01:08:51.726 [info] > git status -z -uall [5ms]
2025-05-24 01:08:51.728 [info] > git for-each-ref --sort -committerdate --format %(refname)%00%(objectname)%00%(*objectname) [2ms]
2025-05-24 01:11:34.675 [info] > git show --textconv :server/lib/business-logic.ts [9ms]
2025-05-24 01:11:34.680 [info] > git ls-files --stage -- server/lib/business-logic.ts [6ms]
2025-05-24 01:11:34.691 [info] > git cat-file -s 014a0dadb2949314f0f2ea463ea7a608cc10f470 [0ms]
2025-05-24 01:12:03.466 [info] > git show --textconv :server/routes.ts [11ms]
2025-05-24 01:12:03.466 [info] > git ls-files --stage -- server/routes.ts [3ms]
2025-05-24 01:12:03.476 [info] > git cat-file -s 326569b18878d56c80e4e47518f0f8ea59630304 [5ms]
2025-05-24 01:14:09.352 [info] > git show --textconv :server/storage.ts [19ms]
2025-05-24 01:14:09.352 [info] > git show --textconv HEAD:server/storage.ts [13ms]
2025-05-24 01:14:09.353 [info] > git ls-files --stage -- server/storage.ts [7ms]
2025-05-24 01:14:09.358 [info] > git ls-tree -l HEAD -- server/storage.ts [8ms]
2025-05-24 01:14:09.359 [info] > git cat-file -s dfd4310b512531d3e72d6bb907416812f07cc924 [2ms]
2025-05-24 01:16:12.833 [info] > git show --textconv :shared/schema.ts [5ms]
2025-05-24 01:16:12.833 [info] > git ls-files --stage -- shared/schema.ts [1ms]
2025-05-24 01:16:12.839 [info] > git cat-file -s 4e6e2a569e156873e8b96b4011b7b5079168bce6 [1ms]
2025-05-24 01:17:15.517 [info] > git show --textconv :server/routes.ts [20ms]
2025-05-24 01:17:15.520 [info] > git ls-files --stage -- server/routes.ts [9ms]
2025-05-24 01:17:15.528 [info] > git cat-file -s 326569b18878d56c80e4e47518f0f8ea59630304 [1ms]
2025-05-24 01:18:10.638 [info] > git show --textconv :client/src/store/goal-store.ts [9ms]
2025-05-24 01:18:10.638 [info] > git ls-files --stage -- client/src/store/goal-store.ts [4ms]
2025-05-24 01:18:10.646 [info] > git cat-file -s bac2ddc029cab4922dc51ef6f228869b62ac877e [2ms]
2025-05-24 01:18:11.132 [info] > git check-ignore -v -z --stdin [1ms]
2025-05-24 01:18:17.568 [info] > git show --textconv :client/src/components/wishlist-card.tsx [6ms]
2025-05-24 01:18:17.569 [info] > git ls-files --stage -- client/src/components/wishlist-card.tsx [2ms]
2025-05-24 01:18:17.574 [info] > git cat-file -s 13c5539562fcd1e396fe99d0465ff37ce5a14544 [1ms]
2025-05-24 01:18:24.182 [info] > git show --textconv :client/src/components/progress-card.tsx [8ms]
2025-05-24 01:18:24.182 [info] > git ls-files --stage -- client/src/components/progress-card.tsx [2ms]
2025-05-24 01:18:24.189 [info] > git cat-file -s f8a8fc9102e30c591a7ac3476b8b0b1cd39b0f2c [1ms]
2025-05-24 01:21:32.475 [info] > git show --textconv :README.md [7ms]
2025-05-24 01:21:32.476 [info] > git ls-files --stage -- README.md [2ms]
2025-05-24 01:21:32.483 [info] > git cat-file -s f72685e3524fe5d6137873633d830e36e56ed048 [2ms]
2025-05-24 01:22:24.277 [info] > git config --get commit.template [1ms]
2025-05-24 01:22:24.283 [info] > git for-each-ref --format=%(refname)%00%(upstream:short)%00%(objectname)%00%(upstream:track)%00%(upstream:remotename)%00%(upstream:remoteref) refs/heads/feat/auth-lockdown refs/remotes/feat/auth-lockdown [2ms]
2025-05-24 01:22:24.294 [info] > git status -z -uall [7ms]
2025-05-24 01:22:24.297 [info] > git for-each-ref --sort -committerdate --format %(refname)%00%(objectname)%00%(*objectname) [3ms]
2025-05-24 01:22:29.307 [info] > git config --get commit.template [1ms]
2025-05-24 01:22:29.314 [info] > git for-each-ref --format=%(refname)%00%(upstream:short)%00%(objectname)%00%(upstream:track)%00%(upstream:remotename)%00%(upstream:remoteref) refs/heads/feat/auth-lockdown refs/remotes/feat/auth-lockdown [2ms]
2025-05-24 01:22:29.325 [info] > git status -z -uall [6ms]
2025-05-24 01:22:29.328 [info] > git for-each-ref --sort -committerdate --format %(refname)%00%(objectname)%00%(*objectname) [3ms]
2025-05-24 01:22:34.343 [info] > git config --get commit.template [7ms]
2025-05-24 01:22:34.343 [info] > git for-each-ref --format=%(refname)%00%(upstream:short)%00%(objectname)%00%(upstream:track)%00%(upstream:remotename)%00%(upstream:remoteref) refs/heads/feat/auth-lockdown refs/remotes/feat/auth-lockdown [1ms]
2025-05-24 01:22:34.354 [info] > git status -z -uall [5ms]
2025-05-24 01:22:34.356 [info] > git for-each-ref --sort -committerdate --format %(refname)%00%(objectname)%00%(*objectname) [2ms]
2025-05-24 01:26:42.746 [info] > git config --get commit.template [5ms]
2025-05-24 01:26:42.746 [info] > git for-each-ref --format=%(refname)%00%(upstream:short)%00%(objectname)%00%(upstream:track)%00%(upstream:remotename)%00%(upstream:remoteref) refs/heads/feat/auth-lockdown refs/remotes/feat/auth-lockdown [1ms]
2025-05-24 01:26:42.755 [info] > git status -z -uall [5ms]
2025-05-24 01:26:42.759 [info] > git for-each-ref --sort -committerdate --format %(refname)%00%(objectname)%00%(*objectname) [4ms]
2025-05-24 01:26:47.772 [info] > git config --get commit.template [5ms]
2025-05-24 01:26:47.773 [info] > git for-each-ref --format=%(refname)%00%(upstream:short)%00%(objectname)%00%(upstream:track)%00%(upstream:remotename)%00%(upstream:remoteref) refs/heads/feat/auth-lockdown refs/remotes/feat/auth-lockdown [1ms]
2025-05-24 01:26:47.785 [info] > git status -z -uall [6ms]
2025-05-24 01:26:47.787 [info] > git for-each-ref --sort -committerdate --format %(refname)%00%(objectname)%00%(*objectname) [3ms]
2025-05-24 01:26:52.801 [info] > git config --get commit.template [5ms]
2025-05-24 01:26:52.801 [info] > git for-each-ref --format=%(refname)%00%(upstream:short)%00%(objectname)%00%(upstream:track)%00%(upstream:remotename)%00%(upstream:remoteref) refs/heads/feat/auth-lockdown refs/remotes/feat/auth-lockdown [1ms]
2025-05-24 01:26:52.809 [info] > git status -z -uall [4ms]
2025-05-24 01:26:52.813 [info] > git for-each-ref --sort -committerdate --format %(refname)%00%(objectname)%00%(*objectname) [4ms]
2025-05-24 01:26:57.831 [info] > git config --get commit.template [7ms]
2025-05-24 01:26:57.832 [info] > git for-each-ref --format=%(refname)%00%(upstream:short)%00%(objectname)%00%(upstream:track)%00%(upstream:remotename)%00%(upstream:remoteref) refs/heads/feat/auth-lockdown refs/remotes/feat/auth-lockdown [2ms]
2025-05-24 01:26:57.843 [info] > git status -z -uall [6ms]
2025-05-24 01:26:57.846 [info] > git for-each-ref --sort -committerdate --format %(refname)%00%(objectname)%00%(*objectname) [3ms]
2025-05-24 01:27:02.862 [info] > git config --get commit.template [5ms]
2025-05-24 01:27:02.862 [info] > git for-each-ref --format=%(refname)%00%(upstream:short)%00%(objectname)%00%(upstream:track)%00%(upstream:remotename)%00%(upstream:remoteref) refs/heads/feat/auth-lockdown refs/remotes/feat/auth-lockdown [1ms]
2025-05-24 01:27:02.872 [info] > git status -z -uall [6ms]
2025-05-24 01:27:02.874 [info] > git for-each-ref --sort -committerdate --format %(refname)%00%(objectname)%00%(*objectname) [3ms]
2025-05-24 01:27:07.883 [info] > git config --get commit.template [2ms]
2025-05-24 01:27:07.892 [info] > git for-each-ref --format=%(refname)%00%(upstream:short)%00%(objectname)%00%(upstream:track)%00%(upstream:remotename)%00%(upstream:remoteref) refs/heads/feat/auth-lockdown refs/remotes/feat/auth-lockdown [2ms]
2025-05-24 01:27:07.904 [info] > git status -z -uall [7ms]
2025-05-24 01:27:07.905 [info] > git for-each-ref --sort -committerdate --format %(refname)%00%(objectname)%00%(*objectname) [2ms]
2025-05-24 01:27:12.918 [info] > git config --get commit.template [2ms]
2025-05-24 01:27:12.924 [info] > git for-each-ref --format=%(refname)%00%(upstream:short)%00%(objectname)%00%(upstream:track)%00%(upstream:remotename)%00%(upstream:remoteref) refs/heads/feat/auth-lockdown refs/remotes/feat/auth-lockdown [1ms]
2025-05-24 01:27:12.932 [info] > git status -z -uall [4ms]
2025-05-24 01:27:12.934 [info] > git for-each-ref --sort -committerdate --format %(refname)%00%(objectname)%00%(*objectname) [2ms]
2025-05-24 01:27:17.959 [info] > git config --get commit.template [7ms]
2025-05-24 01:27:17.961 [info] > git for-each-ref --format=%(refname)%00%(upstream:short)%00%(objectname)%00%(upstream:track)%00%(upstream:remotename)%00%(upstream:remoteref) refs/heads/feat/auth-lockdown refs/remotes/feat/auth-lockdown [3ms]
2025-05-24 01:27:17.973 [info] > git status -z -uall [7ms]
2025-05-24 01:27:17.977 [info] > git for-each-ref --sort -committerdate --format %(refname)%00%(objectname)%00%(*objectname) [4ms]
2025-05-24 01:27:18.895 [info] > git show --textconv :server/routes.ts [7ms]
2025-05-24 01:27:18.896 [info] > git ls-files --stage -- server/routes.ts [1ms]
2025-05-24 01:27:18.903 [info] > git cat-file -s 326569b18878d56c80e4e47518f0f8ea59630304 [2ms]
2025-05-24 01:27:22.992 [info] > git config --get commit.template [6ms]
2025-05-24 01:27:22.994 [info] > git for-each-ref --format=%(refname)%00%(upstream:short)%00%(objectname)%00%(upstream:track)%00%(upstream:remotename)%00%(upstream:remoteref) refs/heads/feat/auth-lockdown refs/remotes/feat/auth-lockdown [2ms]
2025-05-24 01:27:23.007 [info] > git status -z -uall [7ms]
2025-05-24 01:27:23.009 [info] > git for-each-ref --sort -committerdate --format %(refname)%00%(objectname)%00%(*objectname) [2ms]
2025-05-24 01:27:28.032 [info] > git config --get commit.template [6ms]
2025-05-24 01:27:28.033 [info] > git for-each-ref --format=%(refname)%00%(upstream:short)%00%(objectname)%00%(upstream:track)%00%(upstream:remotename)%00%(upstream:remoteref) refs/heads/feat/auth-lockdown refs/remotes/feat/auth-lockdown [2ms]
2025-05-24 01:27:28.055 [info] > git status -z -uall [8ms]
2025-05-24 01:27:28.057 [info] > git for-each-ref --sort -committerdate --format %(refname)%00%(objectname)%00%(*objectname) [3ms]
2025-05-24 01:27:33.073 [info] > git config --get commit.template [5ms]
2025-05-24 01:27:33.074 [info] > git for-each-ref --format=%(refname)%00%(upstream:short)%00%(objectname)%00%(upstream:track)%00%(upstream:remotename)%00%(upstream:remoteref) refs/heads/feat/auth-lockdown refs/remotes/feat/auth-lockdown [2ms]
2025-05-24 01:27:33.083 [info] > git status -z -uall [5ms]
2025-05-24 01:27:33.086 [info] > git for-each-ref --sort -committerdate --format %(refname)%00%(objectname)%00%(*objectname) [3ms]
2025-05-24 01:27:38.100 [info] > git config --get commit.template [4ms]
2025-05-24 01:27:38.101 [info] > git for-each-ref --format=%(refname)%00%(upstream:short)%00%(objectname)%00%(upstream:track)%00%(upstream:remotename)%00%(upstream:remoteref) refs/heads/feat/auth-lockdown refs/remotes/feat/auth-lockdown [1ms]
2025-05-24 01:27:38.110 [info] > git status -z -uall [6ms]
2025-05-24 01:27:38.113 [info] > git for-each-ref --sort -committerdate --format %(refname)%00%(objectname)%00%(*objectname) [4ms]
2025-05-24 01:27:43.130 [info] > git config --get commit.template [7ms]
2025-05-24 01:27:43.131 [info] > git for-each-ref --format=%(refname)%00%(upstream:short)%00%(objectname)%00%(upstream:track)%00%(upstream:remotename)%00%(upstream:remoteref) refs/heads/feat/auth-lockdown refs/remotes/feat/auth-lockdown [1ms]
2025-05-24 01:27:43.143 [info] > git status -z -uall [7ms]
2025-05-24 01:27:43.147 [info] > git for-each-ref --sort -committerdate --format %(refname)%00%(objectname)%00%(*objectname) [4ms]
2025-05-24 01:27:48.160 [info] > git config --get commit.template [4ms]
2025-05-24 01:27:48.161 [info] > git for-each-ref --format=%(refname)%00%(upstream:short)%00%(objectname)%00%(upstream:track)%00%(upstream:remotename)%00%(upstream:remoteref) refs/heads/feat/auth-lockdown refs/remotes/feat/auth-lockdown [1ms]
2025-05-24 01:27:48.170 [info] > git status -z -uall [5ms]
2025-05-24 01:27:48.172 [info] > git for-each-ref --sort -committerdate --format %(refname)%00%(objectname)%00%(*objectname) [3ms]
2025-05-24 01:27:53.185 [info] > git config --get commit.template [6ms]
2025-05-24 01:27:53.186 [info] > git for-each-ref --format=%(refname)%00%(upstream:short)%00%(objectname)%00%(upstream:track)%00%(upstream:remotename)%00%(upstream:remoteref) refs/heads/feat/auth-lockdown refs/remotes/feat/auth-lockdown [2ms]
2025-05-24 01:27:53.196 [info] > git status -z -uall [5ms]
2025-05-24 01:27:53.198 [info] > git for-each-ref --sort -committerdate --format %(refname)%00%(objectname)%00%(*objectname) [2ms]
2025-05-24 01:27:58.214 [info] > git config --get commit.template [6ms]
2025-05-24 01:27:58.214 [info] > git for-each-ref --format=%(refname)%00%(upstream:short)%00%(objectname)%00%(upstream:track)%00%(upstream:remotename)%00%(upstream:remoteref) refs/heads/feat/auth-lockdown refs/remotes/feat/auth-lockdown [1ms]
2025-05-24 01:27:58.225 [info] > git status -z -uall [6ms]
2025-05-24 01:27:58.228 [info] > git for-each-ref --sort -committerdate --format %(refname)%00%(objectname)%00%(*objectname) [3ms]
2025-05-24 01:28:47.692 [info] > git config --get commit.template [9ms]
2025-05-24 01:28:47.692 [info] > git for-each-ref --format=%(refname)%00%(upstream:short)%00%(objectname)%00%(upstream:track)%00%(upstream:remotename)%00%(upstream:remoteref) refs/heads/feat/auth-lockdown refs/remotes/feat/auth-lockdown [2ms]
2025-05-24 01:28:47.705 [info] > git status -z -uall [6ms]
2025-05-24 01:28:47.707 [info] > git for-each-ref --sort -committerdate --format %(refname)%00%(objectname)%00%(*objectname) [2ms]
2025-05-24 01:28:52.727 [info] > git config --get commit.template [7ms]
2025-05-24 01:28:52.728 [info] > git for-each-ref --format=%(refname)%00%(upstream:short)%00%(objectname)%00%(upstream:track)%00%(upstream:remotename)%00%(upstream:remoteref) refs/heads/feat/auth-lockdown refs/remotes/feat/auth-lockdown [1ms]
2025-05-24 01:28:52.740 [info] > git status -z -uall [7ms]
2025-05-24 01:28:52.742 [info] > git for-each-ref --sort -committerdate --format %(refname)%00%(objectname)%00%(*objectname) [3ms]
2025-05-24 01:28:57.758 [info] > git config --get commit.template [5ms]
2025-05-24 01:28:57.758 [info] > git for-each-ref --format=%(refname)%00%(upstream:short)%00%(objectname)%00%(upstream:track)%00%(upstream:remotename)%00%(upstream:remoteref) refs/heads/feat/auth-lockdown refs/remotes/feat/auth-lockdown [1ms]
2025-05-24 01:28:57.771 [info] > git status -z -uall [7ms]
2025-05-24 01:28:57.774 [info] > git for-each-ref --sort -committerdate --format %(refname)%00%(objectname)%00%(*objectname) [3ms]
2025-05-24 01:29:02.787 [info] > git config --get commit.template [5ms]
2025-05-24 01:29:02.788 [info] > git for-each-ref --format=%(refname)%00%(upstream:short)%00%(objectname)%00%(upstream:track)%00%(upstream:remotename)%00%(upstream:remoteref) refs/heads/feat/auth-lockdown refs/remotes/feat/auth-lockdown [2ms]
2025-05-24 01:29:02.798 [info] > git status -z -uall [6ms]
2025-05-24 01:29:02.801 [info] > git for-each-ref --sort -committerdate --format %(refname)%00%(objectname)%00%(*objectname) [3ms]
2025-05-24 01:29:07.816 [info] > git config --get commit.template [6ms]
2025-05-24 01:29:07.817 [info] > git for-each-ref --format=%(refname)%00%(upstream:short)%00%(objectname)%00%(upstream:track)%00%(upstream:remotename)%00%(upstream:remoteref) refs/heads/feat/auth-lockdown refs/remotes/feat/auth-lockdown [1ms]
2025-05-24 01:29:07.827 [info] > git status -z -uall [4ms]
2025-05-24 01:29:07.829 [info] > git for-each-ref --sort -committerdate --format %(refname)%00%(objectname)%00%(*objectname) [2ms]
2025-05-24 01:29:12.845 [info] > git config --get commit.template [7ms]
2025-05-24 01:29:12.846 [info] > git for-each-ref --format=%(refname)%00%(upstream:short)%00%(objectname)%00%(upstream:track)%00%(upstream:remotename)%00%(upstream:remoteref) refs/heads/feat/auth-lockdown refs/remotes/feat/auth-lockdown [2ms]
2025-05-24 01:29:12.856 [info] > git status -z -uall [6ms]
2025-05-24 01:29:12.859 [info] > git for-each-ref --sort -committerdate --format %(refname)%00%(objectname)%00%(*objectname) [4ms]
2025-05-24 01:29:17.875 [info] > git config --get commit.template [8ms]
2025-05-24 01:29:17.875 [info] > git for-each-ref --format=%(refname)%00%(upstream:short)%00%(objectname)%00%(upstream:track)%00%(upstream:remotename)%00%(upstream:remoteref) refs/heads/feat/auth-lockdown refs/remotes/feat/auth-lockdown [1ms]
2025-05-24 01:29:17.888 [info] > git status -z -uall [6ms]
2025-05-24 01:29:17.891 [info] > git for-each-ref --sort -committerdate --format %(refname)%00%(objectname)%00%(*objectname) [4ms]
2025-05-24 01:29:22.905 [info] > git config --get commit.template [5ms]
2025-05-24 01:29:22.906 [info] > git for-each-ref --format=%(refname)%00%(upstream:short)%00%(objectname)%00%(upstream:track)%00%(upstream:remotename)%00%(upstream:remoteref) refs/heads/feat/auth-lockdown refs/remotes/feat/auth-lockdown [1ms]
2025-05-24 01:29:22.919 [info] > git status -z -uall [7ms]
2025-05-24 01:29:22.922 [info] > git for-each-ref --sort -committerdate --format %(refname)%00%(objectname)%00%(*objectname) [3ms]
2025-05-24 01:29:27.936 [info] > git config --get commit.template [6ms]
2025-05-24 01:29:27.938 [info] > git for-each-ref --format=%(refname)%00%(upstream:short)%00%(objectname)%00%(upstream:track)%00%(upstream:remotename)%00%(upstream:remoteref) refs/heads/feat/auth-lockdown refs/remotes/feat/auth-lockdown [2ms]
2025-05-24 01:29:27.947 [info] > git status -z -uall [5ms]
2025-05-24 01:29:27.949 [info] > git for-each-ref --sort -committerdate --format %(refname)%00%(objectname)%00%(*objectname) [3ms]
2025-05-24 01:29:29.608 [info] > git show --textconv :shared/schema.ts [4ms]
2025-05-24 01:29:29.608 [info] > git ls-files --stage -- shared/schema.ts [1ms]
2025-05-24 01:29:29.613 [info] > git cat-file -s 4e6e2a569e156873e8b96b4011b7b5079168bce6 [1ms]
2025-05-24 01:29:32.965 [info] > git config --get commit.template [6ms]
2025-05-24 01:29:32.966 [info] > git for-each-ref --format=%(refname)%00%(upstream:short)%00%(objectname)%00%(upstream:track)%00%(upstream:remotename)%00%(upstream:remoteref) refs/heads/feat/auth-lockdown refs/remotes/feat/auth-lockdown [2ms]
2025-05-24 01:29:32.980 [info] > git status -z -uall [7ms]
2025-05-24 01:29:32.982 [info] > git for-each-ref --sort -committerdate --format %(refname)%00%(objectname)%00%(*objectname) [3ms]
2025-05-24 01:29:37.996 [info] > git config --get commit.template [6ms]
2025-05-24 01:29:37.997 [info] > git for-each-ref --format=%(refname)%00%(upstream:short)%00%(objectname)%00%(upstream:track)%00%(upstream:remotename)%00%(upstream:remoteref) refs/heads/feat/auth-lockdown refs/remotes/feat/auth-lockdown [2ms]
2025-05-24 01:29:38.008 [info] > git status -z -uall [6ms]
2025-05-24 01:29:38.010 [info] > git for-each-ref --sort -committerdate --format %(refname)%00%(objectname)%00%(*objectname) [2ms]
2025-05-24 01:29:43.025 [info] > git config --get commit.template [6ms]
2025-05-24 01:29:43.026 [info] > git for-each-ref --format=%(refname)%00%(upstream:short)%00%(objectname)%00%(upstream:track)%00%(upstream:remotename)%00%(upstream:remoteref) refs/heads/feat/auth-lockdown refs/remotes/feat/auth-lockdown [1ms]
2025-05-24 01:29:43.037 [info] > git status -z -uall [5ms]
2025-05-24 01:29:43.040 [info] > git for-each-ref --sort -committerdate --format %(refname)%00%(objectname)%00%(*objectname) [3ms]
2025-05-24 01:29:48.056 [info] > git config --get commit.template [8ms]
2025-05-24 01:29:48.057 [info] > git for-each-ref --format=%(refname)%00%(upstream:short)%00%(objectname)%00%(upstream:track)%00%(upstream:remotename)%00%(upstream:remoteref) refs/heads/feat/auth-lockdown refs/remotes/feat/auth-lockdown [1ms]
2025-05-24 01:29:48.069 [info] > git status -z -uall [7ms]
2025-05-24 01:29:48.070 [info] > git for-each-ref --sort -committerdate --format %(refname)%00%(objectname)%00%(*objectname) [3ms]
2025-05-24 01:29:53.086 [info] > git config --get commit.template [7ms]
2025-05-24 01:29:53.086 [info] > git for-each-ref --format=%(refname)%00%(upstream:short)%00%(objectname)%00%(upstream:track)%00%(upstream:remotename)%00%(upstream:remoteref) refs/heads/feat/auth-lockdown refs/remotes/feat/auth-lockdown [1ms]
2025-05-24 01:29:53.097 [info] > git status -z -uall [5ms]
2025-05-24 01:29:53.099 [info] > git for-each-ref --sort -committerdate --format %(refname)%00%(objectname)%00%(*objectname) [2ms]
2025-05-24 01:29:54.728 [info] > git show --textconv :server/lib/business-logic.ts [6ms]
2025-05-24 01:29:54.729 [info] > git ls-files --stage -- server/lib/business-logic.ts [1ms]
2025-05-24 01:29:54.735 [info] > git cat-file -s 014a0dadb2949314f0f2ea463ea7a608cc10f470 [1ms]
2025-05-24 01:29:58.114 [info] > git config --get commit.template [6ms]
2025-05-24 01:29:58.114 [info] > git for-each-ref --format=%(refname)%00%(upstream:short)%00%(objectname)%00%(upstream:track)%00%(upstream:remotename)%00%(upstream:remoteref) refs/heads/feat/auth-lockdown refs/remotes/feat/auth-lockdown [0ms]
2025-05-24 01:29:58.129 [info] > git status -z -uall [9ms]
2025-05-24 01:29:58.130 [info] > git for-each-ref --sort -committerdate --format %(refname)%00%(objectname)%00%(*objectname) [3ms]
2025-05-24 01:30:03.149 [info] > git config --get commit.template [10ms]
2025-05-24 01:30:03.149 [info] > git for-each-ref --format=%(refname)%00%(upstream:short)%00%(objectname)%00%(upstream:track)%00%(upstream:remotename)%00%(upstream:remoteref) refs/heads/feat/auth-lockdown refs/remotes/feat/auth-lockdown [4ms]
2025-05-24 01:30:03.161 [info] > git status -z -uall [6ms]
2025-05-24 01:30:03.162 [info] > git for-each-ref --sort -committerdate --format %(refname)%00%(objectname)%00%(*objectname) [2ms]
2025-05-24 01:30:08.177 [info] > git config --get commit.template [6ms]
2025-05-24 01:30:08.178 [info] > git for-each-ref --format=%(refname)%00%(upstream:short)%00%(objectname)%00%(upstream:track)%00%(upstream:remotename)%00%(upstream:remoteref) refs/heads/feat/auth-lockdown refs/remotes/feat/auth-lockdown [2ms]
2025-05-24 01:30:08.188 [info] > git status -z -uall [5ms]
2025-05-24 01:30:08.190 [info] > git for-each-ref --sort -committerdate --format %(refname)%00%(objectname)%00%(*objectname) [2ms]
2025-05-24 01:30:13.203 [info] > git config --get commit.template [5ms]
2025-05-24 01:30:13.204 [info] > git for-each-ref --format=%(refname)%00%(upstream:short)%00%(objectname)%00%(upstream:track)%00%(upstream:remotename)%00%(upstream:remoteref) refs/heads/feat/auth-lockdown refs/remotes/feat/auth-lockdown [2ms]
2025-05-24 01:30:13.213 [info] > git status -z -uall [5ms]
2025-05-24 01:30:13.215 [info] > git for-each-ref --sort -committerdate --format %(refname)%00%(objectname)%00%(*objectname) [2ms]
2025-05-24 01:30:18.229 [info] > git config --get commit.template [4ms]
2025-05-24 01:30:18.230 [info] > git for-each-ref --format=%(refname)%00%(upstream:short)%00%(objectname)%00%(upstream:track)%00%(upstream:remotename)%00%(upstream:remoteref) refs/heads/feat/auth-lockdown refs/remotes/feat/auth-lockdown [1ms]
2025-05-24 01:30:18.241 [info] > git status -z -uall [6ms]
2025-05-24 01:30:18.243 [info] > git for-each-ref --sort -committerdate --format %(refname)%00%(objectname)%00%(*objectname) [2ms]
2025-05-24 01:30:23.257 [info] > git config --get commit.template [5ms]
2025-05-24 01:30:23.258 [info] > git for-each-ref --format=%(refname)%00%(upstream:short)%00%(objectname)%00%(upstream:track)%00%(upstream:remotename)%00%(upstream:remoteref) refs/heads/feat/auth-lockdown refs/remotes/feat/auth-lockdown [1ms]
2025-05-24 01:30:23.268 [info] > git status -z -uall [5ms]
2025-05-24 01:30:23.271 [info] > git for-each-ref --sort -committerdate --format %(refname)%00%(objectname)%00%(*objectname) [3ms]
2025-05-24 01:30:28.286 [info] > git config --get commit.template [7ms]
2025-05-24 01:30:28.287 [info] > git for-each-ref --format=%(refname)%00%(upstream:short)%00%(objectname)%00%(upstream:track)%00%(upstream:remotename)%00%(upstream:remoteref) refs/heads/feat/auth-lockdown refs/remotes/feat/auth-lockdown [1ms]
2025-05-24 01:30:28.300 [info] > git status -z -uall [8ms]
2025-05-24 01:30:28.302 [info] > git for-each-ref --sort -committerdate --format %(refname)%00%(objectname)%00%(*objectname) [3ms]
2025-05-24 01:30:33.321 [info] > git config --get commit.template [8ms]
2025-05-24 01:30:33.323 [info] > git for-each-ref --format=%(refname)%00%(upstream:short)%00%(objectname)%00%(upstream:track)%00%(upstream:remotename)%00%(upstream:remoteref) refs/heads/feat/auth-lockdown refs/remotes/feat/auth-lockdown [2ms]
2025-05-24 01:30:33.332 [info] > git status -z -uall [5ms]
2025-05-24 01:30:33.336 [info] > git for-each-ref --sort -committerdate --format %(refname)%00%(objectname)%00%(*objectname) [5ms]
2025-05-24 01:30:38.351 [info] > git config --get commit.template [5ms]
2025-05-24 01:30:38.353 [info] > git for-each-ref --format=%(refname)%00%(upstream:short)%00%(objectname)%00%(upstream:track)%00%(upstream:remotename)%00%(upstream:remoteref) refs/heads/feat/auth-lockdown refs/remotes/feat/auth-lockdown [2ms]
2025-05-24 01:30:38.363 [info] > git status -z -uall [6ms]
2025-05-24 01:30:38.365 [info] > git for-each-ref --sort -committerdate --format %(refname)%00%(objectname)%00%(*objectname) [2ms]
2025-05-24 01:30:43.380 [info] > git config --get commit.template [6ms]
2025-05-24 01:30:43.381 [info] > git for-each-ref --format=%(refname)%00%(upstream:short)%00%(objectname)%00%(upstream:track)%00%(upstream:remotename)%00%(upstream:remoteref) refs/heads/feat/auth-lockdown refs/remotes/feat/auth-lockdown [2ms]
2025-05-24 01:30:43.391 [info] > git status -z -uall [5ms]
2025-05-24 01:30:43.394 [info] > git for-each-ref --sort -committerdate --format %(refname)%00%(objectname)%00%(*objectname) [3ms]
2025-05-24 01:30:48.411 [info] > git config --get commit.template [7ms]
2025-05-24 01:30:48.412 [info] > git for-each-ref --format=%(refname)%00%(upstream:short)%00%(objectname)%00%(upstream:track)%00%(upstream:remotename)%00%(upstream:remoteref) refs/heads/feat/auth-lockdown refs/remotes/feat/auth-lockdown [1ms]
2025-05-24 01:30:48.424 [info] > git status -z -uall [6ms]
2025-05-24 01:30:48.426 [info] > git for-each-ref --sort -committerdate --format %(refname)%00%(objectname)%00%(*objectname) [2ms]
2025-05-24 01:30:53.500 [info] > git config --get commit.template [6ms]
2025-05-24 01:30:53.501 [info] > git for-each-ref --format=%(refname)%00%(upstream:short)%00%(objectname)%00%(upstream:track)%00%(upstream:remotename)%00%(upstream:remoteref) refs/heads/feat/auth-lockdown refs/remotes/feat/auth-lockdown [2ms]
2025-05-24 01:30:53.512 [info] > git status -z -uall [6ms]
2025-05-24 01:30:53.515 [info] > git for-each-ref --sort -committerdate --format %(refname)%00%(objectname)%00%(*objectname) [3ms]
2025-05-24 01:30:58.547 [info] > git config --get commit.template [12ms]
2025-05-24 01:30:58.548 [info] > git for-each-ref --format=%(refname)%00%(upstream:short)%00%(objectname)%00%(upstream:track)%00%(upstream:remotename)%00%(upstream:remoteref) refs/heads/feat/auth-lockdown refs/remotes/feat/auth-lockdown [2ms]
2025-05-24 01:30:58.567 [info] > git status -z -uall [11ms]
2025-05-24 01:30:58.573 [info] > git for-each-ref --sort -committerdate --format %(refname)%00%(objectname)%00%(*objectname) [6ms]
2025-05-24 01:31:03.597 [info] > git config --get commit.template [8ms]
2025-05-24 01:31:03.598 [info] > git for-each-ref --format=%(refname)%00%(upstream:short)%00%(objectname)%00%(upstream:track)%00%(upstream:remotename)%00%(upstream:remoteref) refs/heads/feat/auth-lockdown refs/remotes/feat/auth-lockdown [2ms]
2025-05-24 01:31:03.607 [info] > git status -z -uall [5ms]
2025-05-24 01:31:03.609 [info] > git for-each-ref --sort -committerdate --format %(refname)%00%(objectname)%00%(*objectname) [2ms]
2025-05-24 01:31:08.626 [info] > git config --get commit.template [5ms]
2025-05-24 01:31:08.627 [info] > git for-each-ref --format=%(refname)%00%(upstream:short)%00%(objectname)%00%(upstream:track)%00%(upstream:remotename)%00%(upstream:remoteref) refs/heads/feat/auth-lockdown refs/remotes/feat/auth-lockdown [1ms]
2025-05-24 01:31:08.639 [info] > git status -z -uall [6ms]
2025-05-24 01:31:08.641 [info] > git for-each-ref --sort -committerdate --format %(refname)%00%(objectname)%00%(*objectname) [3ms]
2025-05-24 01:31:13.655 [info] > git config --get commit.template [5ms]
2025-05-24 01:31:13.655 [info] > git for-each-ref --format=%(refname)%00%(upstream:short)%00%(objectname)%00%(upstream:track)%00%(upstream:remotename)%00%(upstream:remoteref) refs/heads/feat/auth-lockdown refs/remotes/feat/auth-lockdown [1ms]
2025-05-24 01:31:13.665 [info] > git status -z -uall [6ms]
2025-05-24 01:31:13.668 [info] > git for-each-ref --sort -committerdate --format %(refname)%00%(objectname)%00%(*objectname) [3ms]
2025-05-24 01:31:18.683 [info] > git config --get commit.template [6ms]
2025-05-24 01:31:18.684 [info] > git for-each-ref --format=%(refname)%00%(upstream:short)%00%(objectname)%00%(upstream:track)%00%(upstream:remotename)%00%(upstream:remoteref) refs/heads/feat/auth-lockdown refs/remotes/feat/auth-lockdown [2ms]
2025-05-24 01:31:18.693 [info] > git status -z -uall [4ms]
2025-05-24 01:31:18.696 [info] > git for-each-ref --sort -committerdate --format %(refname)%00%(objectname)%00%(*objectname) [3ms]
2025-05-24 01:31:23.117 [info] > git show --textconv :server/storage.ts [16ms]
2025-05-24 01:31:23.117 [info] > git show --textconv HEAD:server/storage.ts [10ms]
2025-05-24 01:31:23.117 [info] > git ls-files --stage -- server/storage.ts [6ms]
2025-05-24 01:31:23.122 [info] > git ls-tree -l HEAD -- server/storage.ts [7ms]
2025-05-24 01:31:23.122 [info] > git cat-file -s dfd4310b512531d3e72d6bb907416812f07cc924 [1ms]
2025-05-24 01:31:23.720 [info] > git config --get commit.template [8ms]
2025-05-24 01:31:23.722 [info] > git for-each-ref --format=%(refname)%00%(upstream:short)%00%(objectname)%00%(upstream:track)%00%(upstream:remotename)%00%(upstream:remoteref) refs/heads/feat/auth-lockdown refs/remotes/feat/auth-lockdown [2ms]
2025-05-24 01:31:23.743 [info] > git status -z -uall [12ms]
2025-05-24 01:31:23.749 [info] > git for-each-ref --sort -committerdate --format %(refname)%00%(objectname)%00%(*objectname) [6ms]
2025-05-24 01:31:28.763 [info] > git config --get commit.template [5ms]
2025-05-24 01:31:28.764 [info] > git for-each-ref --format=%(refname)%00%(upstream:short)%00%(objectname)%00%(upstream:track)%00%(upstream:remotename)%00%(upstream:remoteref) refs/heads/feat/auth-lockdown refs/remotes/feat/auth-lockdown [1ms]
2025-05-24 01:31:28.774 [info] > git status -z -uall [5ms]
2025-05-24 01:31:28.776 [info] > git for-each-ref --sort -committerdate --format %(refname)%00%(objectname)%00%(*objectname) [2ms]
2025-05-24 01:31:33.789 [info] > git config --get commit.template [5ms]
2025-05-24 01:31:33.789 [info] > git for-each-ref --format=%(refname)%00%(upstream:short)%00%(objectname)%00%(upstream:track)%00%(upstream:remotename)%00%(upstream:remoteref) refs/heads/feat/auth-lockdown refs/remotes/feat/auth-lockdown [1ms]
2025-05-24 01:31:33.799 [info] > git status -z -uall [5ms]
2025-05-24 01:31:33.801 [info] > git for-each-ref --sort -committerdate --format %(refname)%00%(objectname)%00%(*objectname) [3ms]
2025-05-24 01:31:38.820 [info] > git config --get commit.template [9ms]
2025-05-24 01:31:38.823 [info] > git for-each-ref --format=%(refname)%00%(upstream:short)%00%(objectname)%00%(upstream:track)%00%(upstream:remotename)%00%(upstream:remoteref) refs/heads/feat/auth-lockdown refs/remotes/feat/auth-lockdown [3ms]
2025-05-24 01:31:38.838 [info] > git status -z -uall [8ms]
2025-05-24 01:31:38.840 [info] > git for-each-ref --sort -committerdate --format %(refname)%00%(objectname)%00%(*objectname) [3ms]
2025-05-24 01:31:43.857 [info] > git config --get commit.template [6ms]
2025-05-24 01:31:43.858 [info] > git for-each-ref --format=%(refname)%00%(upstream:short)%00%(objectname)%00%(upstream:track)%00%(upstream:remotename)%00%(upstream:remoteref) refs/heads/feat/auth-lockdown refs/remotes/feat/auth-lockdown [2ms]
2025-05-24 01:31:43.868 [info] > git status -z -uall [6ms]
2025-05-24 01:31:43.870 [info] > git for-each-ref --sort -committerdate --format %(refname)%00%(objectname)%00%(*objectname) [3ms]
2025-05-24 01:31:48.883 [info] > git config --get commit.template [5ms]
2025-05-24 01:31:48.884 [info] > git for-each-ref --format=%(refname)%00%(upstream:short)%00%(objectname)%00%(upstream:track)%00%(upstream:remotename)%00%(upstream:remoteref) refs/heads/feat/auth-lockdown refs/remotes/feat/auth-lockdown [2ms]
2025-05-24 01:31:48.892 [info] > git status -z -uall [5ms]
2025-05-24 01:31:48.894 [info] > git for-each-ref --sort -committerdate --format %(refname)%00%(objectname)%00%(*objectname) [2ms]
2025-05-24 01:31:53.909 [info] > git config --get commit.template [6ms]
2025-05-24 01:31:53.910 [info] > git for-each-ref --format=%(refname)%00%(upstream:short)%00%(objectname)%00%(upstream:track)%00%(upstream:remotename)%00%(upstream:remoteref) refs/heads/feat/auth-lockdown refs/remotes/feat/auth-lockdown [2ms]
2025-05-24 01:31:53.920 [info] > git status -z -uall [5ms]
2025-05-24 01:31:53.922 [info] > git for-each-ref --sort -committerdate --format %(refname)%00%(objectname)%00%(*objectname) [2ms]
2025-05-24 01:31:58.935 [info] > git config --get commit.template [4ms]
2025-05-24 01:31:58.935 [info] > git for-each-ref --format=%(refname)%00%(upstream:short)%00%(objectname)%00%(upstream:track)%00%(upstream:remotename)%00%(upstream:remoteref) refs/heads/feat/auth-lockdown refs/remotes/feat/auth-lockdown [1ms]
2025-05-24 01:31:58.946 [info] > git status -z -uall [6ms]
2025-05-24 01:31:58.948 [info] > git for-each-ref --sort -committerdate --format %(refname)%00%(objectname)%00%(*objectname) [3ms]
2025-05-24 01:32:03.966 [info] > git config --get commit.template [8ms]
2025-05-24 01:32:03.967 [info] > git for-each-ref --format=%(refname)%00%(upstream:short)%00%(objectname)%00%(upstream:track)%00%(upstream:remotename)%00%(upstream:remoteref) refs/heads/feat/auth-lockdown refs/remotes/feat/auth-lockdown [2ms]
2025-05-24 01:32:03.977 [info] > git status -z -uall [5ms]
2025-05-24 01:32:03.980 [info] > git for-each-ref --sort -committerdate --format %(refname)%00%(objectname)%00%(*objectname) [3ms]
2025-05-24 01:32:08.992 [info] > git config --get commit.template [4ms]
2025-05-24 01:32:08.993 [info] > git for-each-ref --format=%(refname)%00%(upstream:short)%00%(objectname)%00%(upstream:track)%00%(upstream:remotename)%00%(upstream:remoteref) refs/heads/feat/auth-lockdown refs/remotes/feat/auth-lockdown [1ms]
2025-05-24 01:32:09.006 [info] > git status -z -uall [7ms]
2025-05-24 01:32:09.007 [info] > git for-each-ref --sort -committerdate --format %(refname)%00%(objectname)%00%(*objectname) [2ms]
2025-05-24 01:32:14.025 [info] > git config --get commit.template [7ms]
2025-05-24 01:32:14.026 [info] > git for-each-ref --format=%(refname)%00%(upstream:short)%00%(objectname)%00%(upstream:track)%00%(upstream:remotename)%00%(upstream:remoteref) refs/heads/feat/auth-lockdown refs/remotes/feat/auth-lockdown [1ms]
2025-05-24 01:32:14.038 [info] > git status -z -uall [6ms]
2025-05-24 01:32:14.043 [info] > git for-each-ref --sort -committerdate --format %(refname)%00%(objectname)%00%(*objectname) [5ms]
2025-05-24 01:32:19.062 [info] > git config --get commit.template [6ms]
2025-05-24 01:32:19.063 [info] > git for-each-ref --format=%(refname)%00%(upstream:short)%00%(objectname)%00%(upstream:track)%00%(upstream:remotename)%00%(upstream:remoteref) refs/heads/feat/auth-lockdown refs/remotes/feat/auth-lockdown [1ms]
2025-05-24 01:32:19.073 [info] > git status -z -uall [6ms]
2025-05-24 01:32:19.075 [info] > git for-each-ref --sort -committerdate --format %(refname)%00%(objectname)%00%(*objectname) [3ms]
2025-05-24 01:32:24.087 [info] > git config --get commit.template [4ms]
2025-05-24 01:32:24.088 [info] > git for-each-ref --format=%(refname)%00%(upstream:short)%00%(objectname)%00%(upstream:track)%00%(upstream:remotename)%00%(upstream:remoteref) refs/heads/feat/auth-lockdown refs/remotes/feat/auth-lockdown [1ms]
2025-05-24 01:32:24.097 [info] > git status -z -uall [5ms]
2025-05-24 01:32:24.099 [info] > git for-each-ref --sort -committerdate --format %(refname)%00%(objectname)%00%(*objectname) [2ms]
2025-05-24 01:32:29.114 [info] > git config --get commit.template [6ms]
2025-05-24 01:32:29.115 [info] > git for-each-ref --format=%(refname)%00%(upstream:short)%00%(objectname)%00%(upstream:track)%00%(upstream:remotename)%00%(upstream:remoteref) refs/heads/feat/auth-lockdown refs/remotes/feat/auth-lockdown [1ms]
2025-05-24 01:32:29.127 [info] > git status -z -uall [7ms]
2025-05-24 01:32:29.130 [info] > git for-each-ref --sort -committerdate --format %(refname)%00%(objectname)%00%(*objectname) [3ms]
2025-05-24 01:32:34.145 [info] > git config --get commit.template [5ms]
2025-05-24 01:32:34.146 [info] > git for-each-ref --format=%(refname)%00%(upstream:short)%00%(objectname)%00%(upstream:track)%00%(upstream:remotename)%00%(upstream:remoteref) refs/heads/feat/auth-lockdown refs/remotes/feat/auth-lockdown [2ms]
2025-05-24 01:32:34.157 [info] > git status -z -uall [8ms]
2025-05-24 01:32:34.157 [info] > git for-each-ref --sort -committerdate --format %(refname)%00%(objectname)%00%(*objectname) [2ms]
2025-05-24 01:32:39.175 [info] > git config --get commit.template [7ms]
2025-05-24 01:32:39.176 [info] > git for-each-ref --format=%(refname)%00%(upstream:short)%00%(objectname)%00%(upstream:track)%00%(upstream:remotename)%00%(upstream:remoteref) refs/heads/feat/auth-lockdown refs/remotes/feat/auth-lockdown [1ms]
2025-05-24 01:32:39.186 [info] > git status -z -uall [5ms]
2025-05-24 01:32:39.188 [info] > git for-each-ref --sort -committerdate --format %(refname)%00%(objectname)%00%(*objectname) [3ms]
2025-05-24 01:32:44.199 [info] > git config --get commit.template [2ms]
2025-05-24 01:32:44.206 [info] > git for-each-ref --format=%(refname)%00%(upstream:short)%00%(objectname)%00%(upstream:track)%00%(upstream:remotename)%00%(upstream:remoteref) refs/heads/feat/auth-lockdown refs/remotes/feat/auth-lockdown [1ms]
2025-05-24 01:32:44.216 [info] > git status -z -uall [5ms]
2025-05-24 01:32:44.218 [info] > git for-each-ref --sort -committerdate --format %(refname)%00%(objectname)%00%(*objectname) [2ms]
2025-05-24 01:32:49.232 [info] > git config --get commit.template [5ms]
2025-05-24 01:32:49.233 [info] > git for-each-ref --format=%(refname)%00%(upstream:short)%00%(objectname)%00%(upstream:track)%00%(upstream:remotename)%00%(upstream:remoteref) refs/heads/feat/auth-lockdown refs/remotes/feat/auth-lockdown [1ms]
2025-05-24 01:32:49.245 [info] > git status -z -uall [6ms]
2025-05-24 01:32:49.247 [info] > git for-each-ref --sort -committerdate --format %(refname)%00%(objectname)%00%(*objectname) [2ms]
2025-05-24 01:32:54.261 [info] > git config --get commit.template [5ms]
2025-05-24 01:32:54.262 [info] > git for-each-ref --format=%(refname)%00%(upstream:short)%00%(objectname)%00%(upstream:track)%00%(upstream:remotename)%00%(upstream:remoteref) refs/heads/feat/auth-lockdown refs/remotes/feat/auth-lockdown [1ms]
2025-05-24 01:32:54.272 [info] > git status -z -uall [5ms]
2025-05-24 01:32:54.274 [info] > git for-each-ref --sort -committerdate --format %(refname)%00%(objectname)%00%(*objectname) [2ms]
2025-05-24 01:32:59.289 [info] > git config --get commit.template [5ms]
2025-05-24 01:32:59.290 [info] > git for-each-ref --format=%(refname)%00%(upstream:short)%00%(objectname)%00%(upstream:track)%00%(upstream:remotename)%00%(upstream:remoteref) refs/heads/feat/auth-lockdown refs/remotes/feat/auth-lockdown [2ms]
2025-05-24 01:32:59.298 [info] > git status -z -uall [4ms]
2025-05-24 01:32:59.301 [info] > git for-each-ref --sort -committerdate --format %(refname)%00%(objectname)%00%(*objectname) [3ms]
2025-05-24 01:33:04.315 [info] > git config --get commit.template [6ms]
2025-05-24 01:33:04.316 [info] > git for-each-ref --format=%(refname)%00%(upstream:short)%00%(objectname)%00%(upstream:track)%00%(upstream:remotename)%00%(upstream:remoteref) refs/heads/feat/auth-lockdown refs/remotes/feat/auth-lockdown [2ms]
2025-05-24 01:33:04.325 [info] > git status -z -uall [5ms]
2025-05-24 01:33:04.327 [info] > git for-each-ref --sort -committerdate --format %(refname)%00%(objectname)%00%(*objectname) [3ms]
2025-05-24 01:33:09.341 [info] > git config --get commit.template [6ms]
2025-05-24 01:33:09.342 [info] > git for-each-ref --format=%(refname)%00%(upstream:short)%00%(objectname)%00%(upstream:track)%00%(upstream:remotename)%00%(upstream:remoteref) refs/heads/feat/auth-lockdown refs/remotes/feat/auth-lockdown [1ms]
2025-05-24 01:33:09.354 [info] > git status -z -uall [6ms]
2025-05-24 01:33:09.355 [info] > git for-each-ref --sort -committerdate --format %(refname)%00%(objectname)%00%(*objectname) [2ms]
2025-05-24 01:33:14.369 [info] > git config --get commit.template [5ms]
2025-05-24 01:33:14.369 [info] > git for-each-ref --format=%(refname)%00%(upstream:short)%00%(objectname)%00%(upstream:track)%00%(upstream:remotename)%00%(upstream:remoteref) refs/heads/feat/auth-lockdown refs/remotes/feat/auth-lockdown [1ms]
2025-05-24 01:33:14.381 [info] > git status -z -uall [6ms]
2025-05-24 01:33:14.383 [info] > git for-each-ref --sort -committerdate --format %(refname)%00%(objectname)%00%(*objectname) [2ms]
2025-05-24 01:33:19.397 [info] > git config --get commit.template [5ms]
2025-05-24 01:33:19.397 [info] > git for-each-ref --format=%(refname)%00%(upstream:short)%00%(objectname)%00%(upstream:track)%00%(upstream:remotename)%00%(upstream:remoteref) refs/heads/feat/auth-lockdown refs/remotes/feat/auth-lockdown [1ms]
2025-05-24 01:33:19.408 [info] > git status -z -uall [6ms]
2025-05-24 01:33:19.410 [info] > git for-each-ref --sort -committerdate --format %(refname)%00%(objectname)%00%(*objectname) [3ms]
2025-05-24 01:33:24.422 [info] > git config --get commit.template [4ms]
2025-05-24 01:33:24.423 [info] > git for-each-ref --format=%(refname)%00%(upstream:short)%00%(objectname)%00%(upstream:track)%00%(upstream:remotename)%00%(upstream:remoteref) refs/heads/feat/auth-lockdown refs/remotes/feat/auth-lockdown [2ms]
2025-05-24 01:33:24.431 [info] > git status -z -uall [5ms]
2025-05-24 01:33:24.433 [info] > git for-each-ref --sort -committerdate --format %(refname)%00%(objectname)%00%(*objectname) [2ms]
2025-05-24 01:33:29.448 [info] > git config --get commit.template [6ms]
2025-05-24 01:33:29.449 [info] > git for-each-ref --format=%(refname)%00%(upstream:short)%00%(objectname)%00%(upstream:track)%00%(upstream:remotename)%00%(upstream:remoteref) refs/heads/feat/auth-lockdown refs/remotes/feat/auth-lockdown [1ms]
2025-05-24 01:33:29.459 [info] > git status -z -uall [5ms]
2025-05-24 01:33:29.461 [info] > git for-each-ref --sort -committerdate --format %(refname)%00%(objectname)%00%(*objectname) [2ms]
2025-05-24 01:33:34.473 [info] > git config --get commit.template [4ms]
2025-05-24 01:33:34.474 [info] > git for-each-ref --format=%(refname)%00%(upstream:short)%00%(objectname)%00%(upstream:track)%00%(upstream:remotename)%00%(upstream:remoteref) refs/heads/feat/auth-lockdown refs/remotes/feat/auth-lockdown [1ms]
2025-05-24 01:33:34.483 [info] > git status -z -uall [4ms]
2025-05-24 01:33:34.485 [info] > git for-each-ref --sort -committerdate --format %(refname)%00%(objectname)%00%(*objectname) [2ms]
2025-05-24 01:34:46.699 [info] > git check-ignore -v -z --stdin [1ms]
2025-05-24 01:35:03.100 [info] > git show --textconv :server/__tests__/purchase-goal.test.ts [16ms]
2025-05-24 01:35:03.100 [warning] [GitFileSystemProvider][readFile] File not found - git:/home/runner/workspace/server/__tests__/purchase-goal.test.ts.git?%7B%22path%22%3A%22%2Fhome%2Frunner%2Fworkspace%2Fserver%2F__tests__%2Fpurchase-goal.test.ts%22%2C%22ref%22%3A%22%22%7D
2025-05-24 01:35:03.101 [info] > git ls-files --stage -- server/__tests__/purchase-goal.test.ts [2ms]
2025-05-24 01:35:03.102 [warning] [GitFileSystemProvider][stat] File not found - git:/home/runner/workspace/server/__tests__/purchase-goal.test.ts.git?%7B%22path%22%3A%22%2Fhome%2Frunner%2Fworkspace%2Fserver%2F__tests__%2Fpurchase-goal.test.ts%22%2C%22ref%22%3A%22%22%7D
2025-05-24 01:37:46.146 [info] > git show --textconv :client/src/components/progress-card.tsx [7ms]
2025-05-24 01:37:46.147 [info] > git ls-files --stage -- client/src/components/progress-card.tsx [1ms]
2025-05-24 01:37:46.154 [info] > git cat-file -s f8a8fc9102e30c591a7ac3476b8b0b1cd39b0f2c [1ms]
