2025-05-24 22:00:41.111 [info] [main] Log level: Info
2025-05-24 22:00:41.111 [info] [main] Validating found git in: "git"
2025-05-24 22:00:41.111 [info] [main] Using git "2.47.2" from "git"
2025-05-24 22:00:41.111 [info] [Model][doInitialScan] Initial repository scan started
2025-05-24 22:00:41.111 [info] > git rev-parse --show-toplevel [1055ms]
2025-05-24 22:00:41.111 [info] fatal: not a git repository (or any parent up to mount point /home)
Stopping at filesystem boundary (GIT_DISCOVERY_ACROSS_FILESYSTEM not set).
2025-05-24 22:00:41.111 [info] > git rev-parse --show-toplevel [418ms]
2025-05-24 22:00:41.111 [info] fatal: not a git repository (or any parent up to mount point /home)
Stopping at filesystem boundary (GIT_DISCOVERY_ACROSS_FILESYSTEM not set).
2025-05-24 22:00:41.129 [info] > git rev-parse --show-toplevel [11ms]
2025-05-24 22:00:41.129 [info] fatal: not a git repository (or any parent up to mount point /home)
Stopping at filesystem boundary (GIT_DISCOVERY_ACROSS_FILESYSTEM not set).
2025-05-24 22:00:41.141 [info] > git rev-parse --show-toplevel [2ms]
2025-05-24 22:00:41.141 [info] fatal: not a git repository (or any parent up to mount point /home)
Stopping at filesystem boundary (GIT_DISCOVERY_ACROSS_FILESYSTEM not set).
2025-05-24 22:00:41.150 [info] > git rev-parse --show-toplevel [1ms]
2025-05-24 22:00:41.150 [info] fatal: not a git repository (or any parent up to mount point /home)
Stopping at filesystem boundary (GIT_DISCOVERY_ACROSS_FILESYSTEM not set).
2025-05-24 22:00:41.176 [info] > git rev-parse --show-toplevel [15ms]
2025-05-24 22:00:41.176 [info] fatal: not a git repository (or any parent up to mount point /home)
Stopping at filesystem boundary (GIT_DISCOVERY_ACROSS_FILESYSTEM not set).
2025-05-24 22:00:41.186 [info] > git rev-parse --show-toplevel [3ms]
2025-05-24 22:00:41.200 [info] > git rev-parse --git-dir --git-common-dir [3ms]
2025-05-24 22:00:41.219 [info] [Model][openRepository] Opened repository (path): /home/runner/workspace
2025-05-24 22:00:41.219 [info] [Model][openRepository] Opened repository (real path): /home/runner/workspace
2025-05-24 22:00:41.223 [info] [Model][doInitialScan] Initial repository scan completed - repositories (1), closed repositories (0), parent repositories (0), unsafe repositories (0)
2025-05-24 22:00:41.236 [info] > git config --get commit.template [4ms]
2025-05-24 22:00:41.257 [info] > git for-each-ref --format=%(refname)%00%(upstream:short)%00%(objectname)%00%(upstream:track)%00%(upstream:remotename)%00%(upstream:remoteref) refs/heads/feat/auth-lockdown refs/remotes/feat/auth-lockdown [15ms]
2025-05-24 22:00:41.282 [info] > git status -z -uall [12ms]
2025-05-24 22:00:41.285 [info] > git for-each-ref --sort -committerdate --format %(refname)%00%(objectname)%00%(*objectname) [9ms]
2025-05-24 22:00:41.445 [info] > git for-each-ref --format=%(refname)%00%(upstream:short)%00%(objectname)%00%(upstream:track)%00%(upstream:remotename)%00%(upstream:remoteref) refs/heads/feat/auth-lockdown refs/remotes/feat/auth-lockdown [105ms]
2025-05-24 22:00:41.454 [info] > git config --get commit.template [10ms]
2025-05-24 22:00:41.629 [info] > git config --get --local branch.feat/auth-lockdown.vscode-merge-base [179ms]
2025-05-24 22:00:41.646 [info] > git fetch [428ms]
2025-05-24 22:00:41.653 [info] > git for-each-ref --format=%(refname)%00%(upstream:short)%00%(objectname)%00%(upstream:track)%00%(upstream:remotename)%00%(upstream:remoteref) refs/heads/origin/chore/sync-lockfile refs/remotes/origin/chore/sync-lockfile [18ms]
2025-05-24 22:00:41.664 [info] > git merge-base refs/heads/feat/auth-lockdown refs/remotes/origin/feat/auth-lockdown [5ms]
2025-05-24 22:00:41.670 [info] > git config --get commit.template [17ms]
2025-05-24 22:00:41.671 [info] > git for-each-ref --format=%(refname)%00%(upstream:short)%00%(objectname)%00%(upstream:track)%00%(upstream:remotename)%00%(upstream:remoteref) refs/heads/feat/auth-lockdown refs/remotes/feat/auth-lockdown [28ms]
2025-05-24 22:00:41.682 [info] > git diff --name-status -z --diff-filter=ADMR 09247752de852996074610f828be52d5d4411a23...refs/remotes/origin/feat/auth-lockdown [12ms]
2025-05-24 22:00:41.686 [info] > git for-each-ref --format=%(refname)%00%(upstream:short)%00%(objectname)%00%(upstream:track)%00%(upstream:remotename)%00%(upstream:remoteref) refs/heads/feat/auth-lockdown refs/remotes/feat/auth-lockdown [7ms]
2025-05-24 22:00:41.713 [info] > git config --get commit.template [22ms]
2025-05-24 22:00:41.716 [info] > git for-each-ref --format=%(refname)%00%(upstream:short)%00%(objectname)%00%(upstream:track)%00%(upstream:remotename)%00%(upstream:remoteref) refs/heads/feat/auth-lockdown refs/remotes/feat/auth-lockdown [12ms]
2025-05-24 22:00:42.078 [info] > git status -z -uall [264ms]
2025-05-24 22:00:42.078 [info] > git for-each-ref --sort -committerdate --format %(refname)%00%(objectname)%00%(*objectname) [257ms]
2025-05-24 22:00:42.409 [info] > git check-ignore -v -z --stdin [66ms]
2025-05-24 22:00:43.314 [info] > git config --get --local branch.feat/auth-lockdown.github-pr-owner-number [250ms]
2025-05-24 22:00:43.314 [warning] [Git][config] git config failed: Failed to execute git
2025-05-24 22:01:10.734 [info] > git config --get commit.template [5ms]
2025-05-24 22:01:10.735 [info] > git for-each-ref --format=%(refname)%00%(upstream:short)%00%(objectname)%00%(upstream:track)%00%(upstream:remotename)%00%(upstream:remoteref) refs/heads/feat/auth-lockdown refs/remotes/feat/auth-lockdown [2ms]
2025-05-24 22:01:10.745 [info] > git status -z -uall [5ms]
2025-05-24 22:01:10.747 [info] > git for-each-ref --sort -committerdate --format %(refname)%00%(objectname)%00%(*objectname) [2ms]
2025-05-24 22:01:11.535 [info] > git check-ignore -v -z --stdin [2ms]
2025-05-24 22:01:15.764 [info] > git config --get commit.template [6ms]
2025-05-24 22:01:15.766 [info] > git for-each-ref --format=%(refname)%00%(upstream:short)%00%(objectname)%00%(upstream:track)%00%(upstream:remotename)%00%(upstream:remoteref) refs/heads/feat/auth-lockdown refs/remotes/feat/auth-lockdown [2ms]
2025-05-24 22:01:15.776 [info] > git status -z -uall [5ms]
2025-05-24 22:01:15.779 [info] > git for-each-ref --sort -committerdate --format %(refname)%00%(objectname)%00%(*objectname) [3ms]
2025-05-24 22:01:20.816 [info] > git config --get commit.template [9ms]
2025-05-24 22:01:20.835 [info] > git for-each-ref --format=%(refname)%00%(upstream:short)%00%(objectname)%00%(upstream:track)%00%(upstream:remotename)%00%(upstream:remoteref) refs/heads/feat/auth-lockdown refs/remotes/feat/auth-lockdown [3ms]
2025-05-24 22:01:20.863 [info] > git status -z -uall [14ms]
2025-05-24 22:01:20.871 [info] > git for-each-ref --sort -committerdate --format %(refname)%00%(objectname)%00%(*objectname) [10ms]
2025-05-24 22:01:25.899 [info] > git config --get commit.template [9ms]
2025-05-24 22:01:25.900 [info] > git for-each-ref --format=%(refname)%00%(upstream:short)%00%(objectname)%00%(upstream:track)%00%(upstream:remotename)%00%(upstream:remoteref) refs/heads/feat/auth-lockdown refs/remotes/feat/auth-lockdown [3ms]
2025-05-24 22:01:25.918 [info] > git status -z -uall [11ms]
2025-05-24 22:01:25.920 [info] > git for-each-ref --sort -committerdate --format %(refname)%00%(objectname)%00%(*objectname) [3ms]
2025-05-24 22:01:30.939 [info] > git config --get commit.template [6ms]
2025-05-24 22:01:30.939 [info] > git for-each-ref --format=%(refname)%00%(upstream:short)%00%(objectname)%00%(upstream:track)%00%(upstream:remotename)%00%(upstream:remoteref) refs/heads/feat/auth-lockdown refs/remotes/feat/auth-lockdown [1ms]
2025-05-24 22:01:30.952 [info] > git status -z -uall [7ms]
2025-05-24 22:01:30.954 [info] > git for-each-ref --sort -committerdate --format %(refname)%00%(objectname)%00%(*objectname) [3ms]
2025-05-24 22:01:31.987 [info] > git for-each-ref --sort -committerdate --format %(refname)%00%(objectname)%00%(*objectname)%00%(parent)%00%(*parent)%00%(authorname)%00%(*authorname)%00%(committerdate:unix)%00%(*committerdate:unix)%00%(subject)%00%(*subject)%00%(upstream:track) [6ms]
2025-05-24 22:01:35.973 [info] > git config --get commit.template [4ms]
2025-05-24 22:01:35.974 [info] > git for-each-ref --format=%(refname)%00%(upstream:short)%00%(objectname)%00%(upstream:track)%00%(upstream:remotename)%00%(upstream:remoteref) refs/heads/feat/auth-lockdown refs/remotes/feat/auth-lockdown [1ms]
2025-05-24 22:01:35.986 [info] > git status -z -uall [6ms]
2025-05-24 22:01:35.990 [info] > git for-each-ref --sort -committerdate --format %(refname)%00%(objectname)%00%(*objectname) [4ms]
2025-05-24 22:01:41.008 [info] > git config --get commit.template [6ms]
2025-05-24 22:01:41.009 [info] > git for-each-ref --format=%(refname)%00%(upstream:short)%00%(objectname)%00%(upstream:track)%00%(upstream:remotename)%00%(upstream:remoteref) refs/heads/feat/auth-lockdown refs/remotes/feat/auth-lockdown [2ms]
2025-05-24 22:01:41.021 [info] > git status -z -uall [7ms]
2025-05-24 22:01:41.022 [info] > git for-each-ref --sort -committerdate --format %(refname)%00%(objectname)%00%(*objectname) [3ms]
2025-05-24 22:01:46.039 [info] > git config --get commit.template [8ms]
2025-05-24 22:01:46.040 [info] > git for-each-ref --format=%(refname)%00%(upstream:short)%00%(objectname)%00%(upstream:track)%00%(upstream:remotename)%00%(upstream:remoteref) refs/heads/feat/auth-lockdown refs/remotes/feat/auth-lockdown [2ms]
2025-05-24 22:01:46.053 [info] > git status -z -uall [7ms]
2025-05-24 22:01:46.054 [info] > git for-each-ref --sort -committerdate --format %(refname)%00%(objectname)%00%(*objectname) [2ms]
2025-05-24 22:01:51.074 [info] > git config --get commit.template [8ms]
2025-05-24 22:01:51.075 [info] > git for-each-ref --format=%(refname)%00%(upstream:short)%00%(objectname)%00%(upstream:track)%00%(upstream:remotename)%00%(upstream:remoteref) refs/heads/feat/auth-lockdown refs/remotes/feat/auth-lockdown [2ms]
2025-05-24 22:01:51.089 [info] > git status -z -uall [9ms]
2025-05-24 22:01:51.091 [info] > git for-each-ref --sort -committerdate --format %(refname)%00%(objectname)%00%(*objectname) [3ms]
2025-05-24 22:01:56.110 [info] > git config --get commit.template [5ms]
2025-05-24 22:01:56.111 [info] > git for-each-ref --format=%(refname)%00%(upstream:short)%00%(objectname)%00%(upstream:track)%00%(upstream:remotename)%00%(upstream:remoteref) refs/heads/feat/auth-lockdown refs/remotes/feat/auth-lockdown [2ms]
2025-05-24 22:01:56.121 [info] > git status -z -uall [4ms]
2025-05-24 22:01:56.123 [info] > git for-each-ref --sort -committerdate --format %(refname)%00%(objectname)%00%(*objectname) [2ms]
2025-05-24 22:02:01.140 [info] > git config --get commit.template [6ms]
2025-05-24 22:02:01.141 [info] > git for-each-ref --format=%(refname)%00%(upstream:short)%00%(objectname)%00%(upstream:track)%00%(upstream:remotename)%00%(upstream:remoteref) refs/heads/feat/auth-lockdown refs/remotes/feat/auth-lockdown [1ms]
2025-05-24 22:02:01.151 [info] > git status -z -uall [5ms]
2025-05-24 22:02:01.154 [info] > git for-each-ref --sort -committerdate --format %(refname)%00%(objectname)%00%(*objectname) [2ms]
2025-05-24 22:02:08.846 [info] > git config --get commit.template [6ms]
2025-05-24 22:02:08.847 [info] > git for-each-ref --format=%(refname)%00%(upstream:short)%00%(objectname)%00%(upstream:track)%00%(upstream:remotename)%00%(upstream:remoteref) refs/heads/feat/auth-lockdown refs/remotes/feat/auth-lockdown [2ms]
2025-05-24 22:02:08.861 [info] > git status -z -uall [8ms]
2025-05-24 22:02:08.863 [info] > git for-each-ref --sort -committerdate --format %(refname)%00%(objectname)%00%(*objectname) [4ms]
2025-05-24 22:02:13.877 [info] > git config --get commit.template [5ms]
2025-05-24 22:02:13.878 [info] > git for-each-ref --format=%(refname)%00%(upstream:short)%00%(objectname)%00%(upstream:track)%00%(upstream:remotename)%00%(upstream:remoteref) refs/heads/feat/auth-lockdown refs/remotes/feat/auth-lockdown [1ms]
2025-05-24 22:02:13.889 [info] > git status -z -uall [6ms]
2025-05-24 22:02:13.891 [info] > git for-each-ref --sort -committerdate --format %(refname)%00%(objectname)%00%(*objectname) [2ms]
2025-05-24 22:02:21.824 [info] > git config --get commit.template [3ms]
2025-05-24 22:02:21.831 [info] > git for-each-ref --format=%(refname)%00%(upstream:short)%00%(objectname)%00%(upstream:track)%00%(upstream:remotename)%00%(upstream:remoteref) refs/heads/feat/auth-lockdown refs/remotes/feat/auth-lockdown [1ms]
2025-05-24 22:02:21.842 [info] > git status -z -uall [6ms]
2025-05-24 22:02:21.845 [info] > git for-each-ref --sort -committerdate --format %(refname)%00%(objectname)%00%(*objectname) [3ms]
2025-05-24 22:02:26.862 [info] > git config --get commit.template [5ms]
2025-05-24 22:02:26.862 [info] > git for-each-ref --format=%(refname)%00%(upstream:short)%00%(objectname)%00%(upstream:track)%00%(upstream:remotename)%00%(upstream:remoteref) refs/heads/feat/auth-lockdown refs/remotes/feat/auth-lockdown [1ms]
2025-05-24 22:02:26.875 [info] > git status -z -uall [6ms]
2025-05-24 22:02:26.877 [info] > git for-each-ref --sort -committerdate --format %(refname)%00%(objectname)%00%(*objectname) [2ms]
2025-05-24 22:02:31.891 [info] > git config --get commit.template [6ms]
2025-05-24 22:02:31.892 [info] > git for-each-ref --format=%(refname)%00%(upstream:short)%00%(objectname)%00%(upstream:track)%00%(upstream:remotename)%00%(upstream:remoteref) refs/heads/feat/auth-lockdown refs/remotes/feat/auth-lockdown [2ms]
2025-05-24 22:02:31.909 [info] > git status -z -uall [11ms]
2025-05-24 22:02:31.910 [info] > git for-each-ref --sort -committerdate --format %(refname)%00%(objectname)%00%(*objectname) [2ms]
2025-05-24 22:02:36.928 [info] > git config --get commit.template [5ms]
2025-05-24 22:02:36.929 [info] > git for-each-ref --format=%(refname)%00%(upstream:short)%00%(objectname)%00%(upstream:track)%00%(upstream:remotename)%00%(upstream:remoteref) refs/heads/feat/auth-lockdown refs/remotes/feat/auth-lockdown [2ms]
2025-05-24 22:02:36.946 [info] > git status -z -uall [12ms]
2025-05-24 22:02:36.951 [info] > git for-each-ref --sort -committerdate --format %(refname)%00%(objectname)%00%(*objectname) [6ms]
