2025-05-25 05:13:14.844 [info] [main] Log level: Info
2025-05-25 05:13:14.844 [info] [main] Validating found git in: "git"
2025-05-25 05:13:14.845 [info] [main] Using git "2.47.2" from "git"
2025-05-25 05:13:14.845 [info] [Model][doInitialScan] Initial repository scan started
2025-05-25 05:13:14.846 [info] > git rev-parse --show-toplevel [102ms]
2025-05-25 05:13:14.846 [info] > git rev-parse --git-dir --git-common-dir [643ms]
2025-05-25 05:13:14.846 [info] [Model][openRepository] Opened repository (path): /home/runner/workspace
2025-05-25 05:13:14.847 [info] [Model][openRepository] Opened repository (real path): /home/runner/workspace
2025-05-25 05:13:14.847 [info] > git rev-parse --show-toplevel [95ms]
2025-05-25 05:13:14.848 [info] > git config --get commit.template [99ms]
2025-05-25 05:13:15.225 [info] > git for-each-ref --format=%(refname)%00%(upstream:short)%00%(objectname)%00%(upstream:track)%00%(upstream:remotename)%00%(upstream:remoteref) refs/heads/feat/auth-lockdown refs/remotes/feat/auth-lockdown [266ms]
2025-05-25 05:13:16.251 [info] > git check-ignore -v -z --stdin [104ms]
2025-05-25 05:13:16.252 [info] > git status -z -uall [87ms]
2025-05-25 05:13:16.733 [info] > git for-each-ref --sort -committerdate --format %(refname)%00%(objectname)%00%(*objectname) [506ms]
2025-05-25 05:13:16.794 [info] > git for-each-ref --format=%(refname)%00%(upstream:short)%00%(objectname)%00%(upstream:track)%00%(upstream:remotename)%00%(upstream:remoteref) refs/heads/feat/auth-lockdown refs/remotes/feat/auth-lockdown [34ms]
2025-05-25 05:13:17.115 [info] > git config --get --local branch.feat/auth-lockdown.vscode-merge-base [265ms]
2025-05-25 05:13:17.184 [info] > git for-each-ref --format=%(refname)%00%(upstream:short)%00%(objectname)%00%(upstream:track)%00%(upstream:remotename)%00%(upstream:remoteref) refs/heads/origin/chore/sync-lockfile refs/remotes/origin/chore/sync-lockfile [60ms]
2025-05-25 05:13:17.203 [info] > git config --get commit.template [253ms]
2025-05-25 05:13:17.257 [info] > git merge-base refs/heads/feat/auth-lockdown refs/remotes/origin/feat/auth-lockdown [55ms]
2025-05-25 05:13:17.578 [info] > git diff --name-status -z --diff-filter=ADMR 09247752de852996074610f828be52d5d4411a23...refs/remotes/origin/feat/auth-lockdown [289ms]
2025-05-25 05:13:17.581 [info] > git rev-parse --show-toplevel [327ms]
2025-05-25 05:13:17.582 [info] > git for-each-ref --format=%(refname)%00%(upstream:short)%00%(objectname)%00%(upstream:track)%00%(upstream:remotename)%00%(upstream:remoteref) refs/heads/feat/auth-lockdown refs/remotes/feat/auth-lockdown [366ms]
2025-05-25 05:13:17.607 [info] > git rev-parse --show-toplevel [14ms]
2025-05-25 05:13:18.209 [info] > git status -z -uall [585ms]
2025-05-25 05:13:18.209 [info] > git for-each-ref --sort -committerdate --format %(refname)%00%(objectname)%00%(*objectname) [579ms]
2025-05-25 05:13:18.215 [info] > git rev-parse --show-toplevel [596ms]
2025-05-25 05:13:18.224 [info] > git rev-parse --show-toplevel [2ms]
2025-05-25 05:13:18.232 [info] > git rev-parse --show-toplevel [1ms]
2025-05-25 05:13:18.240 [info] > git rev-parse --show-toplevel [2ms]
2025-05-25 05:13:18.262 [info] > git rev-parse --show-toplevel [15ms]
2025-05-25 05:13:18.275 [info] > git rev-parse --show-toplevel [2ms]
2025-05-25 05:13:18.280 [info] > git rev-parse --show-toplevel [1ms]
2025-05-25 05:13:18.290 [info] > git rev-parse --show-toplevel [1ms]
2025-05-25 05:13:18.298 [info] > git rev-parse --show-toplevel [2ms]
2025-05-25 05:13:18.304 [info] > git rev-parse --show-toplevel [2ms]
2025-05-25 05:13:18.414 [info] > git rev-parse --show-toplevel [105ms]
2025-05-25 05:13:18.423 [info] > git rev-parse --show-toplevel [3ms]
2025-05-25 05:13:18.432 [info] > git rev-parse --show-toplevel [3ms]
2025-05-25 05:13:18.449 [info] > git rev-parse --show-toplevel [3ms]
2025-05-25 05:13:18.458 [info] > git rev-parse --show-toplevel [2ms]
2025-05-25 05:13:18.472 [info] > git rev-parse --show-toplevel [6ms]
2025-05-25 05:13:18.632 [info] > git rev-parse --show-toplevel [137ms]
2025-05-25 05:13:18.640 [info] [Model][doInitialScan] Initial repository scan completed - repositories (1), closed repositories (0), parent repositories (0), unsafe repositories (0)
2025-05-25 05:13:18.733 [info] > git show --textconv :client/src/components/child-bonus-wheel.tsx [61ms]
2025-05-25 05:13:18.734 [info] > git ls-files --stage -- client/src/components/child-bonus-wheel.tsx [16ms]
2025-05-25 05:13:18.769 [info] > git config --get commit.template [37ms]
2025-05-25 05:13:18.770 [info] > git cat-file -s a92abdbe6fe05aa3e5ce98ff72981329c50134f4 [4ms]
2025-05-25 05:13:18.780 [info] > git for-each-ref --format=%(refname)%00%(upstream:short)%00%(objectname)%00%(upstream:track)%00%(upstream:remotename)%00%(upstream:remoteref) refs/heads/feat/auth-lockdown refs/remotes/feat/auth-lockdown [3ms]
2025-05-25 05:13:18.813 [info] > git status -z -uall [19ms]
2025-05-25 05:13:18.815 [info] > git for-each-ref --sort -committerdate --format %(refname)%00%(objectname)%00%(*objectname) [8ms]
