2025-05-23 20:49:51.248 [warning] /home/runner/.ssh/config: ENOENT: no such file or directory, open '/home/runner/.ssh/config'
2025-05-23 20:49:51.248 [info] [Activation] Extension version: 0.111.2025052204
2025-05-23 20:49:52.630 [info] [Authentication] Creating hub for .com
2025-05-23 20:49:53.032 [info] [Activation] Looking for git repository
2025-05-23 20:49:53.032 [info] [Activation] Found 0 repositories during activation
2025-05-23 20:49:53.032 [info] [Activation] Git repository found, initializing review manager and pr tree view.
2025-05-23 20:49:53.037 [info] [GitAPI] Registering git provider
2025-05-23 20:49:53.037 [info] [Review+0] Validate state in progress
2025-05-23 20:49:53.037 [info] [Review+0] Validating state...
2025-05-23 20:49:53.141 [info] [Activation] Repo state for file:///home/runner/workspace changed.
2025-05-23 20:49:53.141 [info] [Activation] Repo file:///home/runner/workspace has already been setup.
2025-05-23 20:49:53.180 [info] [FolderRepositoryManager+0] Found GitHub remote for folder /home/runner/workspace
2025-05-23 20:49:53.471 [info] [FolderRepositoryManager+0] Trying to use globalState for assignableUsers.
2025-05-23 20:49:53.647 [info] [Review+0] No matching pull request metadata found locally for current branch feat/auth-lockdown
2025-05-23 20:49:53.666 [info] [Review+0] No matching pull request metadata found on GitHub for current branch feat/auth-lockdown
2025-05-23 20:49:53.964 [info] [FolderRepositoryManager+0] Using globalState assignableUsers for 1.
2025-05-23 21:16:42.634 [info] [Review+0] Validate state in progress
2025-05-23 21:16:42.634 [info] [Review+0] Validating state...
2025-05-23 21:16:42.990 [info] [FolderRepositoryManager+0] Found GitHub remote for folder /home/runner/workspace
2025-05-23 21:16:42.991 [info] [FolderRepositoryManager+0] Using in-memory cached assignable users.
2025-05-23 21:16:43.015 [info] [Review+0] No matching pull request metadata found locally for current branch feat/auth-lockdown
2025-05-23 21:16:43.045 [info] [Review+0] No matching pull request metadata found on GitHub for current branch feat/auth-lockdown
